2026-04-02 12:21:53.250 [restartedMain] INFO  c.g.api.GymProFitApiApplication.logStarting - Starting GymProFitApiApplication using Java 21.0.10 with PID 11576 (C:\Users\ruben\Desktop\TFG\TFG-GymProFit\api\gymprofit-api\target\classes started by ruben in C:\Users\ruben\Desktop\TFG\TFG-GymProFit\api\gymprofit-api)
2026-04-02 12:21:53.251 [restartedMain] DEBUG c.g.api.GymProFitApiApplication.logStarting - Running with Spring Boot v3.5.7, Spring v6.2.12
2026-04-02 12:21:53.252 [restartedMain] INFO  c.g.api.GymProFitApiApplication.logStartupProfileInfo - The following 1 profile is active: "dev"
2026-04-02 12:21:53.301 [restartedMain] INFO  o.s.b.d.e.DevToolsPropertyDefaultsPostProcessor.log - Devtools property defaults active! Set 'spring.devtools.add-properties' to 'false' to disable
2026-04-02 12:21:53.303 [restartedMain] INFO  o.s.b.d.e.DevToolsPropertyDefaultsPostProcessor.log - For additional web related logging consider setting the 'logging.level.web' property to 'DEBUG'
2026-04-02 12:21:54.054 [restartedMain] INFO  o.s.d.r.c.RepositoryConfigurationDelegate.registerRepositoriesIn - Bootstrapping Spring Data JPA repositories in DEFAULT mode.
2026-04-02 12:21:54.133 [restartedMain] INFO  o.s.d.r.c.RepositoryConfigurationDelegate.registerRepositoriesIn - Finished Spring Data repository scanning in 71 ms. Found 13 JPA repository interfaces.
2026-04-02 12:21:54.662 [restartedMain] INFO  o.s.b.w.e.tomcat.TomcatWebServer.initialize - Tomcat initialized with port 8080 (http)
2026-04-02 12:21:54.674 [restartedMain] INFO  o.a.catalina.core.StandardService.log - Starting service [Tomcat]
2026-04-02 12:21:54.675 [restartedMain] INFO  o.a.catalina.core.StandardEngine.log - Starting Servlet engine: [Apache Tomcat/10.1.48]
2026-04-02 12:21:54.708 [restartedMain] INFO  o.a.c.c.C.[Tomcat].[localhost].[/].log - Initializing Spring embedded WebApplicationContext
2026-04-02 12:21:54.709 [restartedMain] INFO  o.s.b.w.s.c.ServletWebServerApplicationContext.prepareWebApplicationContext - Root WebApplicationContext: initialization completed in 1405 ms
2026-04-02 12:21:54.909 [restartedMain] INFO  com.zaxxer.hikari.HikariDataSource.getConnection - HikariPool-1 - Starting...
2026-04-02 12:21:54.977 [restartedMain] INFO  com.zaxxer.hikari.pool.HikariPool.checkFailFast - HikariPool-1 - Added connection org.mariadb.jdbc.Connection@2784dfb
2026-04-02 12:21:54.979 [restartedMain] INFO  com.zaxxer.hikari.HikariDataSource.getConnection - HikariPool-1 - Start completed.
2026-04-02 12:21:54.990 [restartedMain] INFO  o.f.c.i.r.ResourceNameValidator.info - 3 SQL migrations were detected but not run because they did not follow the filename convention.
2026-04-02 12:21:54.991 [restartedMain] INFO  o.f.c.i.r.ResourceNameValidator.info - Set 'validateMigrationNaming' to true to fail fast and see a list of the invalid file names.
2026-04-02 12:21:55.000 [restartedMain] WARN  o.m.jdbc.message.server.ErrorPacket.warn - Error: 1193-HY000: Unknown system variable 'WSREP_ON'
2026-04-02 12:21:55.035 [restartedMain] INFO  org.flywaydb.core.FlywayExecutor.info - Database: jdbc:mariadb://localhost:3308/gymprofit_db?user=root&password=********&useUnicode=true&characterEncoding=UTF-8 (MariaDB 11.8)
2026-04-02 12:21:55.044 [restartedMain] WARN  o.f.c.i.database.base.Database.warn - Using MariaDB 11.8 which is newer than the version Flyway has been verified with. The latest verified version of MariaDB is 11.7.
2026-04-02 12:21:55.064 [restartedMain] INFO  o.f.c.i.s.JdbcTableSchemaHistory.info - Repair of failed migration in Schema History table `gymprofit_db`.`flyway_schema_history` not necessary. No failed migration detected.
2026-04-02 12:21:55.070 [restartedMain] INFO  o.f.core.internal.command.DbRepair.info - Successfully repaired schema history table `gymprofit_db`.`flyway_schema_history` (execution time 00:00.014s).
2026-04-02 12:21:55.074 [restartedMain] INFO  o.f.c.i.r.ResourceNameValidator.info - 3 SQL migrations were detected but not run because they did not follow the filename convention.
2026-04-02 12:21:55.076 [restartedMain] INFO  o.f.c.i.r.ResourceNameValidator.info - Set 'validateMigrationNaming' to true to fail fast and see a list of the invalid file names.
2026-04-02 12:21:55.076 [restartedMain] WARN  o.m.jdbc.message.server.ErrorPacket.warn - Error: 1193-HY000: Unknown system variable 'WSREP_ON'
2026-04-02 12:21:55.091 [restartedMain] WARN  o.f.c.i.database.base.Database.warn - Using MariaDB 11.8 which is newer than the version Flyway has been verified with. The latest verified version of MariaDB is 11.7.
2026-04-02 12:21:55.097 [restartedMain] INFO  o.f.core.internal.command.DbValidate.info - Successfully validated 0 migrations (execution time 00:00.002s)
2026-04-02 12:21:55.097 [restartedMain] WARN  o.f.core.internal.command.DbValidate.warn - No migrations found. Are your locations set up correctly?
2026-04-02 12:21:55.106 [restartedMain] INFO  o.f.core.internal.command.DbMigrate.info - Current version of schema `gymprofit_db`: << Empty Schema >>
2026-04-02 12:21:55.109 [restartedMain] INFO  o.f.core.internal.command.DbMigrate.info - Schema `gymprofit_db` is up to date. No migration necessary.
2026-04-02 12:21:55.114 [restartedMain] INFO  o.f.c.i.r.ResourceNameValidator.info - 3 SQL migrations were detected but not run because they did not follow the filename convention.
2026-04-02 12:21:55.114 [restartedMain] INFO  o.f.c.i.r.ResourceNameValidator.info - Set 'validateMigrationNaming' to true to fail fast and see a list of the invalid file names.
2026-04-02 12:21:55.115 [restartedMain] WARN  o.m.jdbc.message.server.ErrorPacket.warn - Error: 1193-HY000: Unknown system variable 'WSREP_ON'
2026-04-02 12:21:55.128 [restartedMain] WARN  o.f.c.i.database.base.Database.warn - Using MariaDB 11.8 which is newer than the version Flyway has been verified with. The latest verified version of MariaDB is 11.7.
2026-04-02 12:21:55.134 [restartedMain] INFO  o.f.core.internal.command.DbValidate.info - Successfully validated 0 migrations (execution time 00:00.002s)
2026-04-02 12:21:55.134 [restartedMain] WARN  o.f.core.internal.command.DbValidate.warn - No migrations found. Are your locations set up correctly?
2026-04-02 12:21:55.137 [restartedMain] INFO  o.f.core.internal.command.DbMigrate.info - Current version of schema `gymprofit_db`: << Empty Schema >>
2026-04-02 12:21:55.138 [restartedMain] INFO  o.f.core.internal.command.DbMigrate.info - Schema `gymprofit_db` is up to date. No migration necessary.
2026-04-02 12:21:55.428 [restartedMain] INFO  o.s.o.j.p.SpringPersistenceUnitInfo.addTransformer - No LoadTimeWeaver setup: ignoring JPA class transformer
2026-04-02 12:21:55.468 [restartedMain] WARN  org.hibernate.orm.deprecation.constructDialect - HHH90000025: MariaDBDialect does not need to be specified explicitly using 'hibernate.dialect' (remove the property setting and it will be selected by default)
2026-04-02 12:21:56.336 [restartedMain] INFO  o.s.o.j.LocalContainerEntityManagerFactoryBean.buildNativeEntityManagerFactory - Initialized JPA EntityManagerFactory for persistence unit 'default'
2026-04-02 12:21:56.679 [restartedMain] INFO  o.s.d.j.r.query.QueryEnhancerFactory.<clinit> - Hibernate is in classpath; If applicable, HQL parser will be used.
2026-04-02 12:21:57.272 [restartedMain] WARN  o.s.b.a.o.j.JpaBaseConfiguration$JpaWebConfiguration.openEntityManagerInViewInterceptor - spring.jpa.open-in-view is enabled by default. Therefore, database queries may be performed during view rendering. Explicitly configure spring.jpa.open-in-view to disable this warning
2026-04-02 12:21:57.571 [restartedMain] DEBUG o.s.w.s.m.m.a.RequestMappingHandlerMapping.handlerMethodsInitialized - 151 mappings in 'requestMappingHandlerMapping'
2026-04-02 12:21:57.664 [restartedMain] DEBUG o.s.w.s.h.SimpleUrlHandlerMapping.logMappings - Patterns [/webjars/**, /**, /swagger-ui/**, /swagger-ui/*swagger-initializer.js, /webjars/*swagger-ui/**, /webjars/*swagger-ui/*swagger-initializer.js, /webjars/*swagger-ui/5.31.0/*swagger-initializer.js] in 'resourceHandlerMapping'
2026-04-02 12:21:57.709 [restartedMain] WARN  o.s.b.a.s.s.UserDetailsServiceAutoConfiguration.getOrDeducePassword - 

Using generated security password: b8b0fdc2-146f-4642-a513-809fbe0b2d93

This generated password is for development use only. Your security configuration must be updated before running your application in production.

2026-04-02 12:21:57.714 [restartedMain] INFO  o.s.s.c.a.a.c.InitializeUserDetailsBeanManagerConfigurer$InitializeUserDetailsManagerConfigurer.configure - Global AuthenticationManager configured with UserDetailsService bean with name inMemoryUserDetailsManager
2026-04-02 12:21:57.880 [restartedMain] DEBUG o.s.w.s.m.m.a.RequestMappingHandlerAdapter.initControllerAdviceCache - ControllerAdvice beans: 0 @ModelAttribute, 0 @InitBinder, 1 RequestBodyAdvice, 1 ResponseBodyAdvice
2026-04-02 12:21:57.918 [restartedMain] DEBUG o.s.w.s.m.m.a.ExceptionHandlerExceptionResolver.initExceptionHandlerAdviceCache - ControllerAdvice beans: 3 @ExceptionHandler, 1 ResponseBodyAdvice
2026-04-02 12:21:57.938 [restartedMain] DEBUG o.s.w.s.m.m.a.ExceptionHandlerExceptionResolver.initExceptionHandlerAdviceCache - ControllerAdvice beans: 3 @ExceptionHandler, 0 ResponseBodyAdvice
2026-04-02 12:21:58.673 [restartedMain] INFO  o.s.b.d.a.OptionalLiveReloadServer.startServer - LiveReload server is running on port 35729
2026-04-02 12:21:58.742 [restartedMain] INFO  o.s.b.w.e.tomcat.TomcatWebServer.start - Tomcat started on port 8080 (http) with context path '/'
2026-04-02 12:21:58.751 [restartedMain] INFO  c.g.api.GymProFitApiApplication.logStarted - Started GymProFitApiApplication in 5.925 seconds (process running for 6.468)
2026-04-02 12:21:58.753 [restartedMain] WARN  o.s.c.events.SpringDocAppInitializer.init - SpringDoc /v3/api-docs endpoint is enabled by default. To disable it in production, set the property 'springdoc.api-docs.enabled=false'
2026-04-02 12:21:58.753 [restartedMain] WARN  o.s.c.events.SpringDocAppInitializer.init - SpringDoc /swagger-ui.html endpoint is enabled by default. To disable it in production, set the property 'springdoc.swagger-ui.enabled=false'
2026-04-02 12:22:04.932 [http-nio-8080-exec-1] INFO  o.a.c.c.C.[Tomcat].[localhost].[/].log - Initializing Spring DispatcherServlet 'dispatcherServlet'
2026-04-02 12:22:04.932 [http-nio-8080-exec-1] INFO  o.s.web.servlet.DispatcherServlet.initServletBean - Initializing Servlet 'dispatcherServlet'
2026-04-02 12:22:04.932 [http-nio-8080-exec-1] DEBUG o.s.web.servlet.DispatcherServlet.initMultipartResolver - Detected StandardServletMultipartResolver
2026-04-02 12:22:04.932 [http-nio-8080-exec-1] DEBUG o.s.web.servlet.DispatcherServlet.initLocaleResolver - Detected AcceptHeaderLocaleResolver
2026-04-02 12:22:04.932 [http-nio-8080-exec-1] DEBUG o.s.web.servlet.DispatcherServlet.initThemeResolver - Detected FixedThemeResolver
2026-04-02 12:22:04.932 [http-nio-8080-exec-1] DEBUG o.s.web.servlet.DispatcherServlet.initRequestToViewNameTranslator - Detected org.springframework.web.servlet.view.DefaultRequestToViewNameTranslator@6b49a85a
2026-04-02 12:22:04.932 [http-nio-8080-exec-1] DEBUG o.s.web.servlet.DispatcherServlet.initFlashMapManager - Detected org.springframework.web.servlet.support.SessionFlashMapManager@78e5447a
2026-04-02 12:22:04.932 [http-nio-8080-exec-1] DEBUG o.s.web.servlet.DispatcherServlet.initServletBean - enableLoggingRequestDetails='false': request parameters and headers will be masked to prevent unsafe logging of potentially sensitive data
2026-04-02 12:22:04.932 [http-nio-8080-exec-1] INFO  o.s.web.servlet.DispatcherServlet.initServletBean - Completed initialization in 0 ms
2026-04-02 12:22:04.997 [http-nio-8080-exec-1] DEBUG o.s.web.servlet.DispatcherServlet.traceDebug - GET "/swagger-ui/index.html", parameters={}
2026-04-02 12:22:05.014 [http-nio-8080-exec-1] DEBUG o.s.w.s.h.SimpleUrlHandlerMapping.getHandler - Mapped to ResourceHttpRequestHandler [classpath [META-INF/resources/webjars/swagger-ui/5.31.0/]]
2026-04-02 12:22:05.046 [http-nio-8080-exec-1] DEBUG o.s.web.servlet.DispatcherServlet.logResult - Completed 200 OK
2026-04-02 12:22:05.095 [http-nio-8080-exec-5] DEBUG o.s.web.servlet.DispatcherServlet.traceDebug - GET "/swagger-ui/swagger-initializer.js", parameters={}
2026-04-02 12:22:05.095 [http-nio-8080-exec-6] DEBUG o.s.web.servlet.DispatcherServlet.traceDebug - GET "/swagger-ui/swagger-ui-standalone-preset.js", parameters={}
2026-04-02 12:22:05.095 [http-nio-8080-exec-5] DEBUG o.s.w.s.h.SimpleUrlHandlerMapping.getHandler - Mapped to ResourceHttpRequestHandler [classpath [META-INF/resources/webjars/swagger-ui/5.31.0/]]
2026-04-02 12:22:05.095 [http-nio-8080-exec-3] DEBUG o.s.web.servlet.DispatcherServlet.traceDebug - GET "/swagger-ui/index.css", parameters={}
2026-04-02 12:22:05.095 [http-nio-8080-exec-6] DEBUG o.s.w.s.h.SimpleUrlHandlerMapping.getHandler - Mapped to ResourceHttpRequestHandler [classpath [META-INF/resources/webjars/swagger-ui/5.31.0/]]
2026-04-02 12:22:05.095 [http-nio-8080-exec-2] DEBUG o.s.web.servlet.DispatcherServlet.traceDebug - GET "/swagger-ui/swagger-ui.css", parameters={}
2026-04-02 12:22:05.095 [http-nio-8080-exec-3] DEBUG o.s.w.s.h.SimpleUrlHandlerMapping.getHandler - Mapped to ResourceHttpRequestHandler [classpath [META-INF/resources/webjars/swagger-ui/5.31.0/]]
2026-04-02 12:22:05.095 [http-nio-8080-exec-4] DEBUG o.s.web.servlet.DispatcherServlet.traceDebug - GET "/swagger-ui/swagger-ui-bundle.js", parameters={}
2026-04-02 12:22:05.095 [http-nio-8080-exec-4] DEBUG o.s.w.s.h.SimpleUrlHandlerMapping.getHandler - Mapped to ResourceHttpRequestHandler [classpath [META-INF/resources/webjars/swagger-ui/5.31.0/]]
2026-04-02 12:22:05.103 [http-nio-8080-exec-2] DEBUG o.s.w.s.h.SimpleUrlHandlerMapping.getHandler - Mapped to ResourceHttpRequestHandler [classpath [META-INF/resources/webjars/swagger-ui/5.31.0/]]
2026-04-02 12:22:05.105 [http-nio-8080-exec-3] DEBUG o.s.web.servlet.DispatcherServlet.logResult - Completed 200 OK
2026-04-02 12:22:05.114 [http-nio-8080-exec-6] DEBUG o.s.web.servlet.DispatcherServlet.logResult - Completed 200 OK
2026-04-02 12:22:05.119 [http-nio-8080-exec-2] DEBUG o.s.web.servlet.DispatcherServlet.logResult - Completed 200 OK
2026-04-02 12:22:05.128 [http-nio-8080-exec-5] DEBUG o.s.web.servlet.DispatcherServlet.logResult - Completed 200 OK
2026-04-02 12:22:05.136 [http-nio-8080-exec-4] DEBUG o.s.web.servlet.DispatcherServlet.logResult - Completed 200 OK
2026-04-02 12:22:05.260 [http-nio-8080-exec-7] DEBUG o.s.web.servlet.DispatcherServlet.traceDebug - GET "/v3/api-docs/swagger-config", parameters={}
2026-04-02 12:22:05.260 [http-nio-8080-exec-7] DEBUG o.s.w.s.m.m.a.RequestMappingHandlerMapping.getHandler - Mapped to org.springdoc.webmvc.ui.SwaggerConfigResource#openapiJson(HttpServletRequest)
2026-04-02 12:22:05.283 [http-nio-8080-exec-7] DEBUG o.s.w.s.m.m.a.RequestResponseBodyMethodProcessor.writeWithMessageConverters - Using 'application/json', given [*/*] and supported [application/json]
2026-04-02 12:22:05.283 [http-nio-8080-exec-7] DEBUG o.s.w.s.m.m.a.RequestResponseBodyMethodProcessor.traceDebug - Writing [{configUrl=/v3/api-docs/swagger-config, oauth2RedirectUrl=http://localhost:8080/swagger-ui/oauth2-re (truncated)...]
2026-04-02 12:22:05.291 [http-nio-8080-exec-7] DEBUG o.s.web.servlet.DispatcherServlet.logResult - Completed 200 OK
2026-04-02 12:22:05.299 [http-nio-8080-exec-8] DEBUG o.s.web.servlet.DispatcherServlet.traceDebug - GET "/swagger-ui/favicon-32x32.png", parameters={}
2026-04-02 12:22:05.299 [http-nio-8080-exec-8] DEBUG o.s.w.s.h.SimpleUrlHandlerMapping.getHandler - Mapped to ResourceHttpRequestHandler [classpath [META-INF/resources/webjars/swagger-ui/5.31.0/]]
2026-04-02 12:22:05.299 [http-nio-8080-exec-8] DEBUG o.s.web.servlet.DispatcherServlet.logResult - Completed 200 OK
2026-04-02 12:22:05.323 [http-nio-8080-exec-10] DEBUG o.s.web.servlet.DispatcherServlet.traceDebug - GET "/v3/api-docs", parameters={}
2026-04-02 12:22:05.323 [http-nio-8080-exec-10] DEBUG o.s.w.s.m.m.a.RequestMappingHandlerMapping.getHandler - Mapped to org.springdoc.webmvc.api.OpenApiWebMvcResource#openapiJson(HttpServletRequest, String, Locale)
2026-04-02 12:22:05.323 [http-nio-8080-exec-9] DEBUG o.s.web.servlet.DispatcherServlet.traceDebug - GET "/swagger-ui/favicon-32x32.png", parameters={}
2026-04-02 12:22:05.323 [http-nio-8080-exec-9] DEBUG o.s.w.s.h.SimpleUrlHandlerMapping.getHandler - Mapped to ResourceHttpRequestHandler [classpath [META-INF/resources/webjars/swagger-ui/5.31.0/]]
2026-04-02 12:22:05.331 [http-nio-8080-exec-9] DEBUG o.s.web.servlet.DispatcherServlet.logResult - Completed 200 OK
2026-04-02 12:22:07.015 [http-nio-8080-exec-10] INFO  o.s.api.AbstractOpenApiResource.getOpenApi - Init duration for springdoc-openapi is: 1673 ms
2026-04-02 12:22:07.065 [http-nio-8080-exec-10] DEBUG o.s.w.s.m.m.a.RequestResponseBodyMethodProcessor.writeWithMessageConverters - Using 'application/json', given [application/json, */*] and supported [application/json]
2026-04-02 12:22:07.083 [http-nio-8080-exec-10] DEBUG o.s.w.s.m.m.a.RequestResponseBodyMethodProcessor.traceDebug - Writing [{123, 34, 111, 112, 101, 110, 97, 112, 105, 34, 58, 34, 51, 46, 49, 46, 48, 34, 44, 34, 105, 110, 10 (truncated)...]
2026-04-02 12:22:07.090 [http-nio-8080-exec-10] DEBUG o.s.web.servlet.DispatcherServlet.logResult - Completed 200 OK
2026-04-02 12:22:27.084 [http-nio-8080-exec-1] DEBUG o.s.web.servlet.DispatcherServlet.traceDebug - POST "/api/mediciones-corporales", parameters={}
2026-04-02 12:22:27.086 [http-nio-8080-exec-1] DEBUG o.s.w.s.m.m.a.RequestMappingHandlerMapping.getHandler - Mapped to com.gymprofit.api.controller.MedicionCorporalController#guardarMedicionCorporal(MedicionCorporalCreateDTO)
2026-04-02 12:22:27.093 [http-nio-8080-exec-1] DEBUG o.s.w.s.m.m.a.RequestResponseBodyMethodProcessor.traceDebug - Read "application/json;charset=UTF-8" to [MedicionCorporalCreateDTO(usuarioId=1, peso=75.50, altura=1.75, grasaCorporal=18.50, masaMuscular=35 (truncated)...]
2026-04-02 12:22:27.123 [http-nio-8080-exec-1] INFO  c.g.a.s.m.MedicionCorporalService.save - Creando nueva medición corporal para usuario id: 1
2026-04-02 12:22:27.159 [http-nio-8080-exec-1] DEBUG org.hibernate.SQL.logStatement - 
    select
        u1_0.id,
        u1_0.activo,
        u1_0.altura,
        u1_0.edad,
        u1_0.email,
        u1_0.fecha_registro,
        u1_0.nivel_experiencia,
        u1_0.objetivo,
        u1_0.password,
        u1_0.peso,
        u1_0.username 
    from
        usuarios u1_0 
    where
        u1_0.id=?
2026-04-02 12:22:27.234 [http-nio-8080-exec-1] DEBUG org.hibernate.SQL.logStatement - 
    insert 
    into
        mediciones_corporales
        (altura, brazos, cintura, fecha, grasa_corporal, imc, masa_muscular, notas, pecho, peso, piernas, usuario_id) 
    values
        (?, ?, ?, ?, ?, ?, ?, ?, ?, ?, ?, ?)
2026-04-02 12:22:27.373 [http-nio-8080-exec-1] DEBUG org.hibernate.SQL.logStatement - 
    select
        mc1_0.id,
        mc1_0.altura,
        mc1_0.brazos,
        mc1_0.cintura,
        mc1_0.fecha,
        mc1_0.grasa_corporal,
        mc1_0.imc,
        mc1_0.masa_muscular,
        mc1_0.notas,
        mc1_0.pecho,
        mc1_0.peso,
        mc1_0.piernas,
        mc1_0.usuario_id 
    from
        mediciones_corporales mc1_0 
    left join
        usuarios u1_0 
            on u1_0.id=mc1_0.usuario_id 
    where
        u1_0.id=? 
    order by
        mc1_0.fecha desc
2026-04-02 12:22:27.397 [http-nio-8080-exec-1] DEBUG o.s.w.s.m.m.a.HttpEntityMethodProcessor.writeWithMessageConverters - Using 'application/hal+json', given [application/hal+json] and supported [application/json, application/*+json, application/yaml]
2026-04-02 12:22:27.406 [http-nio-8080-exec-1] DEBUG o.s.w.s.m.m.a.HttpEntityMethodProcessor.traceDebug - Writing [MedicionCorporalDTO(id=7, usuarioId=1, fecha=2026-04-02T12:22:27.208145900, peso=75.50, altura=1.75, (truncated)...]
2026-04-02 12:22:27.413 [http-nio-8080-exec-1] DEBUG o.s.web.servlet.DispatcherServlet.logResult - Completed 200 OK
2026-04-02 12:22:31.810 [SpringApplicationShutdownHook] INFO  o.s.b.w.e.tomcat.GracefulShutdown.shutDownGracefully - Commencing graceful shutdown. Waiting for active requests to complete
2026-04-02 12:22:31.822 [tomcat-shutdown] INFO  o.s.b.w.e.tomcat.GracefulShutdown.doShutdown - Graceful shutdown complete
2026-04-02 12:22:31.840 [SpringApplicationShutdownHook] INFO  o.s.o.j.LocalContainerEntityManagerFactoryBean.destroy - Closing JPA EntityManagerFactory for persistence unit 'default'
2026-04-02 12:22:31.850 [SpringApplicationShutdownHook] INFO  com.zaxxer.hikari.HikariDataSource.close - HikariPool-1 - Shutdown initiated...
2026-04-02 12:22:31.854 [SpringApplicationShutdownHook] INFO  com.zaxxer.hikari.HikariDataSource.close - HikariPool-1 - Shutdown completed.
