2026-04-13 12:36:30.095 [restartedMain] INFO  c.g.api.GymProFitApiApplication.logStarting - Starting GymProFitApiApplication using Java 21.0.10 with PID 3268 (C:\Users\ruben\Desktop\TFG\TFG-GymProFit\api\gymprofit-api\target\classes started by ruben in C:\Users\ruben\Desktop\TFG\TFG-GymProFit\api\gymprofit-api)
2026-04-13 12:36:30.098 [restartedMain] DEBUG c.g.api.GymProFitApiApplication.logStarting - Running with Spring Boot v3.5.7, Spring v6.2.12
2026-04-13 12:36:30.099 [restartedMain] INFO  c.g.api.GymProFitApiApplication.logStartupProfileInfo - The following 1 profile is active: "dev"
2026-04-13 12:36:30.162 [restartedMain] INFO  o.s.b.d.e.DevToolsPropertyDefaultsPostProcessor.log - Devtools property defaults active! Set 'spring.devtools.add-properties' to 'false' to disable
2026-04-13 12:36:30.163 [restartedMain] INFO  o.s.b.d.e.DevToolsPropertyDefaultsPostProcessor.log - For additional web related logging consider setting the 'logging.level.web' property to 'DEBUG'
2026-04-13 12:36:31.430 [restartedMain] INFO  o.s.d.r.c.RepositoryConfigurationDelegate.registerRepositoriesIn - Bootstrapping Spring Data JPA repositories in DEFAULT mode.
2026-04-13 12:36:31.565 [restartedMain] INFO  o.s.d.r.c.RepositoryConfigurationDelegate.registerRepositoriesIn - Finished Spring Data repository scanning in 125 ms. Found 14 JPA repository interfaces.
2026-04-13 12:36:32.298 [restartedMain] INFO  o.s.b.w.e.tomcat.TomcatWebServer.initialize - Tomcat initialized with port 8080 (http)
2026-04-13 12:36:32.313 [restartedMain] INFO  o.a.catalina.core.StandardService.log - Starting service [Tomcat]
2026-04-13 12:36:32.313 [restartedMain] INFO  o.a.catalina.core.StandardEngine.log - Starting Servlet engine: [Apache Tomcat/10.1.48]
2026-04-13 12:36:32.363 [restartedMain] INFO  o.a.c.c.C.[Tomcat].[localhost].[/].log - Initializing Spring embedded WebApplicationContext
2026-04-13 12:36:32.363 [restartedMain] INFO  o.s.b.w.s.c.ServletWebServerApplicationContext.prepareWebApplicationContext - Root WebApplicationContext: initialization completed in 2199 ms
2026-04-13 12:36:32.544 [restartedMain] WARN  o.s.b.a.o.j.JpaBaseConfiguration$JpaWebConfiguration.openEntityManagerInViewInterceptor - spring.jpa.open-in-view is enabled by default. Therefore, database queries may be performed during view rendering. Explicitly configure spring.jpa.open-in-view to disable this warning
2026-04-13 12:36:32.742 [restartedMain] INFO  com.zaxxer.hikari.HikariDataSource.getConnection - HikariPool-1 - Starting...
2026-04-13 12:36:32.874 [restartedMain] INFO  com.zaxxer.hikari.pool.HikariPool.checkFailFast - HikariPool-1 - Added connection org.mariadb.jdbc.Connection@6d191ed1
2026-04-13 12:36:32.875 [restartedMain] INFO  com.zaxxer.hikari.HikariDataSource.getConnection - HikariPool-1 - Start completed.
2026-04-13 12:36:32.889 [restartedMain] INFO  o.f.c.i.r.ResourceNameValidator.info - 4 SQL migrations were detected but not run because they did not follow the filename convention.
2026-04-13 12:36:32.890 [restartedMain] INFO  o.f.c.i.r.ResourceNameValidator.info - Set 'validateMigrationNaming' to true to fail fast and see a list of the invalid file names.
2026-04-13 12:36:32.899 [restartedMain] WARN  o.m.jdbc.message.server.ErrorPacket.warn - Error: 1193-HY000: Unknown system variable 'WSREP_ON'
2026-04-13 12:36:32.914 [restartedMain] INFO  org.flywaydb.core.FlywayExecutor.info - Database: jdbc:mariadb://localhost:3308/gymprofit_db?user=root&password=********&useUnicode=true&characterEncoding=UTF-8 (MariaDB 11.8)
2026-04-13 12:36:32.923 [restartedMain] WARN  o.f.c.i.database.base.Database.warn - Using MariaDB 11.8 which is newer than the version Flyway has been verified with. The latest verified version of MariaDB is 11.7.
2026-04-13 12:36:32.959 [restartedMain] INFO  o.f.c.i.s.JdbcTableSchemaHistory.info - Repair of failed migration in Schema History table `gymprofit_db`.`flyway_schema_history` not necessary. No failed migration detected.
2026-04-13 12:36:32.967 [restartedMain] INFO  o.f.core.internal.command.DbRepair.info - Successfully repaired schema history table `gymprofit_db`.`flyway_schema_history` (execution time 00:00.030s).
2026-04-13 12:36:32.974 [restartedMain] INFO  o.f.c.i.r.ResourceNameValidator.info - 4 SQL migrations were detected but not run because they did not follow the filename convention.
2026-04-13 12:36:32.974 [restartedMain] INFO  o.f.c.i.r.ResourceNameValidator.info - Set 'validateMigrationNaming' to true to fail fast and see a list of the invalid file names.
2026-04-13 12:36:32.975 [restartedMain] WARN  o.m.jdbc.message.server.ErrorPacket.warn - Error: 1193-HY000: Unknown system variable 'WSREP_ON'
2026-04-13 12:36:32.981 [restartedMain] WARN  o.f.c.i.database.base.Database.warn - Using MariaDB 11.8 which is newer than the version Flyway has been verified with. The latest verified version of MariaDB is 11.7.
2026-04-13 12:36:32.989 [restartedMain] INFO  o.f.core.internal.command.DbValidate.info - Successfully validated 0 migrations (execution time 00:00.003s)
2026-04-13 12:36:32.989 [restartedMain] WARN  o.f.core.internal.command.DbValidate.warn - No migrations found. Are your locations set up correctly?
2026-04-13 12:36:32.999 [restartedMain] INFO  o.f.core.internal.command.DbMigrate.info - Current version of schema `gymprofit_db`: << Empty Schema >>
2026-04-13 12:36:33.004 [restartedMain] INFO  o.f.core.internal.command.DbMigrate.info - Schema `gymprofit_db` is up to date. No migration necessary.
2026-04-13 12:36:33.009 [restartedMain] INFO  o.f.c.i.r.ResourceNameValidator.info - 4 SQL migrations were detected but not run because they did not follow the filename convention.
2026-04-13 12:36:33.009 [restartedMain] INFO  o.f.c.i.r.ResourceNameValidator.info - Set 'validateMigrationNaming' to true to fail fast and see a list of the invalid file names.
2026-04-13 12:36:33.009 [restartedMain] WARN  o.m.jdbc.message.server.ErrorPacket.warn - Error: 1193-HY000: Unknown system variable 'WSREP_ON'
2026-04-13 12:36:33.015 [restartedMain] WARN  o.f.c.i.database.base.Database.warn - Using MariaDB 11.8 which is newer than the version Flyway has been verified with. The latest verified version of MariaDB is 11.7.
2026-04-13 12:36:33.020 [restartedMain] INFO  o.f.core.internal.command.DbValidate.info - Successfully validated 0 migrations (execution time 00:00.002s)
2026-04-13 12:36:33.020 [restartedMain] WARN  o.f.core.internal.command.DbValidate.warn - No migrations found. Are your locations set up correctly?
2026-04-13 12:36:33.024 [restartedMain] INFO  o.f.core.internal.command.DbMigrate.info - Current version of schema `gymprofit_db`: << Empty Schema >>
2026-04-13 12:36:33.024 [restartedMain] INFO  o.f.core.internal.command.DbMigrate.info - Schema `gymprofit_db` is up to date. No migration necessary.
2026-04-13 12:36:33.541 [restartedMain] INFO  o.s.o.j.p.SpringPersistenceUnitInfo.addTransformer - No LoadTimeWeaver setup: ignoring JPA class transformer
2026-04-13 12:36:33.616 [restartedMain] WARN  org.hibernate.orm.deprecation.constructDialect - HHH90000025: MariaDBDialect does not need to be specified explicitly using 'hibernate.dialect' (remove the property setting and it will be selected by default)
2026-04-13 12:36:35.038 [restartedMain] INFO  o.s.o.j.LocalContainerEntityManagerFactoryBean.buildNativeEntityManagerFactory - Initialized JPA EntityManagerFactory for persistence unit 'default'
2026-04-13 12:36:35.655 [restartedMain] INFO  o.s.d.j.r.query.QueryEnhancerFactory.<clinit> - Hibernate is in classpath; If applicable, HQL parser will be used.
2026-04-13 12:36:36.458 [restartedMain] DEBUG o.s.w.s.m.m.a.ExceptionHandlerExceptionResolver.initExceptionHandlerAdviceCache - ControllerAdvice beans: 3 @ExceptionHandler, 1 ResponseBodyAdvice
2026-04-13 12:36:36.506 [restartedMain] DEBUG o.s.w.s.m.m.a.ExceptionHandlerExceptionResolver.initExceptionHandlerAdviceCache - ControllerAdvice beans: 3 @ExceptionHandler, 0 ResponseBodyAdvice
2026-04-13 12:36:36.585 [restartedMain] DEBUG c.g.a.c.s.JwtAuthenticationFilter.init - Filter 'jwtAuthenticationFilter' configured for use
2026-04-13 12:36:36.719 [restartedMain] INFO  o.s.s.c.a.a.c.InitializeAuthenticationProviderBeanManagerConfigurer$InitializeAuthenticationProviderManagerConfigurer.configure - Global AuthenticationManager configured with AuthenticationProvider bean with name authenticationProvider
2026-04-13 12:36:36.720 [restartedMain] WARN  o.s.s.c.a.a.c.InitializeUserDetailsBeanManagerConfigurer$InitializeUserDetailsManagerConfigurer.configure - Global AuthenticationManager configured with an AuthenticationProvider bean. UserDetailsService beans will not be used by Spring Security for automatically configuring username/password login. Consider removing the AuthenticationProvider bean. Alternatively, consider using the UserDetailsService in a manually instantiated DaoAuthenticationProvider. If the current configuration is intentional, to turn off this warning, increase the logging level of 'org.springframework.security.config.annotation.authentication.configuration.InitializeUserDetailsBeanManagerConfigurer' to ERROR
2026-04-13 12:36:37.780 [restartedMain] DEBUG o.s.w.s.m.m.a.RequestMappingHandlerMapping.handlerMethodsInitialized - 194 mappings in 'requestMappingHandlerMapping'
2026-04-13 12:36:37.827 [restartedMain] DEBUG o.s.w.s.h.SimpleUrlHandlerMapping.logMappings - Patterns [/webjars/**, /**, /swagger-ui/**, /swagger-ui/*swagger-initializer.js, /webjars/*swagger-ui/**, /webjars/*swagger-ui/*swagger-initializer.js, /webjars/*swagger-ui/5.31.0/*swagger-initializer.js] in 'resourceHandlerMapping'
2026-04-13 12:36:38.142 [restartedMain] DEBUG o.s.w.s.m.m.a.RequestMappingHandlerAdapter.initControllerAdviceCache - ControllerAdvice beans: 0 @ModelAttribute, 0 @InitBinder, 1 RequestBodyAdvice, 1 ResponseBodyAdvice
2026-04-13 12:36:38.533 [restartedMain] INFO  o.s.b.d.a.OptionalLiveReloadServer.startServer - LiveReload server is running on port 35729
2026-04-13 12:36:38.627 [restartedMain] INFO  o.s.b.w.e.tomcat.TomcatWebServer.start - Tomcat started on port 8080 (http) with context path '/'
2026-04-13 12:36:38.638 [restartedMain] INFO  c.g.api.GymProFitApiApplication.logStarted - Started GymProFitApiApplication in 9.282 seconds (process running for 10.378)
2026-04-13 12:36:38.643 [restartedMain] WARN  o.s.c.events.SpringDocAppInitializer.init - SpringDoc /v3/api-docs endpoint is enabled by default. To disable it in production, set the property 'springdoc.api-docs.enabled=false'
2026-04-13 12:36:38.643 [restartedMain] WARN  o.s.c.events.SpringDocAppInitializer.init - SpringDoc /swagger-ui.html endpoint is enabled by default. To disable it in production, set the property 'springdoc.swagger-ui.enabled=false'
2026-04-13 12:37:57.845 [SpringApplicationShutdownHook] INFO  o.s.b.w.e.tomcat.GracefulShutdown.shutDownGracefully - Commencing graceful shutdown. Waiting for active requests to complete
2026-04-13 12:37:57.853 [tomcat-shutdown] INFO  o.s.b.w.e.tomcat.GracefulShutdown.doShutdown - Graceful shutdown complete
2026-04-13 12:37:57.863 [SpringApplicationShutdownHook] INFO  o.s.o.j.LocalContainerEntityManagerFactoryBean.destroy - Closing JPA EntityManagerFactory for persistence unit 'default'
2026-04-13 12:37:57.868 [SpringApplicationShutdownHook] INFO  com.zaxxer.hikari.HikariDataSource.close - HikariPool-1 - Shutdown initiated...
2026-04-13 12:37:57.874 [SpringApplicationShutdownHook] INFO  com.zaxxer.hikari.HikariDataSource.close - HikariPool-1 - Shutdown completed.
