2026-03-26 11:28:48.532 INFO  [restartedMain] c.g.api.GymProFitApiApplication - Starting GymProFitApiApplication using Java 21.0.10 with PID 2968 (C:\Users\ruben\Desktop\TFG\TFG-GymProFit\api\gymprofit-api\target\classes started by ruben in C:\Users\ruben\Desktop\TFG\TFG-GymProFit\api\gymprofit-api)
2026-03-26 11:28:48.534 DEBUG [restartedMain] c.g.api.GymProFitApiApplication - Running with Spring Boot v3.5.7, Spring v6.2.12
2026-03-26 11:28:48.534 INFO  [restartedMain] c.g.api.GymProFitApiApplication - The following 1 profile is active: "dev"
2026-03-26 11:28:48.565 INFO  [restartedMain] o.s.b.d.e.DevToolsPropertyDefaultsPostProcessor - Devtools property defaults active! Set 'spring.devtools.add-properties' to 'false' to disable
2026-03-26 11:28:48.565 INFO  [restartedMain] o.s.b.d.e.DevToolsPropertyDefaultsPostProcessor - For additional web related logging consider setting the 'logging.level.web' property to 'DEBUG'
2026-03-26 11:28:49.556 INFO  [restartedMain] o.s.d.r.c.RepositoryConfigurationDelegate - Bootstrapping Spring Data JPA repositories in DEFAULT mode.
2026-03-26 11:28:49.643 INFO  [restartedMain] o.s.d.r.c.RepositoryConfigurationDelegate - Finished Spring Data repository scanning in 76 ms. Found 13 JPA repository interfaces.
2026-03-26 11:28:50.276 INFO  [restartedMain] o.s.b.w.e.tomcat.TomcatWebServer - Tomcat initialized with port 8080 (http)
2026-03-26 11:28:50.287 INFO  [restartedMain] o.a.coyote.http11.Http11NioProtocol - Initializing ProtocolHandler ["http-nio-8080"]
2026-03-26 11:28:50.288 INFO  [restartedMain] o.a.catalina.core.StandardService - Starting service [Tomcat]
2026-03-26 11:28:50.289 INFO  [restartedMain] o.a.catalina.core.StandardEngine - Starting Servlet engine: [Apache Tomcat/10.1.48]
2026-03-26 11:28:50.326 INFO  [restartedMain] o.a.c.c.C.[Tomcat].[localhost].[/] - Initializing Spring embedded WebApplicationContext
2026-03-26 11:28:50.327 INFO  [restartedMain] o.s.b.w.s.c.ServletWebServerApplicationContext - Root WebApplicationContext: initialization completed in 1761 ms
2026-03-26 11:28:50.576 INFO  [restartedMain] com.zaxxer.hikari.HikariDataSource - HikariPool-1 - Starting...
2026-03-26 11:28:50.710 INFO  [restartedMain] com.zaxxer.hikari.pool.HikariPool - HikariPool-1 - Added connection org.mariadb.jdbc.Connection@6713e1fc
2026-03-26 11:28:50.712 INFO  [restartedMain] com.zaxxer.hikari.HikariDataSource - HikariPool-1 - Start completed.
2026-03-26 11:28:50.723 INFO  [restartedMain] o.f.c.i.r.ResourceNameValidator - 3 SQL migrations were detected but not run because they did not follow the filename convention.
2026-03-26 11:28:50.724 INFO  [restartedMain] o.f.c.i.r.ResourceNameValidator - Set 'validateMigrationNaming' to true to fail fast and see a list of the invalid file names.
2026-03-26 11:28:50.731 WARN  [restartedMain] o.m.jdbc.message.server.ErrorPacket - Error: 1193-HY000: Unknown system variable 'WSREP_ON'
2026-03-26 11:28:50.753 INFO  [restartedMain] org.flywaydb.core.FlywayExecutor - Database: jdbc:mariadb://localhost:3308/gymprofit_db?user=root&password=********&useUnicode=true&characterEncoding=UTF-8 (MariaDB 11.8)
2026-03-26 11:28:50.761 WARN  [restartedMain] o.f.c.i.database.base.Database - Using MariaDB 11.8 which is newer than the version Flyway has been verified with. The latest verified version of MariaDB is 11.7.
2026-03-26 11:28:50.906 INFO  [restartedMain] o.f.c.i.s.JdbcTableSchemaHistory - Repair of failed migration in Schema History table `gymprofit_db`.`flyway_schema_history` not necessary. No failed migration detected.
2026-03-26 11:28:50.918 INFO  [restartedMain] o.f.core.internal.command.DbRepair - Successfully repaired schema history table `gymprofit_db`.`flyway_schema_history` (execution time 00:00.146s).
2026-03-26 11:28:50.932 INFO  [restartedMain] o.f.c.i.r.ResourceNameValidator - 3 SQL migrations were detected but not run because they did not follow the filename convention.
2026-03-26 11:28:50.932 INFO  [restartedMain] o.f.c.i.r.ResourceNameValidator - Set 'validateMigrationNaming' to true to fail fast and see a list of the invalid file names.
2026-03-26 11:28:50.933 WARN  [restartedMain] o.m.jdbc.message.server.ErrorPacket - Error: 1193-HY000: Unknown system variable 'WSREP_ON'
2026-03-26 11:28:51.001 WARN  [restartedMain] o.f.c.i.database.base.Database - Using MariaDB 11.8 which is newer than the version Flyway has been verified with. The latest verified version of MariaDB is 11.7.
2026-03-26 11:28:51.016 INFO  [restartedMain] o.f.core.internal.command.DbValidate - Successfully validated 0 migrations (execution time 00:00.006s)
2026-03-26 11:28:51.016 WARN  [restartedMain] o.f.core.internal.command.DbValidate - No migrations found. Are your locations set up correctly?
2026-03-26 11:28:51.036 INFO  [restartedMain] o.f.core.internal.command.DbMigrate - Current version of schema `gymprofit_db`: << Empty Schema >>
2026-03-26 11:28:51.046 INFO  [restartedMain] o.f.core.internal.command.DbMigrate - Schema `gymprofit_db` is up to date. No migration necessary.
2026-03-26 11:28:51.056 INFO  [restartedMain] o.f.c.i.r.ResourceNameValidator - 3 SQL migrations were detected but not run because they did not follow the filename convention.
2026-03-26 11:28:51.057 INFO  [restartedMain] o.f.c.i.r.ResourceNameValidator - Set 'validateMigrationNaming' to true to fail fast and see a list of the invalid file names.
2026-03-26 11:28:51.058 WARN  [restartedMain] o.m.jdbc.message.server.ErrorPacket - Error: 1193-HY000: Unknown system variable 'WSREP_ON'
2026-03-26 11:28:51.081 WARN  [restartedMain] o.f.c.i.database.base.Database - Using MariaDB 11.8 which is newer than the version Flyway has been verified with. The latest verified version of MariaDB is 11.7.
2026-03-26 11:28:51.089 INFO  [restartedMain] o.f.core.internal.command.DbValidate - Successfully validated 0 migrations (execution time 00:00.003s)
2026-03-26 11:28:51.090 WARN  [restartedMain] o.f.core.internal.command.DbValidate - No migrations found. Are your locations set up correctly?
2026-03-26 11:28:51.098 INFO  [restartedMain] o.f.core.internal.command.DbMigrate - Current version of schema `gymprofit_db`: << Empty Schema >>
2026-03-26 11:28:51.099 INFO  [restartedMain] o.f.core.internal.command.DbMigrate - Schema `gymprofit_db` is up to date. No migration necessary.
2026-03-26 11:28:51.664 INFO  [restartedMain] o.s.o.j.p.SpringPersistenceUnitInfo - No LoadTimeWeaver setup: ignoring JPA class transformer
2026-03-26 11:28:51.721 WARN  [restartedMain] org.hibernate.orm.deprecation - HHH90000025: MariaDBDialect does not need to be specified explicitly using 'hibernate.dialect' (remove the property setting and it will be selected by default)
2026-03-26 11:28:52.693 INFO  [restartedMain] o.s.o.j.LocalContainerEntityManagerFactoryBean - Initialized JPA EntityManagerFactory for persistence unit 'default'
2026-03-26 11:28:53.007 INFO  [restartedMain] o.s.d.j.r.query.QueryEnhancerFactory - Hibernate is in classpath; If applicable, HQL parser will be used.
2026-03-26 11:28:53.459 WARN  [restartedMain] o.s.b.a.o.j.JpaBaseConfiguration$JpaWebConfiguration - spring.jpa.open-in-view is enabled by default. Therefore, database queries may be performed during view rendering. Explicitly configure spring.jpa.open-in-view to disable this warning
2026-03-26 11:28:53.708 DEBUG [restartedMain] o.s.w.s.m.m.a.RequestMappingHandlerMapping - 128 mappings in 'requestMappingHandlerMapping'
2026-03-26 11:28:53.800 DEBUG [restartedMain] o.s.w.s.h.SimpleUrlHandlerMapping - Patterns [/webjars/**, /**, /swagger-ui/**, /swagger-ui/*swagger-initializer.js, /webjars/*swagger-ui/**, /webjars/*swagger-ui/*swagger-initializer.js, /webjars/*swagger-ui/5.31.0/*swagger-initializer.js] in 'resourceHandlerMapping'
2026-03-26 11:28:53.843 WARN  [restartedMain] o.s.b.a.s.s.UserDetailsServiceAutoConfiguration - 

Using generated security password: 90d711f3-8ce3-4ec8-a66d-3e6fe01e9d44

This generated password is for development use only. Your security configuration must be updated before running your application in production.

2026-03-26 11:28:53.848 INFO  [restartedMain] o.s.s.c.a.a.c.InitializeUserDetailsBeanManagerConfigurer$InitializeUserDetailsManagerConfigurer - Global AuthenticationManager configured with UserDetailsService bean with name inMemoryUserDetailsManager
2026-03-26 11:28:54.012 DEBUG [restartedMain] o.s.w.s.m.m.a.RequestMappingHandlerAdapter - ControllerAdvice beans: 0 @ModelAttribute, 0 @InitBinder, 1 RequestBodyAdvice, 1 ResponseBodyAdvice
2026-03-26 11:28:54.051 DEBUG [restartedMain] o.s.w.s.m.m.a.ExceptionHandlerExceptionResolver - ControllerAdvice beans: 3 @ExceptionHandler, 1 ResponseBodyAdvice
2026-03-26 11:28:54.068 DEBUG [restartedMain] o.s.w.s.m.m.a.ExceptionHandlerExceptionResolver - ControllerAdvice beans: 3 @ExceptionHandler, 0 ResponseBodyAdvice
2026-03-26 11:28:54.675 INFO  [restartedMain] o.s.b.d.a.OptionalLiveReloadServer - LiveReload server is running on port 35729
2026-03-26 11:28:54.716 INFO  [restartedMain] o.a.coyote.http11.Http11NioProtocol - Starting ProtocolHandler ["http-nio-8080"]
2026-03-26 11:28:54.731 INFO  [restartedMain] o.s.b.w.e.tomcat.TomcatWebServer - Tomcat started on port 8080 (http) with context path '/'
2026-03-26 11:28:54.738 INFO  [restartedMain] c.g.api.GymProFitApiApplication - Started GymProFitApiApplication in 6.645 seconds (process running for 8.323)
2026-03-26 11:28:54.741 WARN  [restartedMain] o.s.c.events.SpringDocAppInitializer - SpringDoc /v3/api-docs endpoint is enabled by default. To disable it in production, set the property 'springdoc.api-docs.enabled=false'
2026-03-26 11:28:54.741 WARN  [restartedMain] o.s.c.events.SpringDocAppInitializer - SpringDoc /swagger-ui.html endpoint is enabled by default. To disable it in production, set the property 'springdoc.swagger-ui.enabled=false'
2026-03-26 11:29:01.021 INFO  [http-nio-8080-exec-10] o.a.c.c.C.[Tomcat].[localhost].[/] - Initializing Spring DispatcherServlet 'dispatcherServlet'
2026-03-26 11:29:01.021 INFO  [http-nio-8080-exec-10] o.s.web.servlet.DispatcherServlet - Initializing Servlet 'dispatcherServlet'
2026-03-26 11:29:01.021 DEBUG [http-nio-8080-exec-10] o.s.web.servlet.DispatcherServlet - Detected StandardServletMultipartResolver
2026-03-26 11:29:01.021 DEBUG [http-nio-8080-exec-10] o.s.web.servlet.DispatcherServlet - Detected AcceptHeaderLocaleResolver
2026-03-26 11:29:01.021 DEBUG [http-nio-8080-exec-10] o.s.web.servlet.DispatcherServlet - Detected FixedThemeResolver
2026-03-26 11:29:01.023 DEBUG [http-nio-8080-exec-10] o.s.web.servlet.DispatcherServlet - Detected org.springframework.web.servlet.view.DefaultRequestToViewNameTranslator@a179156
2026-03-26 11:29:01.023 DEBUG [http-nio-8080-exec-10] o.s.web.servlet.DispatcherServlet - Detected org.springframework.web.servlet.support.SessionFlashMapManager@f9ff4aa
2026-03-26 11:29:01.023 DEBUG [http-nio-8080-exec-10] o.s.web.servlet.DispatcherServlet - enableLoggingRequestDetails='false': request parameters and headers will be masked to prevent unsafe logging of potentially sensitive data
2026-03-26 11:29:01.023 INFO  [http-nio-8080-exec-10] o.s.web.servlet.DispatcherServlet - Completed initialization in 2 ms
2026-03-26 11:29:01.061 DEBUG [http-nio-8080-exec-10] o.s.web.servlet.DispatcherServlet - GET "/swagger-ui/index.html", parameters={}
2026-03-26 11:29:01.066 DEBUG [http-nio-8080-exec-10] o.s.w.s.h.SimpleUrlHandlerMapping - Mapped to ResourceHttpRequestHandler [classpath [META-INF/resources/webjars/swagger-ui/5.31.0/]]
2026-03-26 11:29:01.093 DEBUG [http-nio-8080-exec-10] o.s.web.servlet.DispatcherServlet - Completed 200 OK
2026-03-26 11:29:01.104 DEBUG [http-nio-8080-exec-1] o.s.web.servlet.DispatcherServlet - GET "/swagger-ui/swagger-ui.css", parameters={}
2026-03-26 11:29:01.104 DEBUG [http-nio-8080-exec-3] o.s.web.servlet.DispatcherServlet - GET "/swagger-ui/index.css", parameters={}
2026-03-26 11:29:01.104 DEBUG [http-nio-8080-exec-4] o.s.web.servlet.DispatcherServlet - GET "/swagger-ui/swagger-ui-bundle.js", parameters={}
2026-03-26 11:29:01.105 DEBUG [http-nio-8080-exec-1] o.s.w.s.h.SimpleUrlHandlerMapping - Mapped to ResourceHttpRequestHandler [classpath [META-INF/resources/webjars/swagger-ui/5.31.0/]]
2026-03-26 11:29:01.105 DEBUG [http-nio-8080-exec-3] o.s.w.s.h.SimpleUrlHandlerMapping - Mapped to ResourceHttpRequestHandler [classpath [META-INF/resources/webjars/swagger-ui/5.31.0/]]
2026-03-26 11:29:01.105 DEBUG [http-nio-8080-exec-4] o.s.w.s.h.SimpleUrlHandlerMapping - Mapped to ResourceHttpRequestHandler [classpath [META-INF/resources/webjars/swagger-ui/5.31.0/]]
2026-03-26 11:29:01.110 DEBUG [http-nio-8080-exec-3] o.s.web.servlet.DispatcherServlet - Completed 200 OK
2026-03-26 11:29:01.112 DEBUG [http-nio-8080-exec-1] o.s.web.servlet.DispatcherServlet - Completed 200 OK
2026-03-26 11:29:01.115 DEBUG [http-nio-8080-exec-5] o.s.web.servlet.DispatcherServlet - GET "/swagger-ui/swagger-ui-standalone-preset.js", parameters={}
2026-03-26 11:29:01.115 DEBUG [http-nio-8080-exec-6] o.s.web.servlet.DispatcherServlet - GET "/swagger-ui/swagger-initializer.js", parameters={}
2026-03-26 11:29:01.115 DEBUG [http-nio-8080-exec-5] o.s.w.s.h.SimpleUrlHandlerMapping - Mapped to ResourceHttpRequestHandler [classpath [META-INF/resources/webjars/swagger-ui/5.31.0/]]
2026-03-26 11:29:01.116 DEBUG [http-nio-8080-exec-6] o.s.w.s.h.SimpleUrlHandlerMapping - Mapped to ResourceHttpRequestHandler [classpath [META-INF/resources/webjars/swagger-ui/5.31.0/]]
2026-03-26 11:29:01.122 DEBUG [http-nio-8080-exec-5] o.s.web.servlet.DispatcherServlet - Completed 200 OK
2026-03-26 11:29:01.125 DEBUG [http-nio-8080-exec-4] o.s.web.servlet.DispatcherServlet - Completed 200 OK
2026-03-26 11:29:01.130 DEBUG [http-nio-8080-exec-6] o.s.web.servlet.DispatcherServlet - Completed 200 OK
2026-03-26 11:29:01.222 DEBUG [http-nio-8080-exec-7] o.s.web.servlet.DispatcherServlet - GET "/v3/api-docs/swagger-config", parameters={}
2026-03-26 11:29:01.222 DEBUG [http-nio-8080-exec-8] o.s.web.servlet.DispatcherServlet - GET "/swagger-ui/favicon-32x32.png", parameters={}
2026-03-26 11:29:01.222 DEBUG [http-nio-8080-exec-7] o.s.w.s.m.m.a.RequestMappingHandlerMapping - Mapped to org.springdoc.webmvc.ui.SwaggerConfigResource#openapiJson(HttpServletRequest)
2026-03-26 11:29:01.223 DEBUG [http-nio-8080-exec-8] o.s.w.s.h.SimpleUrlHandlerMapping - Mapped to ResourceHttpRequestHandler [classpath [META-INF/resources/webjars/swagger-ui/5.31.0/]]
2026-03-26 11:29:01.226 DEBUG [http-nio-8080-exec-8] o.s.web.servlet.DispatcherServlet - Completed 200 OK
2026-03-26 11:29:01.239 DEBUG [http-nio-8080-exec-7] o.s.w.s.m.m.a.RequestResponseBodyMethodProcessor - Using 'application/json', given [*/*] and supported [application/json]
2026-03-26 11:29:01.243 DEBUG [http-nio-8080-exec-7] o.s.w.s.m.m.a.RequestResponseBodyMethodProcessor - Writing [{configUrl=/v3/api-docs/swagger-config, oauth2RedirectUrl=http://localhost:8080/swagger-ui/oauth2-re (truncated)...]
2026-03-26 11:29:01.251 DEBUG [http-nio-8080-exec-7] o.s.web.servlet.DispatcherServlet - Completed 200 OK
2026-03-26 11:29:01.262 DEBUG [http-nio-8080-exec-9] o.s.web.servlet.DispatcherServlet - GET "/v3/api-docs", parameters={}
2026-03-26 11:29:01.263 DEBUG [http-nio-8080-exec-9] o.s.w.s.m.m.a.RequestMappingHandlerMapping - Mapped to org.springdoc.webmvc.api.OpenApiWebMvcResource#openapiJson(HttpServletRequest, String, Locale)
2026-03-26 11:29:02.275 INFO  [http-nio-8080-exec-9] o.s.api.AbstractOpenApiResource - Init duration for springdoc-openapi is: 998 ms
2026-03-26 11:29:02.308 DEBUG [http-nio-8080-exec-9] o.s.w.s.m.m.a.RequestResponseBodyMethodProcessor - Using 'application/json', given [application/json, */*] and supported [application/json]
2026-03-26 11:29:02.312 DEBUG [http-nio-8080-exec-9] o.s.w.s.m.m.a.RequestResponseBodyMethodProcessor - Writing [{123, 34, 111, 112, 101, 110, 97, 112, 105, 34, 58, 34, 51, 46, 49, 46, 48, 34, 44, 34, 105, 110, 10 (truncated)...]
2026-03-26 11:29:02.322 DEBUG [http-nio-8080-exec-9] o.s.web.servlet.DispatcherServlet - Completed 200 OK
2026-03-26 11:29:24.772 DEBUG [http-nio-8080-exec-2] o.s.web.servlet.DispatcherServlet - POST "/api/rutinas-ejercicios", parameters={}
2026-03-26 11:29:24.772 DEBUG [http-nio-8080-exec-2] o.s.w.s.m.m.a.RequestMappingHandlerMapping - Mapped to com.gymprofit.api.controller.RutinaEjercicioController#guardarRutinaEjercicio(RutinaEjercicioCreateDTO)
2026-03-26 11:29:24.775 DEBUG [http-nio-8080-exec-2] o.s.w.s.m.m.a.RequestResponseBodyMethodProcessor - Read "application/json;charset=UTF-8" to [RutinaEjercicioCreateDTO(rutinaId=1, ejercicioId=1, series=4, repeticiones=10, pesoRecomendado=60.00 (truncated)...]
2026-03-26 11:29:24.796 INFO  [http-nio-8080-exec-2] c.g.a.s.r.RutinaEjercicioService - Añadiendo ejercicio id: 1 a rutina id: 1
2026-03-26 11:29:24.826 DEBUG [http-nio-8080-exec-2] org.hibernate.SQL - 
    select
        r1_0.id,
        r1_0.activa,
        r1_0.categoria,
        r1_0.descripcion,
        r1_0.dias_semana,
        r1_0.duracion_minutos,
        r1_0.es_predefinida,
        r1_0.fecha_creacion,
        r1_0.nivel,
        r1_0.nombre,
        r1_0.usuario_id 
    from
        rutinas r1_0 
    where
        r1_0.id=?
2026-03-26 11:29:24.857 DEBUG [http-nio-8080-exec-2] org.hibernate.SQL - 
    select
        e1_0.id,
        e1_0.activo,
        e1_0.calorias_quemadas,
        e1_0.descripcion,
        e1_0.dificultad,
        e1_0.equipo_necesario,
        e1_0.grupo_muscular,
        e1_0.imagen_url,
        e1_0.instrucciones,
        e1_0.nombre 
    from
        ejercicios e1_0 
    where
        e1_0.id=?
2026-03-26 11:29:24.865 DEBUG [http-nio-8080-exec-2] o.s.w.s.m.m.a.HttpEntityMethodProcessor - Using 'application/hal+json', given [application/hal+json] and supported [application/json, application/*+json, application/yaml]
2026-03-26 11:29:24.865 DEBUG [http-nio-8080-exec-2] o.s.w.s.m.m.a.HttpEntityMethodProcessor - Writing [RutinaEjercicioDTO(id=null, rutinaId=1, ejercicioId=1, repeticiones=10, series=4, pesoRecomendado=60 (truncated)...]
2026-03-26 11:29:24.871 DEBUG [http-nio-8080-exec-2] o.s.web.servlet.DispatcherServlet - Completed 200 OK
2026-03-26 11:29:49.846 DEBUG [http-nio-8080-exec-10] o.s.web.servlet.DispatcherServlet - GET "/api/rutinas-ejercicios", parameters={}
2026-03-26 11:29:49.846 DEBUG [http-nio-8080-exec-10] o.s.w.s.m.m.a.RequestMappingHandlerMapping - Mapped to com.gymprofit.api.controller.RutinaEjercicioController#findAll()
2026-03-26 11:29:49.847 INFO  [http-nio-8080-exec-10] c.g.a.s.r.RutinaEjercicioService - Buscando todos los ejercicios de las rutinas
2026-03-26 11:29:49.874 DEBUG [http-nio-8080-exec-10] org.hibernate.SQL - 
    select
        re1_0.id,
        re1_0.ejercicio_id,
        re1_0.notas,
        re1_0.orden,
        re1_0.peso_recomendado,
        re1_0.repeticiones,
        re1_0.rutina_id,
        re1_0.series,
        re1_0.tiempo_descanso 
    from
        rutina_ejercicio re1_0
2026-03-26 11:29:49.891 DEBUG [http-nio-8080-exec-10] o.s.w.s.m.m.a.HttpEntityMethodProcessor - Using 'application/hal+json', given [application/hal+json] and supported [application/json, application/*+json, application/yaml]
2026-03-26 11:29:49.891 DEBUG [http-nio-8080-exec-10] o.s.w.s.m.m.a.HttpEntityMethodProcessor - Writing [[]]
2026-03-26 11:29:49.891 DEBUG [http-nio-8080-exec-10] o.s.web.servlet.DispatcherServlet - Completed 200 OK
2026-03-26 11:29:59.246 DEBUG [http-nio-8080-exec-3] o.s.web.servlet.DispatcherServlet - GET "/api/rutinas-ejercicios/1", parameters={}
2026-03-26 11:29:59.246 DEBUG [http-nio-8080-exec-3] o.s.w.s.m.m.a.RequestMappingHandlerMapping - Mapped to com.gymprofit.api.controller.RutinaEjercicioController#obtenerRutinaEjercicio(Integer)
2026-03-26 11:29:59.246 INFO  [http-nio-8080-exec-3] c.g.a.s.r.RutinaEjercicioService - Buscando ejercicio de rutina por id: 1
2026-03-26 11:29:59.246 DEBUG [http-nio-8080-exec-3] org.hibernate.SQL - 
    select
        re1_0.id,
        re1_0.ejercicio_id,
        re1_0.notas,
        re1_0.orden,
        re1_0.peso_recomendado,
        re1_0.repeticiones,
        re1_0.rutina_id,
        re1_0.series,
        re1_0.tiempo_descanso 
    from
        rutina_ejercicio re1_0 
    where
        re1_0.id=?
2026-03-26 11:29:59.246 DEBUG [http-nio-8080-exec-3] o.s.w.s.m.m.a.ExceptionHandlerExceptionResolver - Using @ExceptionHandler com.gymprofit.api.exceptions.ControllerExceptionHandler#handleNotFoundEntityException(NotFoundEntityException)
2026-03-26 11:29:59.246 DEBUG [http-nio-8080-exec-3] o.s.w.s.m.m.a.HttpEntityMethodProcessor - Using 'application/hal+json', given [application/hal+json] and supported [application/json, application/*+json]
2026-03-26 11:29:59.246 DEBUG [http-nio-8080-exec-3] o.s.w.s.m.m.a.HttpEntityMethodProcessor - Writing [Response(code=404, message=El ejercicio de rutina con id 1 no existe, cause=null)]
2026-03-26 11:29:59.257 WARN  [http-nio-8080-exec-3] o.s.w.s.m.m.a.ExceptionHandlerExceptionResolver - Resolved [com.gymprofit.api.exceptions.NotFoundEntityException: El ejercicio de rutina con id 1 no existe]
2026-03-26 11:29:59.257 DEBUG [http-nio-8080-exec-3] o.s.web.servlet.DispatcherServlet - Completed 404 NOT_FOUND
2026-03-26 11:30:15.526 DEBUG [http-nio-8080-exec-4] o.s.web.servlet.DispatcherServlet - GET "/swagger-ui/index.html", parameters={}
2026-03-26 11:30:15.541 DEBUG [http-nio-8080-exec-4] o.s.w.s.h.SimpleUrlHandlerMapping - Mapped to ResourceHttpRequestHandler [classpath [META-INF/resources/webjars/swagger-ui/5.31.0/]]
2026-03-26 11:30:15.542 DEBUG [http-nio-8080-exec-4] o.s.web.servlet.DispatcherServlet - Completed 200 OK
2026-03-26 11:30:15.570 DEBUG [http-nio-8080-exec-7] o.s.web.servlet.DispatcherServlet - GET "/swagger-ui/swagger-ui-standalone-preset.js", parameters={}
2026-03-26 11:30:15.570 DEBUG [http-nio-8080-exec-6] o.s.web.servlet.DispatcherServlet - GET "/swagger-ui/swagger-ui.css", parameters={}
2026-03-26 11:30:15.570 DEBUG [http-nio-8080-exec-8] o.s.web.servlet.DispatcherServlet - GET "/swagger-ui/index.css", parameters={}
2026-03-26 11:30:15.570 DEBUG [http-nio-8080-exec-9] o.s.web.servlet.DispatcherServlet - GET "/swagger-ui/swagger-ui-bundle.js", parameters={}
2026-03-26 11:30:15.571 DEBUG [http-nio-8080-exec-7] o.s.w.s.h.SimpleUrlHandlerMapping - Mapped to ResourceHttpRequestHandler [classpath [META-INF/resources/webjars/swagger-ui/5.31.0/]]
2026-03-26 11:30:15.571 DEBUG [http-nio-8080-exec-2] o.s.web.servlet.DispatcherServlet - GET "/swagger-ui/swagger-initializer.js", parameters={}
2026-03-26 11:30:15.571 DEBUG [http-nio-8080-exec-9] o.s.w.s.h.SimpleUrlHandlerMapping - Mapped to ResourceHttpRequestHandler [classpath [META-INF/resources/webjars/swagger-ui/5.31.0/]]
2026-03-26 11:30:15.571 DEBUG [http-nio-8080-exec-6] o.s.w.s.h.SimpleUrlHandlerMapping - Mapped to ResourceHttpRequestHandler [classpath [META-INF/resources/webjars/swagger-ui/5.31.0/]]
2026-03-26 11:30:15.571 DEBUG [http-nio-8080-exec-8] o.s.w.s.h.SimpleUrlHandlerMapping - Mapped to ResourceHttpRequestHandler [classpath [META-INF/resources/webjars/swagger-ui/5.31.0/]]
2026-03-26 11:30:15.571 DEBUG [http-nio-8080-exec-2] o.s.w.s.h.SimpleUrlHandlerMapping - Mapped to ResourceHttpRequestHandler [classpath [META-INF/resources/webjars/swagger-ui/5.31.0/]]
2026-03-26 11:30:15.572 DEBUG [http-nio-8080-exec-8] o.s.web.servlet.DispatcherServlet - Completed 200 OK
2026-03-26 11:30:15.573 DEBUG [http-nio-8080-exec-6] o.s.web.servlet.DispatcherServlet - Completed 200 OK
2026-03-26 11:30:15.573 DEBUG [http-nio-8080-exec-2] o.s.web.servlet.DispatcherServlet - Completed 200 OK
2026-03-26 11:30:15.575 DEBUG [http-nio-8080-exec-7] o.s.web.servlet.DispatcherServlet - Completed 200 OK
2026-03-26 11:30:15.582 DEBUG [http-nio-8080-exec-9] o.s.web.servlet.DispatcherServlet - Completed 200 OK
2026-03-26 11:30:15.661 DEBUG [http-nio-8080-exec-10] o.s.web.servlet.DispatcherServlet - GET "/v3/api-docs/swagger-config", parameters={}
2026-03-26 11:30:15.661 DEBUG [http-nio-8080-exec-10] o.s.w.s.m.m.a.RequestMappingHandlerMapping - Mapped to org.springdoc.webmvc.ui.SwaggerConfigResource#openapiJson(HttpServletRequest)
2026-03-26 11:30:15.662 DEBUG [http-nio-8080-exec-10] o.s.w.s.m.m.a.RequestResponseBodyMethodProcessor - Using 'application/json', given [*/*] and supported [application/json]
2026-03-26 11:30:15.663 DEBUG [http-nio-8080-exec-10] o.s.w.s.m.m.a.RequestResponseBodyMethodProcessor - Writing [{configUrl=/v3/api-docs/swagger-config, oauth2RedirectUrl=http://localhost:8080/swagger-ui/oauth2-re (truncated)...]
2026-03-26 11:30:15.663 DEBUG [http-nio-8080-exec-10] o.s.web.servlet.DispatcherServlet - Completed 200 OK
2026-03-26 11:30:15.702 DEBUG [http-nio-8080-exec-3] o.s.web.servlet.DispatcherServlet - GET "/swagger-ui/favicon-32x32.png", parameters={}
2026-03-26 11:30:15.703 DEBUG [http-nio-8080-exec-3] o.s.w.s.h.SimpleUrlHandlerMapping - Mapped to ResourceHttpRequestHandler [classpath [META-INF/resources/webjars/swagger-ui/5.31.0/]]
2026-03-26 11:30:15.705 DEBUG [http-nio-8080-exec-3] o.s.web.servlet.DispatcherServlet - Completed 200 OK
2026-03-26 11:30:15.719 DEBUG [http-nio-8080-exec-1] o.s.web.servlet.DispatcherServlet - GET "/v3/api-docs", parameters={}
2026-03-26 11:30:15.719 DEBUG [http-nio-8080-exec-1] o.s.w.s.m.m.a.RequestMappingHandlerMapping - Mapped to org.springdoc.webmvc.api.OpenApiWebMvcResource#openapiJson(HttpServletRequest, String, Locale)
2026-03-26 11:30:15.719 DEBUG [http-nio-8080-exec-5] o.s.web.servlet.DispatcherServlet - GET "/swagger-ui/favicon-32x32.png", parameters={}
2026-03-26 11:30:15.724 DEBUG [http-nio-8080-exec-5] o.s.w.s.h.SimpleUrlHandlerMapping - Mapped to ResourceHttpRequestHandler [classpath [META-INF/resources/webjars/swagger-ui/5.31.0/]]
2026-03-26 11:30:15.725 DEBUG [http-nio-8080-exec-5] o.s.web.servlet.DispatcherServlet - Completed 200 OK
2026-03-26 11:30:15.726 DEBUG [http-nio-8080-exec-1] o.s.w.s.m.m.a.RequestResponseBodyMethodProcessor - Using 'application/json', given [application/json, */*] and supported [application/json]
2026-03-26 11:30:15.742 DEBUG [http-nio-8080-exec-1] o.s.w.s.m.m.a.RequestResponseBodyMethodProcessor - Writing [{123, 34, 111, 112, 101, 110, 97, 112, 105, 34, 58, 34, 51, 46, 49, 46, 48, 34, 44, 34, 105, 110, 10 (truncated)...]
2026-03-26 11:30:15.742 DEBUG [http-nio-8080-exec-1] o.s.web.servlet.DispatcherServlet - Completed 200 OK
2026-03-26 11:31:29.377 DEBUG [http-nio-8080-exec-9] o.s.web.servlet.DispatcherServlet - POST "/api/rutinas-ejercicios", parameters={}
2026-03-26 11:31:29.377 DEBUG [http-nio-8080-exec-9] o.s.w.s.m.m.a.RequestMappingHandlerMapping - Mapped to com.gymprofit.api.controller.RutinaEjercicioController#guardarRutinaEjercicio(RutinaEjercicioCreateDTO)
2026-03-26 11:31:29.377 DEBUG [http-nio-8080-exec-9] o.s.w.s.m.m.a.RequestResponseBodyMethodProcessor - Read "application/json;charset=UTF-8" to [RutinaEjercicioCreateDTO(rutinaId=1, ejercicioId=1, series=4, repeticiones=10, pesoRecomendado=60.00 (truncated)...]
2026-03-26 11:31:29.377 INFO  [http-nio-8080-exec-9] c.g.a.s.r.RutinaEjercicioService - Añadiendo ejercicio id: 1 a rutina id: 1
2026-03-26 11:31:29.381 DEBUG [http-nio-8080-exec-9] org.hibernate.SQL - 
    select
        r1_0.id,
        r1_0.activa,
        r1_0.categoria,
        r1_0.descripcion,
        r1_0.dias_semana,
        r1_0.duracion_minutos,
        r1_0.es_predefinida,
        r1_0.fecha_creacion,
        r1_0.nivel,
        r1_0.nombre,
        r1_0.usuario_id 
    from
        rutinas r1_0 
    where
        r1_0.id=?
2026-03-26 11:31:29.381 DEBUG [http-nio-8080-exec-9] org.hibernate.SQL - 
    select
        e1_0.id,
        e1_0.activo,
        e1_0.calorias_quemadas,
        e1_0.descripcion,
        e1_0.dificultad,
        e1_0.equipo_necesario,
        e1_0.grupo_muscular,
        e1_0.imagen_url,
        e1_0.instrucciones,
        e1_0.nombre 
    from
        ejercicios e1_0 
    where
        e1_0.id=?
2026-03-26 11:31:29.381 DEBUG [http-nio-8080-exec-9] o.s.w.s.m.m.a.HttpEntityMethodProcessor - Using 'application/hal+json', given [application/hal+json] and supported [application/json, application/*+json, application/yaml]
2026-03-26 11:31:29.381 DEBUG [http-nio-8080-exec-9] o.s.w.s.m.m.a.HttpEntityMethodProcessor - Writing [RutinaEjercicioDTO(id=null, rutinaId=1, ejercicioId=1, repeticiones=10, series=4, pesoRecomendado=60 (truncated)...]
2026-03-26 11:31:29.381 DEBUG [http-nio-8080-exec-9] o.s.web.servlet.DispatcherServlet - Completed 200 OK
2026-03-26 11:32:02.964 INFO  [SpringApplicationShutdownHook] o.s.b.w.e.tomcat.GracefulShutdown - Commencing graceful shutdown. Waiting for active requests to complete
2026-03-26 11:32:02.969 INFO  [tomcat-shutdown] o.s.b.w.e.tomcat.GracefulShutdown - Graceful shutdown complete
2026-03-26 11:32:02.974 INFO  [SpringApplicationShutdownHook] o.s.o.j.LocalContainerEntityManagerFactoryBean - Closing JPA EntityManagerFactory for persistence unit 'default'
2026-03-26 11:32:02.976 INFO  [SpringApplicationShutdownHook] com.zaxxer.hikari.HikariDataSource - HikariPool-1 - Shutdown initiated...
2026-03-26 11:32:02.978 INFO  [SpringApplicationShutdownHook] com.zaxxer.hikari.HikariDataSource - HikariPool-1 - Shutdown completed.
2026-03-26 11:33:48.458 INFO  [restartedMain] c.g.api.GymProFitApiApplication - Starting GymProFitApiApplication using Java 21.0.10 with PID 24896 (C:\Users\ruben\Desktop\TFG\TFG-GymProFit\api\gymprofit-api\target\classes started by ruben in C:\Users\ruben\Desktop\TFG\TFG-GymProFit\api\gymprofit-api)
2026-03-26 11:33:48.467 DEBUG [restartedMain] c.g.api.GymProFitApiApplication - Running with Spring Boot v3.5.7, Spring v6.2.12
2026-03-26 11:33:48.467 INFO  [restartedMain] c.g.api.GymProFitApiApplication - The following 1 profile is active: "dev"
2026-03-26 11:33:48.495 INFO  [restartedMain] o.s.b.d.e.DevToolsPropertyDefaultsPostProcessor - Devtools property defaults active! Set 'spring.devtools.add-properties' to 'false' to disable
2026-03-26 11:33:48.495 INFO  [restartedMain] o.s.b.d.e.DevToolsPropertyDefaultsPostProcessor - For additional web related logging consider setting the 'logging.level.web' property to 'DEBUG'
2026-03-26 11:33:49.042 INFO  [restartedMain] o.s.d.r.c.RepositoryConfigurationDelegate - Bootstrapping Spring Data JPA repositories in DEFAULT mode.
2026-03-26 11:33:49.090 INFO  [restartedMain] o.s.d.r.c.RepositoryConfigurationDelegate - Finished Spring Data repository scanning in 48 ms. Found 13 JPA repository interfaces.
2026-03-26 11:33:49.485 INFO  [restartedMain] o.s.b.w.e.tomcat.TomcatWebServer - Tomcat initialized with port 8080 (http)
2026-03-26 11:33:49.493 INFO  [restartedMain] o.a.coyote.http11.Http11NioProtocol - Initializing ProtocolHandler ["http-nio-8080"]
2026-03-26 11:33:49.494 INFO  [restartedMain] o.a.catalina.core.StandardService - Starting service [Tomcat]
2026-03-26 11:33:49.494 INFO  [restartedMain] o.a.catalina.core.StandardEngine - Starting Servlet engine: [Apache Tomcat/10.1.48]
2026-03-26 11:33:49.520 INFO  [restartedMain] o.a.c.c.C.[Tomcat].[localhost].[/] - Initializing Spring embedded WebApplicationContext
2026-03-26 11:33:49.521 INFO  [restartedMain] o.s.b.w.s.c.ServletWebServerApplicationContext - Root WebApplicationContext: initialization completed in 1025 ms
2026-03-26 11:33:49.680 INFO  [restartedMain] com.zaxxer.hikari.HikariDataSource - HikariPool-1 - Starting...
2026-03-26 11:33:49.728 INFO  [restartedMain] com.zaxxer.hikari.pool.HikariPool - HikariPool-1 - Added connection org.mariadb.jdbc.Connection@68a13573
2026-03-26 11:33:49.740 INFO  [restartedMain] com.zaxxer.hikari.HikariDataSource - HikariPool-1 - Start completed.
2026-03-26 11:33:49.750 INFO  [restartedMain] o.f.c.i.r.ResourceNameValidator - 3 SQL migrations were detected but not run because they did not follow the filename convention.
2026-03-26 11:33:49.750 INFO  [restartedMain] o.f.c.i.r.ResourceNameValidator - Set 'validateMigrationNaming' to true to fail fast and see a list of the invalid file names.
2026-03-26 11:33:49.757 WARN  [restartedMain] o.m.jdbc.message.server.ErrorPacket - Error: 1193-HY000: Unknown system variable 'WSREP_ON'
2026-03-26 11:33:49.774 INFO  [restartedMain] org.flywaydb.core.FlywayExecutor - Database: jdbc:mariadb://localhost:3308/gymprofit_db?user=root&password=********&useUnicode=true&characterEncoding=UTF-8 (MariaDB 11.8)
2026-03-26 11:33:49.778 WARN  [restartedMain] o.f.c.i.database.base.Database - Using MariaDB 11.8 which is newer than the version Flyway has been verified with. The latest verified version of MariaDB is 11.7.
2026-03-26 11:33:49.781 INFO  [restartedMain] o.f.c.i.s.JdbcTableSchemaHistory - Repair of failed migration in Schema History table `gymprofit_db`.`flyway_schema_history` not necessary. No failed migration detected.
2026-03-26 11:33:49.781 INFO  [restartedMain] o.f.core.internal.command.DbRepair - Successfully repaired schema history table `gymprofit_db`.`flyway_schema_history` (execution time 00:00.008s).
2026-03-26 11:33:49.797 INFO  [restartedMain] o.f.c.i.r.ResourceNameValidator - 3 SQL migrations were detected but not run because they did not follow the filename convention.
2026-03-26 11:33:49.797 INFO  [restartedMain] o.f.c.i.r.ResourceNameValidator - Set 'validateMigrationNaming' to true to fail fast and see a list of the invalid file names.
2026-03-26 11:33:49.797 WARN  [restartedMain] o.m.jdbc.message.server.ErrorPacket - Error: 1193-HY000: Unknown system variable 'WSREP_ON'
2026-03-26 11:33:49.803 WARN  [restartedMain] o.f.c.i.database.base.Database - Using MariaDB 11.8 which is newer than the version Flyway has been verified with. The latest verified version of MariaDB is 11.7.
2026-03-26 11:33:49.809 INFO  [restartedMain] o.f.core.internal.command.DbValidate - Successfully validated 0 migrations (execution time 00:00.001s)
2026-03-26 11:33:49.809 WARN  [restartedMain] o.f.core.internal.command.DbValidate - No migrations found. Are your locations set up correctly?
2026-03-26 11:33:49.814 INFO  [restartedMain] o.f.core.internal.command.DbMigrate - Current version of schema `gymprofit_db`: << Empty Schema >>
2026-03-26 11:33:49.816 INFO  [restartedMain] o.f.core.internal.command.DbMigrate - Schema `gymprofit_db` is up to date. No migration necessary.
2026-03-26 11:33:49.819 INFO  [restartedMain] o.f.c.i.r.ResourceNameValidator - 3 SQL migrations were detected but not run because they did not follow the filename convention.
2026-03-26 11:33:49.819 INFO  [restartedMain] o.f.c.i.r.ResourceNameValidator - Set 'validateMigrationNaming' to true to fail fast and see a list of the invalid file names.
2026-03-26 11:33:49.820 WARN  [restartedMain] o.m.jdbc.message.server.ErrorPacket - Error: 1193-HY000: Unknown system variable 'WSREP_ON'
2026-03-26 11:33:49.825 WARN  [restartedMain] o.f.c.i.database.base.Database - Using MariaDB 11.8 which is newer than the version Flyway has been verified with. The latest verified version of MariaDB is 11.7.
2026-03-26 11:33:49.827 INFO  [restartedMain] o.f.core.internal.command.DbValidate - Successfully validated 0 migrations (execution time 00:00.001s)
2026-03-26 11:33:49.827 WARN  [restartedMain] o.f.core.internal.command.DbValidate - No migrations found. Are your locations set up correctly?
2026-03-26 11:33:49.829 INFO  [restartedMain] o.f.core.internal.command.DbMigrate - Current version of schema `gymprofit_db`: << Empty Schema >>
2026-03-26 11:33:49.829 INFO  [restartedMain] o.f.core.internal.command.DbMigrate - Schema `gymprofit_db` is up to date. No migration necessary.
2026-03-26 11:33:50.060 INFO  [restartedMain] o.s.o.j.p.SpringPersistenceUnitInfo - No LoadTimeWeaver setup: ignoring JPA class transformer
2026-03-26 11:33:50.080 WARN  [restartedMain] org.hibernate.orm.deprecation - HHH90000025: MariaDBDialect does not need to be specified explicitly using 'hibernate.dialect' (remove the property setting and it will be selected by default)
2026-03-26 11:33:50.981 INFO  [restartedMain] o.s.o.j.LocalContainerEntityManagerFactoryBean - Initialized JPA EntityManagerFactory for persistence unit 'default'
2026-03-26 11:33:51.369 INFO  [restartedMain] o.s.d.j.r.query.QueryEnhancerFactory - Hibernate is in classpath; If applicable, HQL parser will be used.
2026-03-26 11:33:51.864 WARN  [restartedMain] o.s.b.a.o.j.JpaBaseConfiguration$JpaWebConfiguration - spring.jpa.open-in-view is enabled by default. Therefore, database queries may be performed during view rendering. Explicitly configure spring.jpa.open-in-view to disable this warning
2026-03-26 11:33:52.149 DEBUG [restartedMain] o.s.w.s.m.m.a.RequestMappingHandlerMapping - 128 mappings in 'requestMappingHandlerMapping'
2026-03-26 11:33:52.281 DEBUG [restartedMain] o.s.w.s.h.SimpleUrlHandlerMapping - Patterns [/webjars/**, /**, /swagger-ui/**, /swagger-ui/*swagger-initializer.js, /webjars/*swagger-ui/**, /webjars/*swagger-ui/*swagger-initializer.js, /webjars/*swagger-ui/5.31.0/*swagger-initializer.js] in 'resourceHandlerMapping'
2026-03-26 11:33:52.331 WARN  [restartedMain] o.s.b.a.s.s.UserDetailsServiceAutoConfiguration - 

Using generated security password: 76e4e2d5-ded4-43c3-9456-14f453ca7500

This generated password is for development use only. Your security configuration must be updated before running your application in production.

2026-03-26 11:33:52.347 INFO  [restartedMain] o.s.s.c.a.a.c.InitializeUserDetailsBeanManagerConfigurer$InitializeUserDetailsManagerConfigurer - Global AuthenticationManager configured with UserDetailsService bean with name inMemoryUserDetailsManager
2026-03-26 11:33:52.513 DEBUG [restartedMain] o.s.w.s.m.m.a.RequestMappingHandlerAdapter - ControllerAdvice beans: 0 @ModelAttribute, 0 @InitBinder, 1 RequestBodyAdvice, 1 ResponseBodyAdvice
2026-03-26 11:33:52.557 DEBUG [restartedMain] o.s.w.s.m.m.a.ExceptionHandlerExceptionResolver - ControllerAdvice beans: 3 @ExceptionHandler, 1 ResponseBodyAdvice
2026-03-26 11:33:52.575 DEBUG [restartedMain] o.s.w.s.m.m.a.ExceptionHandlerExceptionResolver - ControllerAdvice beans: 3 @ExceptionHandler, 0 ResponseBodyAdvice
2026-03-26 11:33:53.253 INFO  [restartedMain] o.s.b.d.a.OptionalLiveReloadServer - LiveReload server is running on port 35729
2026-03-26 11:33:53.313 INFO  [restartedMain] o.a.coyote.http11.Http11NioProtocol - Starting ProtocolHandler ["http-nio-8080"]
2026-03-26 11:33:53.314 INFO  [restartedMain] o.s.b.w.e.tomcat.TomcatWebServer - Tomcat started on port 8080 (http) with context path '/'
2026-03-26 11:33:53.330 INFO  [restartedMain] c.g.api.GymProFitApiApplication - Started GymProFitApiApplication in 5.264 seconds (process running for 5.802)
2026-03-26 11:33:53.330 WARN  [restartedMain] o.s.c.events.SpringDocAppInitializer - SpringDoc /v3/api-docs endpoint is enabled by default. To disable it in production, set the property 'springdoc.api-docs.enabled=false'
2026-03-26 11:33:53.330 WARN  [restartedMain] o.s.c.events.SpringDocAppInitializer - SpringDoc /swagger-ui.html endpoint is enabled by default. To disable it in production, set the property 'springdoc.swagger-ui.enabled=false'
2026-03-26 11:34:10.541 INFO  [http-nio-8080-exec-1] o.a.c.c.C.[Tomcat].[localhost].[/] - Initializing Spring DispatcherServlet 'dispatcherServlet'
2026-03-26 11:34:10.541 INFO  [http-nio-8080-exec-1] o.s.web.servlet.DispatcherServlet - Initializing Servlet 'dispatcherServlet'
2026-03-26 11:34:10.541 DEBUG [http-nio-8080-exec-1] o.s.web.servlet.DispatcherServlet - Detected StandardServletMultipartResolver
2026-03-26 11:34:10.541 DEBUG [http-nio-8080-exec-1] o.s.web.servlet.DispatcherServlet - Detected AcceptHeaderLocaleResolver
2026-03-26 11:34:10.541 DEBUG [http-nio-8080-exec-1] o.s.web.servlet.DispatcherServlet - Detected FixedThemeResolver
2026-03-26 11:34:10.541 DEBUG [http-nio-8080-exec-1] o.s.web.servlet.DispatcherServlet - Detected org.springframework.web.servlet.view.DefaultRequestToViewNameTranslator@1b8e03dd
2026-03-26 11:34:10.541 DEBUG [http-nio-8080-exec-1] o.s.web.servlet.DispatcherServlet - Detected org.springframework.web.servlet.support.SessionFlashMapManager@4b984ae2
2026-03-26 11:34:10.541 DEBUG [http-nio-8080-exec-1] o.s.web.servlet.DispatcherServlet - enableLoggingRequestDetails='false': request parameters and headers will be masked to prevent unsafe logging of potentially sensitive data
2026-03-26 11:34:10.541 INFO  [http-nio-8080-exec-1] o.s.web.servlet.DispatcherServlet - Completed initialization in 0 ms
2026-03-26 11:34:10.573 DEBUG [http-nio-8080-exec-1] o.s.web.servlet.DispatcherServlet - GET "/swagger-ui/index.html", parameters={}
2026-03-26 11:34:10.573 DEBUG [http-nio-8080-exec-1] o.s.w.s.h.SimpleUrlHandlerMapping - Mapped to ResourceHttpRequestHandler [classpath [META-INF/resources/webjars/swagger-ui/5.31.0/]]
2026-03-26 11:34:10.598 DEBUG [http-nio-8080-exec-1] o.s.web.servlet.DispatcherServlet - Completed 200 OK
2026-03-26 11:34:10.622 DEBUG [http-nio-8080-exec-2] o.s.web.servlet.DispatcherServlet - GET "/swagger-ui/swagger-ui.css", parameters={}
2026-03-26 11:34:10.622 DEBUG [http-nio-8080-exec-6] o.s.web.servlet.DispatcherServlet - GET "/swagger-ui/swagger-initializer.js", parameters={}
2026-03-26 11:34:10.622 DEBUG [http-nio-8080-exec-3] o.s.web.servlet.DispatcherServlet - GET "/swagger-ui/index.css", parameters={}
2026-03-26 11:34:10.622 DEBUG [http-nio-8080-exec-4] o.s.web.servlet.DispatcherServlet - GET "/swagger-ui/swagger-ui-standalone-preset.js", parameters={}
2026-03-26 11:34:10.622 DEBUG [http-nio-8080-exec-5] o.s.web.servlet.DispatcherServlet - GET "/swagger-ui/swagger-ui-bundle.js", parameters={}
2026-03-26 11:34:10.623 DEBUG [http-nio-8080-exec-2] o.s.w.s.h.SimpleUrlHandlerMapping - Mapped to ResourceHttpRequestHandler [classpath [META-INF/resources/webjars/swagger-ui/5.31.0/]]
2026-03-26 11:34:10.623 DEBUG [http-nio-8080-exec-4] o.s.w.s.h.SimpleUrlHandlerMapping - Mapped to ResourceHttpRequestHandler [classpath [META-INF/resources/webjars/swagger-ui/5.31.0/]]
2026-03-26 11:34:10.623 DEBUG [http-nio-8080-exec-3] o.s.w.s.h.SimpleUrlHandlerMapping - Mapped to ResourceHttpRequestHandler [classpath [META-INF/resources/webjars/swagger-ui/5.31.0/]]
2026-03-26 11:34:10.623 DEBUG [http-nio-8080-exec-6] o.s.w.s.h.SimpleUrlHandlerMapping - Mapped to ResourceHttpRequestHandler [classpath [META-INF/resources/webjars/swagger-ui/5.31.0/]]
2026-03-26 11:34:10.623 DEBUG [http-nio-8080-exec-5] o.s.w.s.h.SimpleUrlHandlerMapping - Mapped to ResourceHttpRequestHandler [classpath [META-INF/resources/webjars/swagger-ui/5.31.0/]]
2026-03-26 11:34:10.626 DEBUG [http-nio-8080-exec-3] o.s.web.servlet.DispatcherServlet - Completed 200 OK
2026-03-26 11:34:10.628 DEBUG [http-nio-8080-exec-2] o.s.web.servlet.DispatcherServlet - Completed 200 OK
2026-03-26 11:34:10.629 DEBUG [http-nio-8080-exec-4] o.s.web.servlet.DispatcherServlet - Completed 200 OK
2026-03-26 11:34:10.637 DEBUG [http-nio-8080-exec-6] o.s.web.servlet.DispatcherServlet - Completed 200 OK
2026-03-26 11:34:10.637 DEBUG [http-nio-8080-exec-5] o.s.web.servlet.DispatcherServlet - Completed 200 OK
2026-03-26 11:34:10.715 DEBUG [http-nio-8080-exec-7] o.s.web.servlet.DispatcherServlet - GET "/v3/api-docs/swagger-config", parameters={}
2026-03-26 11:34:10.716 DEBUG [http-nio-8080-exec-7] o.s.w.s.m.m.a.RequestMappingHandlerMapping - Mapped to org.springdoc.webmvc.ui.SwaggerConfigResource#openapiJson(HttpServletRequest)
2026-03-26 11:34:10.731 DEBUG [http-nio-8080-exec-7] o.s.w.s.m.m.a.RequestResponseBodyMethodProcessor - Using 'application/json', given [*/*] and supported [application/json]
2026-03-26 11:34:10.734 DEBUG [http-nio-8080-exec-7] o.s.w.s.m.m.a.RequestResponseBodyMethodProcessor - Writing [{configUrl=/v3/api-docs/swagger-config, oauth2RedirectUrl=http://localhost:8080/swagger-ui/oauth2-re (truncated)...]
2026-03-26 11:34:10.739 DEBUG [http-nio-8080-exec-7] o.s.web.servlet.DispatcherServlet - Completed 200 OK
2026-03-26 11:34:10.756 DEBUG [http-nio-8080-exec-8] o.s.web.servlet.DispatcherServlet - GET "/swagger-ui/favicon-32x32.png", parameters={}
2026-03-26 11:34:10.757 DEBUG [http-nio-8080-exec-8] o.s.w.s.h.SimpleUrlHandlerMapping - Mapped to ResourceHttpRequestHandler [classpath [META-INF/resources/webjars/swagger-ui/5.31.0/]]
2026-03-26 11:34:10.760 DEBUG [http-nio-8080-exec-8] o.s.web.servlet.DispatcherServlet - Completed 200 OK
2026-03-26 11:34:10.764 DEBUG [http-nio-8080-exec-9] o.s.web.servlet.DispatcherServlet - GET "/v3/api-docs", parameters={}
2026-03-26 11:34:10.764 DEBUG [http-nio-8080-exec-9] o.s.w.s.m.m.a.RequestMappingHandlerMapping - Mapped to org.springdoc.webmvc.api.OpenApiWebMvcResource#openapiJson(HttpServletRequest, String, Locale)
2026-03-26 11:34:11.631 INFO  [http-nio-8080-exec-9] o.s.api.AbstractOpenApiResource - Init duration for springdoc-openapi is: 858 ms
2026-03-26 11:34:11.648 DEBUG [http-nio-8080-exec-9] o.s.w.s.m.m.a.RequestResponseBodyMethodProcessor - Using 'application/json', given [application/json, */*] and supported [application/json]
2026-03-26 11:34:11.664 DEBUG [http-nio-8080-exec-9] o.s.w.s.m.m.a.RequestResponseBodyMethodProcessor - Writing [{123, 34, 111, 112, 101, 110, 97, 112, 105, 34, 58, 34, 51, 46, 49, 46, 48, 34, 44, 34, 105, 110, 10 (truncated)...]
2026-03-26 11:34:11.664 DEBUG [http-nio-8080-exec-9] o.s.web.servlet.DispatcherServlet - Completed 200 OK
2026-03-26 11:34:31.990 DEBUG [http-nio-8080-exec-10] o.s.web.servlet.DispatcherServlet - POST "/api/rutinas-ejercicios", parameters={}
2026-03-26 11:34:31.990 DEBUG [http-nio-8080-exec-10] o.s.w.s.m.m.a.RequestMappingHandlerMapping - Mapped to com.gymprofit.api.controller.RutinaEjercicioController#guardarRutinaEjercicio(RutinaEjercicioCreateDTO)
2026-03-26 11:34:31.998 DEBUG [http-nio-8080-exec-10] o.s.w.s.m.m.a.RequestResponseBodyMethodProcessor - Read "application/json;charset=UTF-8" to [RutinaEjercicioCreateDTO(rutinaId=1, ejercicioId=1, series=4, repeticiones=10, pesoRecomendado=60.00 (truncated)...]
2026-03-26 11:34:31.998 INFO  [http-nio-8080-exec-10] c.g.a.s.r.RutinaEjercicioService - Añadiendo ejercicio id: 1 a rutina id: 1
2026-03-26 11:34:32.032 DEBUG [http-nio-8080-exec-10] org.hibernate.SQL - 
    select
        r1_0.id,
        r1_0.activa,
        r1_0.categoria,
        r1_0.descripcion,
        r1_0.dias_semana,
        r1_0.duracion_minutos,
        r1_0.es_predefinida,
        r1_0.fecha_creacion,
        r1_0.nivel,
        r1_0.nombre,
        r1_0.usuario_id 
    from
        rutinas r1_0 
    where
        r1_0.id=?
2026-03-26 11:34:32.049 DEBUG [http-nio-8080-exec-10] org.hibernate.SQL - 
    select
        e1_0.id,
        e1_0.activo,
        e1_0.calorias_quemadas,
        e1_0.descripcion,
        e1_0.dificultad,
        e1_0.equipo_necesario,
        e1_0.grupo_muscular,
        e1_0.imagen_url,
        e1_0.instrucciones,
        e1_0.nombre 
    from
        ejercicios e1_0 
    where
        e1_0.id=?
2026-03-26 11:34:32.082 DEBUG [http-nio-8080-exec-10] org.hibernate.SQL - 
    insert 
    into
        rutina_ejercicio
        (ejercicio_id, notas, orden, peso_recomendado, repeticiones, rutina_id, series, tiempo_descanso) 
    values
        (?, ?, ?, ?, ?, ?, ?, ?)
2026-03-26 11:34:32.099 DEBUG [http-nio-8080-exec-10] o.s.w.s.m.m.a.HttpEntityMethodProcessor - Using 'application/hal+json', given [application/hal+json] and supported [application/json, application/*+json, application/yaml]
2026-03-26 11:34:32.099 DEBUG [http-nio-8080-exec-10] o.s.w.s.m.m.a.HttpEntityMethodProcessor - Writing [RutinaEjercicioDTO(id=1, rutinaId=1, ejercicioId=1, repeticiones=10, series=4, pesoRecomendado=60.00 (truncated)...]
2026-03-26 11:34:32.099 DEBUG [http-nio-8080-exec-10] o.s.web.servlet.DispatcherServlet - Completed 200 OK
2026-03-26 11:34:56.212 DEBUG [http-nio-8080-exec-1] o.s.web.servlet.DispatcherServlet - GET "/api/rutinas-ejercicios/1", parameters={}
2026-03-26 11:34:56.213 DEBUG [http-nio-8080-exec-1] o.s.w.s.m.m.a.RequestMappingHandlerMapping - Mapped to com.gymprofit.api.controller.RutinaEjercicioController#obtenerRutinaEjercicio(Integer)
2026-03-26 11:34:56.214 INFO  [http-nio-8080-exec-1] c.g.a.s.r.RutinaEjercicioService - Buscando ejercicio de rutina por id: 1
2026-03-26 11:34:56.215 DEBUG [http-nio-8080-exec-1] org.hibernate.SQL - 
    select
        re1_0.id,
        re1_0.ejercicio_id,
        re1_0.notas,
        re1_0.orden,
        re1_0.peso_recomendado,
        re1_0.repeticiones,
        re1_0.rutina_id,
        re1_0.series,
        re1_0.tiempo_descanso 
    from
        rutina_ejercicio re1_0 
    where
        re1_0.id=?
2026-03-26 11:34:56.217 DEBUG [http-nio-8080-exec-1] o.s.w.s.m.m.a.HttpEntityMethodProcessor - Using 'application/hal+json', given [application/hal+json] and supported [application/json, application/*+json, application/yaml]
2026-03-26 11:34:56.217 DEBUG [http-nio-8080-exec-1] o.s.w.s.m.m.a.HttpEntityMethodProcessor - Writing [RutinaEjercicioDTO(id=1, rutinaId=1, ejercicioId=1, repeticiones=10, series=4, pesoRecomendado=60.00 (truncated)...]
2026-03-26 11:34:56.217 DEBUG [http-nio-8080-exec-1] o.s.web.servlet.DispatcherServlet - Completed 200 OK
2026-03-26 11:35:05.925 DEBUG [http-nio-8080-exec-3] o.s.web.servlet.DispatcherServlet - GET "/api/rutinas-ejercicios/rutina/1", parameters={}
2026-03-26 11:35:05.926 DEBUG [http-nio-8080-exec-3] o.s.w.s.m.m.a.RequestMappingHandlerMapping - Mapped to com.gymprofit.api.controller.RutinaEjercicioController#obtenerPorRutina(Integer)
2026-03-26 11:35:05.927 INFO  [http-nio-8080-exec-3] c.g.a.s.r.RutinaEjercicioService - Buscando ejercicios de rutina id: 1
2026-03-26 11:35:05.966 DEBUG [http-nio-8080-exec-3] org.hibernate.SQL - 
    select
        re1_0.id,
        re1_0.ejercicio_id,
        re1_0.notas,
        re1_0.orden,
        re1_0.peso_recomendado,
        re1_0.repeticiones,
        re1_0.rutina_id,
        re1_0.series,
        re1_0.tiempo_descanso 
    from
        rutina_ejercicio re1_0 
    left join
        rutinas r1_0 
            on r1_0.id=re1_0.rutina_id 
    where
        r1_0.id=?
2026-03-26 11:35:05.966 DEBUG [http-nio-8080-exec-3] o.s.w.s.m.m.a.HttpEntityMethodProcessor - Using 'application/hal+json', given [application/hal+json] and supported [application/json, application/*+json, application/yaml]
2026-03-26 11:35:05.966 DEBUG [http-nio-8080-exec-3] o.s.w.s.m.m.a.HttpEntityMethodProcessor - Writing [[RutinaEjercicioDTO(id=1, rutinaId=1, ejercicioId=1, repeticiones=10, series=4, pesoRecomendado=60.0 (truncated)...]
2026-03-26 11:35:05.966 DEBUG [http-nio-8080-exec-3] o.s.web.servlet.DispatcherServlet - Completed 200 OK
2026-03-26 11:35:16.635 DEBUG [http-nio-8080-exec-7] o.s.web.servlet.DispatcherServlet - GET "/api/rutinas-ejercicios/rutina/1/ordenados", parameters={}
2026-03-26 11:35:16.636 DEBUG [http-nio-8080-exec-7] o.s.w.s.m.m.a.RequestMappingHandlerMapping - Mapped to com.gymprofit.api.controller.RutinaEjercicioController#obtenerPorRutinaOrdenado(Integer)
2026-03-26 11:35:16.636 INFO  [http-nio-8080-exec-7] c.g.a.s.r.RutinaEjercicioService - Buscando ejercicios de rutina id: 1 ordenados por posición
2026-03-26 11:35:16.636 DEBUG [http-nio-8080-exec-7] org.hibernate.SQL - 
    select
        re1_0.id,
        re1_0.ejercicio_id,
        re1_0.notas,
        re1_0.orden,
        re1_0.peso_recomendado,
        re1_0.repeticiones,
        re1_0.rutina_id,
        re1_0.series,
        re1_0.tiempo_descanso 
    from
        rutina_ejercicio re1_0 
    left join
        rutinas r1_0 
            on r1_0.id=re1_0.rutina_id 
    where
        r1_0.id=? 
    order by
        re1_0.orden
2026-03-26 11:35:16.636 DEBUG [http-nio-8080-exec-7] o.s.w.s.m.m.a.HttpEntityMethodProcessor - Using 'application/hal+json', given [application/hal+json] and supported [application/json, application/*+json, application/yaml]
2026-03-26 11:35:16.636 DEBUG [http-nio-8080-exec-7] o.s.w.s.m.m.a.HttpEntityMethodProcessor - Writing [[RutinaEjercicioDTO(id=1, rutinaId=1, ejercicioId=1, repeticiones=10, series=4, pesoRecomendado=60.0 (truncated)...]
2026-03-26 11:35:16.636 DEBUG [http-nio-8080-exec-7] o.s.web.servlet.DispatcherServlet - Completed 200 OK
2026-03-26 11:35:29.514 DEBUG [http-nio-8080-exec-8] o.s.web.servlet.DispatcherServlet - GET "/api/rutinas-ejercicios/ejercicio/1", parameters={}
2026-03-26 11:35:29.515 DEBUG [http-nio-8080-exec-8] o.s.w.s.m.m.a.RequestMappingHandlerMapping - Mapped to com.gymprofit.api.controller.RutinaEjercicioController#obtenerPorEjercicio(Integer)
2026-03-26 11:35:29.516 INFO  [http-nio-8080-exec-8] c.g.a.s.r.RutinaEjercicioService - Buscando rutinas que contienen el ejercicio id: 1
2026-03-26 11:35:29.517 DEBUG [http-nio-8080-exec-8] org.hibernate.SQL - 
    select
        re1_0.id,
        re1_0.ejercicio_id,
        re1_0.notas,
        re1_0.orden,
        re1_0.peso_recomendado,
        re1_0.repeticiones,
        re1_0.rutina_id,
        re1_0.series,
        re1_0.tiempo_descanso 
    from
        rutina_ejercicio re1_0 
    left join
        ejercicios e1_0 
            on e1_0.id=re1_0.ejercicio_id 
    where
        e1_0.id=?
2026-03-26 11:35:29.517 DEBUG [http-nio-8080-exec-8] o.s.w.s.m.m.a.HttpEntityMethodProcessor - Using 'application/hal+json', given [application/hal+json] and supported [application/json, application/*+json, application/yaml]
2026-03-26 11:35:29.517 DEBUG [http-nio-8080-exec-8] o.s.w.s.m.m.a.HttpEntityMethodProcessor - Writing [[RutinaEjercicioDTO(id=1, rutinaId=1, ejercicioId=1, repeticiones=10, series=4, pesoRecomendado=60.0 (truncated)...]
2026-03-26 11:35:29.517 DEBUG [http-nio-8080-exec-8] o.s.web.servlet.DispatcherServlet - Completed 200 OK
2026-03-26 11:35:55.587 DEBUG [http-nio-8080-exec-9] o.s.web.servlet.DispatcherServlet - GET "/api/rutinas-ejercicios/rutina/1/ejercicio/1", parameters={}
2026-03-26 11:35:55.587 DEBUG [http-nio-8080-exec-9] o.s.w.s.m.m.a.RequestMappingHandlerMapping - Mapped to com.gymprofit.api.controller.RutinaEjercicioController#obtenerPorRutinaYEjercicio(Integer, Integer)
2026-03-26 11:35:55.588 INFO  [http-nio-8080-exec-9] c.g.a.s.r.RutinaEjercicioService - Buscando ejercicio id: 1 en rutina id: 1
2026-03-26 11:35:55.589 DEBUG [http-nio-8080-exec-9] org.hibernate.SQL - 
    select
        re1_0.id,
        re1_0.ejercicio_id,
        re1_0.notas,
        re1_0.orden,
        re1_0.peso_recomendado,
        re1_0.repeticiones,
        re1_0.rutina_id,
        re1_0.series,
        re1_0.tiempo_descanso 
    from
        rutina_ejercicio re1_0 
    left join
        rutinas r1_0 
            on r1_0.id=re1_0.rutina_id 
    left join
        ejercicios e1_0 
            on e1_0.id=re1_0.ejercicio_id 
    where
        r1_0.id=? 
        and e1_0.id=?
2026-03-26 11:35:55.589 DEBUG [http-nio-8080-exec-9] o.s.w.s.m.m.a.HttpEntityMethodProcessor - Using 'application/hal+json', given [application/hal+json] and supported [application/json, application/*+json, application/yaml]
2026-03-26 11:35:55.589 DEBUG [http-nio-8080-exec-9] o.s.w.s.m.m.a.HttpEntityMethodProcessor - Writing [RutinaEjercicioDTO(id=1, rutinaId=1, ejercicioId=1, repeticiones=10, series=4, pesoRecomendado=60.00 (truncated)...]
2026-03-26 11:35:55.589 DEBUG [http-nio-8080-exec-9] o.s.web.servlet.DispatcherServlet - Completed 200 OK
2026-03-26 11:36:06.821 DEBUG [http-nio-8080-exec-10] o.s.web.servlet.DispatcherServlet - GET "/api/rutinas-ejercicios/count/rutina/1", parameters={}
2026-03-26 11:36:06.821 DEBUG [http-nio-8080-exec-10] o.s.w.s.m.m.a.RequestMappingHandlerMapping - Mapped to com.gymprofit.api.controller.RutinaEjercicioController#contarEjerciciosRutina(Integer)
2026-03-26 11:36:06.822 INFO  [http-nio-8080-exec-10] c.g.a.s.r.RutinaEjercicioService - Contando ejercicios de rutina id: 1
2026-03-26 11:36:06.822 DEBUG [http-nio-8080-exec-10] org.hibernate.SQL - 
    select
        count(re1_0.id) 
    from
        rutina_ejercicio re1_0 
    left join
        rutinas r1_0 
            on r1_0.id=re1_0.rutina_id 
    where
        r1_0.id=?
2026-03-26 11:36:06.822 DEBUG [http-nio-8080-exec-10] o.s.w.s.m.m.a.HttpEntityMethodProcessor - Using 'application/hal+json', given [application/hal+json] and supported [application/json, application/*+json, application/yaml]
2026-03-26 11:36:06.822 DEBUG [http-nio-8080-exec-10] o.s.w.s.m.m.a.HttpEntityMethodProcessor - Writing [{count=1, rutinaId=1}]
2026-03-26 11:36:06.822 DEBUG [http-nio-8080-exec-10] o.s.web.servlet.DispatcherServlet - Completed 200 OK
2026-03-26 11:36:11.553 DEBUG [http-nio-8080-exec-1] o.s.web.servlet.DispatcherServlet - GET "/api/rutinas-ejercicios/count/ejercicio/1", parameters={}
2026-03-26 11:36:11.554 DEBUG [http-nio-8080-exec-1] o.s.w.s.m.m.a.RequestMappingHandlerMapping - Mapped to com.gymprofit.api.controller.RutinaEjercicioController#contarRutinasEjercicios(Integer)
2026-03-26 11:36:11.555 INFO  [http-nio-8080-exec-1] c.g.a.s.r.RutinaEjercicioService - Contando rutinas que contienen el ejercicio id: 1
2026-03-26 11:36:11.555 DEBUG [http-nio-8080-exec-1] org.hibernate.SQL - 
    select
        count(re1_0.id) 
    from
        rutina_ejercicio re1_0 
    left join
        ejercicios e1_0 
            on e1_0.id=re1_0.ejercicio_id 
    where
        e1_0.id=?
2026-03-26 11:36:11.555 DEBUG [http-nio-8080-exec-1] o.s.w.s.m.m.a.HttpEntityMethodProcessor - Using 'application/hal+json', given [application/hal+json] and supported [application/json, application/*+json, application/yaml]
2026-03-26 11:36:11.555 DEBUG [http-nio-8080-exec-1] o.s.w.s.m.m.a.HttpEntityMethodProcessor - Writing [{count=1, ejercicioId=1}]
2026-03-26 11:36:11.555 DEBUG [http-nio-8080-exec-1] o.s.web.servlet.DispatcherServlet - Completed 200 OK
2026-03-26 11:36:30.063 DEBUG [http-nio-8080-exec-3] o.s.web.servlet.DispatcherServlet - GET "/api/rutinas-ejercicios/exists/rutina/1/ejercicio/1", parameters={}
2026-03-26 11:36:30.063 DEBUG [http-nio-8080-exec-3] o.s.w.s.m.m.a.RequestMappingHandlerMapping - Mapped to com.gymprofit.api.controller.RutinaEjercicioController#existsByRutinaIdAndEjercicioId(Integer, Integer)
2026-03-26 11:36:30.063 INFO  [http-nio-8080-exec-3] c.g.a.s.r.RutinaEjercicioService - Verificando si existe ejercicio id: 1 en rutina id: 1
2026-03-26 11:36:30.068 DEBUG [http-nio-8080-exec-3] org.hibernate.SQL - 
    select
        re1_0.id 
    from
        rutina_ejercicio re1_0 
    left join
        rutinas r1_0 
            on r1_0.id=re1_0.rutina_id 
    left join
        ejercicios e1_0 
            on e1_0.id=re1_0.ejercicio_id 
    where
        r1_0.id=? 
        and e1_0.id=? 
    limit
        ?
2026-03-26 11:36:30.069 DEBUG [http-nio-8080-exec-3] o.s.w.s.m.m.a.HttpEntityMethodProcessor - Using 'application/hal+json', given [application/hal+json] and supported [application/json, application/*+json, application/yaml]
2026-03-26 11:36:30.069 DEBUG [http-nio-8080-exec-3] o.s.w.s.m.m.a.HttpEntityMethodProcessor - Writing [{rutinaId=1, existe=true, ejercicioId=1}]
2026-03-26 11:36:30.069 DEBUG [http-nio-8080-exec-3] o.s.web.servlet.DispatcherServlet - Completed 200 OK
2026-03-26 11:36:40.916 DEBUG [http-nio-8080-exec-4] o.s.web.servlet.DispatcherServlet - PUT "/api/rutinas-ejercicios", parameters={}
2026-03-26 11:36:40.917 DEBUG [http-nio-8080-exec-4] o.s.w.s.m.m.a.RequestMappingHandlerMapping - Mapped to com.gymprofit.api.controller.RutinaEjercicioController#modificarRutinaEjercicio(RutinaEjercicioDTO)
2026-03-26 11:36:40.919 DEBUG [http-nio-8080-exec-4] o.s.w.s.m.m.a.RequestResponseBodyMethodProcessor - Read "application/json;charset=UTF-8" to [RutinaEjercicioDTO(id=1, rutinaId=1, ejercicioId=1, repeticiones=12, series=5, pesoRecomendado=65.00 (truncated)...]
2026-03-26 11:36:40.921 INFO  [http-nio-8080-exec-4] c.g.a.s.r.RutinaEjercicioService - Modificando ejercicio de rutina con id: 1
2026-03-26 11:36:40.921 DEBUG [http-nio-8080-exec-4] org.hibernate.SQL - 
    select
        re1_0.id,
        re1_0.ejercicio_id,
        re1_0.notas,
        re1_0.orden,
        re1_0.peso_recomendado,
        re1_0.repeticiones,
        re1_0.rutina_id,
        re1_0.series,
        re1_0.tiempo_descanso 
    from
        rutina_ejercicio re1_0 
    where
        re1_0.id=?
2026-03-26 11:36:40.921 DEBUG [http-nio-8080-exec-4] org.hibernate.SQL - 
    update
        rutina_ejercicio 
    set
        ejercicio_id=?,
        notas=?,
        orden=?,
        peso_recomendado=?,
        repeticiones=?,
        rutina_id=?,
        series=?,
        tiempo_descanso=? 
    where
        id=?
2026-03-26 11:36:40.937 DEBUG [http-nio-8080-exec-4] o.s.w.s.m.m.a.HttpEntityMethodProcessor - Using 'application/hal+json', given [application/hal+json] and supported [application/json, application/*+json, application/yaml]
2026-03-26 11:36:40.937 DEBUG [http-nio-8080-exec-4] o.s.w.s.m.m.a.HttpEntityMethodProcessor - Writing [RutinaEjercicioDTO(id=1, rutinaId=1, ejercicioId=1, repeticiones=12, series=5, pesoRecomendado=65.00 (truncated)...]
2026-03-26 11:36:40.937 DEBUG [http-nio-8080-exec-4] o.s.web.servlet.DispatcherServlet - Completed 200 OK
2026-03-26 11:36:48.254 INFO  [SpringApplicationShutdownHook] o.s.b.w.e.tomcat.GracefulShutdown - Commencing graceful shutdown. Waiting for active requests to complete
2026-03-26 11:36:48.259 INFO  [tomcat-shutdown] o.s.b.w.e.tomcat.GracefulShutdown - Graceful shutdown complete
2026-03-26 11:36:48.263 INFO  [SpringApplicationShutdownHook] o.s.o.j.LocalContainerEntityManagerFactoryBean - Closing JPA EntityManagerFactory for persistence unit 'default'
2026-03-26 11:36:48.266 INFO  [SpringApplicationShutdownHook] com.zaxxer.hikari.HikariDataSource - HikariPool-1 - Shutdown initiated...
2026-03-26 11:36:48.267 INFO  [SpringApplicationShutdownHook] com.zaxxer.hikari.HikariDataSource - HikariPool-1 - Shutdown completed.
