2026-05-05 12:17:43.651 [restartedMain] INFO  c.g.api.GymProFitApiApplication.logStarting - Starting GymProFitApiApplication using Java 21.0.10 with PID 25844 (C:\Users\ruben\Desktop\TFG\TFG-GymProFit\api\gymprofit-api\target\classes started by ruben in C:\Users\ruben\Desktop\TFG\TFG-GymProFit\api\gymprofit-api)
2026-05-05 12:17:43.653 [restartedMain] DEBUG c.g.api.GymProFitApiApplication.logStarting - Running with Spring Boot v3.5.7, Spring v6.2.12
2026-05-05 12:17:43.654 [restartedMain] INFO  c.g.api.GymProFitApiApplication.logStartupProfileInfo - The following 1 profile is active: "dev"
2026-05-05 12:17:43.692 [restartedMain] INFO  o.s.b.d.e.DevToolsPropertyDefaultsPostProcessor.log - Devtools property defaults active! Set 'spring.devtools.add-properties' to 'false' to disable
2026-05-05 12:17:43.692 [restartedMain] INFO  o.s.b.d.e.DevToolsPropertyDefaultsPostProcessor.log - For additional web related logging consider setting the 'logging.level.web' property to 'DEBUG'
2026-05-05 12:17:44.931 [restartedMain] INFO  o.s.d.r.c.RepositoryConfigurationDelegate.registerRepositoriesIn - Bootstrapping Spring Data JPA repositories in DEFAULT mode.
2026-05-05 12:17:45.069 [restartedMain] INFO  o.s.d.r.c.RepositoryConfigurationDelegate.registerRepositoriesIn - Finished Spring Data repository scanning in 127 ms. Found 14 JPA repository interfaces.
2026-05-05 12:17:45.870 [restartedMain] INFO  o.s.b.w.e.tomcat.TomcatWebServer.initialize - Tomcat initialized with port 8080 (http)
2026-05-05 12:17:45.886 [restartedMain] INFO  o.a.catalina.core.StandardService.log - Starting service [Tomcat]
2026-05-05 12:17:45.886 [restartedMain] INFO  o.a.catalina.core.StandardEngine.log - Starting Servlet engine: [Apache Tomcat/10.1.48]
2026-05-05 12:17:45.940 [restartedMain] INFO  o.a.c.c.C.[.[localhost].[/api].log - Initializing Spring embedded WebApplicationContext
2026-05-05 12:17:45.940 [restartedMain] INFO  o.s.b.w.s.c.ServletWebServerApplicationContext.prepareWebApplicationContext - Root WebApplicationContext: initialization completed in 2248 ms
2026-05-05 12:17:46.079 [restartedMain] WARN  o.s.b.a.o.j.JpaBaseConfiguration$JpaWebConfiguration.openEntityManagerInViewInterceptor - spring.jpa.open-in-view is enabled by default. Therefore, database queries may be performed during view rendering. Explicitly configure spring.jpa.open-in-view to disable this warning
2026-05-05 12:17:46.282 [restartedMain] INFO  com.zaxxer.hikari.HikariDataSource.getConnection - HikariPool-1 - Starting...
2026-05-05 12:17:46.399 [restartedMain] INFO  com.zaxxer.hikari.pool.HikariPool.checkFailFast - HikariPool-1 - Added connection org.mariadb.jdbc.Connection@532d3ffe
2026-05-05 12:17:46.401 [restartedMain] INFO  com.zaxxer.hikari.HikariDataSource.getConnection - HikariPool-1 - Start completed.
2026-05-05 12:17:46.414 [restartedMain] INFO  o.f.c.i.r.ResourceNameValidator.info - 4 SQL migrations were detected but not run because they did not follow the filename convention.
2026-05-05 12:17:46.414 [restartedMain] INFO  o.f.c.i.r.ResourceNameValidator.info - Set 'validateMigrationNaming' to true to fail fast and see a list of the invalid file names.
2026-05-05 12:17:46.425 [restartedMain] WARN  o.m.jdbc.message.server.ErrorPacket.warn - Error: 1193-HY000: Unknown system variable 'WSREP_ON'
2026-05-05 12:17:46.441 [restartedMain] INFO  org.flywaydb.core.FlywayExecutor.info - Database: jdbc:mariadb://localhost:3308/gymprofit_db?user=root&password=********&useUnicode=true&characterEncoding=UTF-8 (MariaDB 11.8)
2026-05-05 12:17:46.452 [restartedMain] WARN  o.f.c.i.database.base.Database.warn - Using MariaDB 11.8 which is newer than the version Flyway has been verified with. The latest verified version of MariaDB is 11.7.
2026-05-05 12:17:46.495 [restartedMain] INFO  o.f.c.i.s.JdbcTableSchemaHistory.info - Repair of failed migration in Schema History table `gymprofit_db`.`flyway_schema_history` not necessary. No failed migration detected.
2026-05-05 12:17:46.504 [restartedMain] INFO  o.f.core.internal.command.DbRepair.info - Successfully repaired schema history table `gymprofit_db`.`flyway_schema_history` (execution time 00:00.038s).
2026-05-05 12:17:46.514 [restartedMain] INFO  o.f.c.i.r.ResourceNameValidator.info - 4 SQL migrations were detected but not run because they did not follow the filename convention.
2026-05-05 12:17:46.515 [restartedMain] INFO  o.f.c.i.r.ResourceNameValidator.info - Set 'validateMigrationNaming' to true to fail fast and see a list of the invalid file names.
2026-05-05 12:17:46.516 [restartedMain] WARN  o.m.jdbc.message.server.ErrorPacket.warn - Error: 1193-HY000: Unknown system variable 'WSREP_ON'
2026-05-05 12:17:46.527 [restartedMain] WARN  o.f.c.i.database.base.Database.warn - Using MariaDB 11.8 which is newer than the version Flyway has been verified with. The latest verified version of MariaDB is 11.7.
2026-05-05 12:17:46.538 [restartedMain] INFO  o.f.core.internal.command.DbValidate.info - Successfully validated 0 migrations (execution time 00:00.003s)
2026-05-05 12:17:46.538 [restartedMain] WARN  o.f.core.internal.command.DbValidate.warn - No migrations found. Are your locations set up correctly?
2026-05-05 12:17:46.549 [restartedMain] INFO  o.f.core.internal.command.DbMigrate.info - Current version of schema `gymprofit_db`: << Empty Schema >>
2026-05-05 12:17:46.555 [restartedMain] INFO  o.f.core.internal.command.DbMigrate.info - Schema `gymprofit_db` is up to date. No migration necessary.
2026-05-05 12:17:46.561 [restartedMain] INFO  o.f.c.i.r.ResourceNameValidator.info - 4 SQL migrations were detected but not run because they did not follow the filename convention.
2026-05-05 12:17:46.561 [restartedMain] INFO  o.f.c.i.r.ResourceNameValidator.info - Set 'validateMigrationNaming' to true to fail fast and see a list of the invalid file names.
2026-05-05 12:17:46.562 [restartedMain] WARN  o.m.jdbc.message.server.ErrorPacket.warn - Error: 1193-HY000: Unknown system variable 'WSREP_ON'
2026-05-05 12:17:46.568 [restartedMain] WARN  o.f.c.i.database.base.Database.warn - Using MariaDB 11.8 which is newer than the version Flyway has been verified with. The latest verified version of MariaDB is 11.7.
2026-05-05 12:17:46.574 [restartedMain] INFO  o.f.core.internal.command.DbValidate.info - Successfully validated 0 migrations (execution time 00:00.002s)
2026-05-05 12:17:46.574 [restartedMain] WARN  o.f.core.internal.command.DbValidate.warn - No migrations found. Are your locations set up correctly?
2026-05-05 12:17:46.578 [restartedMain] INFO  o.f.core.internal.command.DbMigrate.info - Current version of schema `gymprofit_db`: << Empty Schema >>
2026-05-05 12:17:46.578 [restartedMain] INFO  o.f.core.internal.command.DbMigrate.info - Schema `gymprofit_db` is up to date. No migration necessary.
2026-05-05 12:17:47.072 [restartedMain] INFO  o.s.o.j.p.SpringPersistenceUnitInfo.addTransformer - No LoadTimeWeaver setup: ignoring JPA class transformer
2026-05-05 12:17:47.134 [restartedMain] WARN  org.hibernate.orm.deprecation.constructDialect - HHH90000025: MariaDBDialect does not need to be specified explicitly using 'hibernate.dialect' (remove the property setting and it will be selected by default)
2026-05-05 12:17:48.384 [restartedMain] INFO  o.s.o.j.LocalContainerEntityManagerFactoryBean.buildNativeEntityManagerFactory - Initialized JPA EntityManagerFactory for persistence unit 'default'
2026-05-05 12:17:48.919 [restartedMain] INFO  o.s.d.j.r.query.QueryEnhancerFactory.<clinit> - Hibernate is in classpath; If applicable, HQL parser will be used.
2026-05-05 12:17:49.739 [restartedMain] DEBUG o.s.w.s.m.m.a.ExceptionHandlerExceptionResolver.initExceptionHandlerAdviceCache - ControllerAdvice beans: 3 @ExceptionHandler, 1 ResponseBodyAdvice
2026-05-05 12:17:49.786 [restartedMain] DEBUG o.s.w.s.m.m.a.ExceptionHandlerExceptionResolver.initExceptionHandlerAdviceCache - ControllerAdvice beans: 3 @ExceptionHandler, 0 ResponseBodyAdvice
2026-05-05 12:17:49.856 [restartedMain] DEBUG c.g.a.c.s.JwtAuthenticationFilter.init - Filter 'jwtAuthenticationFilter' configured for use
2026-05-05 12:17:49.974 [restartedMain] INFO  o.s.s.c.a.a.c.InitializeAuthenticationProviderBeanManagerConfigurer$InitializeAuthenticationProviderManagerConfigurer.configure - Global AuthenticationManager configured with AuthenticationProvider bean with name authenticationProvider
2026-05-05 12:17:49.976 [restartedMain] WARN  o.s.s.c.a.a.c.InitializeUserDetailsBeanManagerConfigurer$InitializeUserDetailsManagerConfigurer.configure - Global AuthenticationManager configured with an AuthenticationProvider bean. UserDetailsService beans will not be used by Spring Security for automatically configuring username/password login. Consider removing the AuthenticationProvider bean. Alternatively, consider using the UserDetailsService in a manually instantiated DaoAuthenticationProvider. If the current configuration is intentional, to turn off this warning, increase the logging level of 'org.springframework.security.config.annotation.authentication.configuration.InitializeUserDetailsBeanManagerConfigurer' to ERROR
2026-05-05 12:17:50.939 [restartedMain] DEBUG o.s.w.s.m.m.a.RequestMappingHandlerMapping.handlerMethodsInitialized - 194 mappings in 'requestMappingHandlerMapping'
2026-05-05 12:17:50.981 [restartedMain] DEBUG o.s.w.s.h.SimpleUrlHandlerMapping.logMappings - Patterns [/webjars/**, /**, /swagger-ui/**, /swagger-ui/*swagger-initializer.js, /webjars/*swagger-ui/**, /webjars/*swagger-ui/*swagger-initializer.js, /webjars/*swagger-ui/5.31.0/*swagger-initializer.js] in 'resourceHandlerMapping'
2026-05-05 12:17:51.236 [restartedMain] DEBUG o.s.w.s.m.m.a.RequestMappingHandlerAdapter.initControllerAdviceCache - ControllerAdvice beans: 0 @ModelAttribute, 0 @InitBinder, 1 RequestBodyAdvice, 1 ResponseBodyAdvice
2026-05-05 12:17:51.581 [restartedMain] INFO  o.s.b.d.a.OptionalLiveReloadServer.startServer - LiveReload server is running on port 35729
2026-05-05 12:17:51.676 [restartedMain] INFO  o.s.b.w.e.tomcat.TomcatWebServer.start - Tomcat started on port 8080 (http) with context path '/api'
2026-05-05 12:17:51.690 [restartedMain] INFO  c.g.api.GymProFitApiApplication.logStarted - Started GymProFitApiApplication in 8.712 seconds (process running for 9.562)
2026-05-05 12:17:51.698 [restartedMain] WARN  o.s.c.events.SpringDocAppInitializer.init - SpringDoc /v3/api-docs endpoint is enabled by default. To disable it in production, set the property 'springdoc.api-docs.enabled=false'
2026-05-05 12:17:51.698 [restartedMain] WARN  o.s.c.events.SpringDocAppInitializer.init - SpringDoc /swagger-ui.html endpoint is enabled by default. To disable it in production, set the property 'springdoc.swagger-ui.enabled=false'
2026-05-05 12:19:32.930 [SpringApplicationShutdownHook] INFO  o.s.b.w.e.tomcat.GracefulShutdown.shutDownGracefully - Commencing graceful shutdown. Waiting for active requests to complete
2026-05-05 12:19:32.936 [tomcat-shutdown] INFO  o.s.b.w.e.tomcat.GracefulShutdown.doShutdown - Graceful shutdown complete
2026-05-05 12:19:32.945 [SpringApplicationShutdownHook] INFO  o.s.o.j.LocalContainerEntityManagerFactoryBean.destroy - Closing JPA EntityManagerFactory for persistence unit 'default'
2026-05-05 12:19:32.950 [SpringApplicationShutdownHook] INFO  com.zaxxer.hikari.HikariDataSource.close - HikariPool-1 - Shutdown initiated...
2026-05-05 12:19:32.953 [SpringApplicationShutdownHook] INFO  com.zaxxer.hikari.HikariDataSource.close - HikariPool-1 - Shutdown completed.
2026-05-05 12:23:44.488 [restartedMain] INFO  c.g.api.GymProFitApiApplication.logStarting - Starting GymProFitApiApplication using Java 21.0.10 with PID 12304 (C:\Users\ruben\Desktop\TFG\TFG-GymProFit\api\gymprofit-api\target\classes started by ruben in C:\Users\ruben\Desktop\TFG\TFG-GymProFit\api\gymprofit-api)
2026-05-05 12:23:44.489 [restartedMain] DEBUG c.g.api.GymProFitApiApplication.logStarting - Running with Spring Boot v3.5.7, Spring v6.2.12
2026-05-05 12:23:44.490 [restartedMain] INFO  c.g.api.GymProFitApiApplication.logStartupProfileInfo - The following 1 profile is active: "dev"
2026-05-05 12:23:44.538 [restartedMain] INFO  o.s.b.d.e.DevToolsPropertyDefaultsPostProcessor.log - Devtools property defaults active! Set 'spring.devtools.add-properties' to 'false' to disable
2026-05-05 12:23:44.539 [restartedMain] INFO  o.s.b.d.e.DevToolsPropertyDefaultsPostProcessor.log - For additional web related logging consider setting the 'logging.level.web' property to 'DEBUG'
2026-05-05 12:23:45.377 [restartedMain] INFO  o.s.d.r.c.RepositoryConfigurationDelegate.registerRepositoriesIn - Bootstrapping Spring Data JPA repositories in DEFAULT mode.
2026-05-05 12:23:45.506 [restartedMain] INFO  o.s.d.r.c.RepositoryConfigurationDelegate.registerRepositoriesIn - Finished Spring Data repository scanning in 120 ms. Found 14 JPA repository interfaces.
2026-05-05 12:23:46.101 [restartedMain] INFO  o.s.b.w.e.tomcat.TomcatWebServer.initialize - Tomcat initialized with port 8080 (http)
2026-05-05 12:23:46.114 [restartedMain] INFO  o.a.catalina.core.StandardService.log - Starting service [Tomcat]
2026-05-05 12:23:46.114 [restartedMain] INFO  o.a.catalina.core.StandardEngine.log - Starting Servlet engine: [Apache Tomcat/10.1.48]
2026-05-05 12:23:46.155 [restartedMain] INFO  o.a.c.c.C.[.[localhost].[/api].log - Initializing Spring embedded WebApplicationContext
2026-05-05 12:23:46.156 [restartedMain] INFO  o.s.b.w.s.c.ServletWebServerApplicationContext.prepareWebApplicationContext - Root WebApplicationContext: initialization completed in 1616 ms
2026-05-05 12:23:46.253 [restartedMain] WARN  o.s.b.a.o.j.JpaBaseConfiguration$JpaWebConfiguration.openEntityManagerInViewInterceptor - spring.jpa.open-in-view is enabled by default. Therefore, database queries may be performed during view rendering. Explicitly configure spring.jpa.open-in-view to disable this warning
2026-05-05 12:23:46.440 [restartedMain] INFO  com.zaxxer.hikari.HikariDataSource.getConnection - HikariPool-1 - Starting...
2026-05-05 12:23:46.504 [restartedMain] INFO  com.zaxxer.hikari.pool.HikariPool.checkFailFast - HikariPool-1 - Added connection org.mariadb.jdbc.Connection@50146ceb
2026-05-05 12:23:46.506 [restartedMain] INFO  com.zaxxer.hikari.HikariDataSource.getConnection - HikariPool-1 - Start completed.
2026-05-05 12:23:46.518 [restartedMain] INFO  o.f.c.i.r.ResourceNameValidator.info - 4 SQL migrations were detected but not run because they did not follow the filename convention.
2026-05-05 12:23:46.519 [restartedMain] INFO  o.f.c.i.r.ResourceNameValidator.info - Set 'validateMigrationNaming' to true to fail fast and see a list of the invalid file names.
2026-05-05 12:23:46.527 [restartedMain] WARN  o.m.jdbc.message.server.ErrorPacket.warn - Error: 1193-HY000: Unknown system variable 'WSREP_ON'
2026-05-05 12:23:46.550 [restartedMain] INFO  org.flywaydb.core.FlywayExecutor.info - Database: jdbc:mariadb://localhost:3308/gymprofit_db?user=root&password=********&useUnicode=true&characterEncoding=UTF-8 (MariaDB 11.8)
2026-05-05 12:23:46.559 [restartedMain] WARN  o.f.c.i.database.base.Database.warn - Using MariaDB 11.8 which is newer than the version Flyway has been verified with. The latest verified version of MariaDB is 11.7.
2026-05-05 12:23:46.587 [restartedMain] INFO  o.f.c.i.s.JdbcTableSchemaHistory.info - Repair of failed migration in Schema History table `gymprofit_db`.`flyway_schema_history` not necessary. No failed migration detected.
2026-05-05 12:23:46.593 [restartedMain] INFO  o.f.core.internal.command.DbRepair.info - Successfully repaired schema history table `gymprofit_db`.`flyway_schema_history` (execution time 00:00.015s).
2026-05-05 12:23:46.598 [restartedMain] INFO  o.f.c.i.r.ResourceNameValidator.info - 4 SQL migrations were detected but not run because they did not follow the filename convention.
2026-05-05 12:23:46.599 [restartedMain] INFO  o.f.c.i.r.ResourceNameValidator.info - Set 'validateMigrationNaming' to true to fail fast and see a list of the invalid file names.
2026-05-05 12:23:46.599 [restartedMain] WARN  o.m.jdbc.message.server.ErrorPacket.warn - Error: 1193-HY000: Unknown system variable 'WSREP_ON'
2026-05-05 12:23:46.606 [restartedMain] WARN  o.f.c.i.database.base.Database.warn - Using MariaDB 11.8 which is newer than the version Flyway has been verified with. The latest verified version of MariaDB is 11.7.
2026-05-05 12:23:46.613 [restartedMain] INFO  o.f.core.internal.command.DbValidate.info - Successfully validated 0 migrations (execution time 00:00.002s)
2026-05-05 12:23:46.613 [restartedMain] WARN  o.f.core.internal.command.DbValidate.warn - No migrations found. Are your locations set up correctly?
2026-05-05 12:23:46.620 [restartedMain] INFO  o.f.core.internal.command.DbMigrate.info - Current version of schema `gymprofit_db`: << Empty Schema >>
2026-05-05 12:23:46.624 [restartedMain] INFO  o.f.core.internal.command.DbMigrate.info - Schema `gymprofit_db` is up to date. No migration necessary.
2026-05-05 12:23:46.628 [restartedMain] INFO  o.f.c.i.r.ResourceNameValidator.info - 4 SQL migrations were detected but not run because they did not follow the filename convention.
2026-05-05 12:23:46.628 [restartedMain] INFO  o.f.c.i.r.ResourceNameValidator.info - Set 'validateMigrationNaming' to true to fail fast and see a list of the invalid file names.
2026-05-05 12:23:46.628 [restartedMain] WARN  o.m.jdbc.message.server.ErrorPacket.warn - Error: 1193-HY000: Unknown system variable 'WSREP_ON'
2026-05-05 12:23:46.633 [restartedMain] WARN  o.f.c.i.database.base.Database.warn - Using MariaDB 11.8 which is newer than the version Flyway has been verified with. The latest verified version of MariaDB is 11.7.
2026-05-05 12:23:46.647 [restartedMain] INFO  o.f.core.internal.command.DbValidate.info - Successfully validated 0 migrations (execution time 00:00.007s)
2026-05-05 12:23:46.648 [restartedMain] WARN  o.f.core.internal.command.DbValidate.warn - No migrations found. Are your locations set up correctly?
2026-05-05 12:23:46.654 [restartedMain] INFO  o.f.core.internal.command.DbMigrate.info - Current version of schema `gymprofit_db`: << Empty Schema >>
2026-05-05 12:23:46.655 [restartedMain] INFO  o.f.core.internal.command.DbMigrate.info - Schema `gymprofit_db` is up to date. No migration necessary.
2026-05-05 12:23:47.087 [restartedMain] INFO  o.s.o.j.p.SpringPersistenceUnitInfo.addTransformer - No LoadTimeWeaver setup: ignoring JPA class transformer
2026-05-05 12:23:47.131 [restartedMain] WARN  org.hibernate.orm.deprecation.constructDialect - HHH90000025: MariaDBDialect does not need to be specified explicitly using 'hibernate.dialect' (remove the property setting and it will be selected by default)
2026-05-05 12:23:48.144 [restartedMain] INFO  o.s.o.j.LocalContainerEntityManagerFactoryBean.buildNativeEntityManagerFactory - Initialized JPA EntityManagerFactory for persistence unit 'default'
2026-05-05 12:23:48.579 [restartedMain] INFO  o.s.d.j.r.query.QueryEnhancerFactory.<clinit> - Hibernate is in classpath; If applicable, HQL parser will be used.
2026-05-05 12:23:49.220 [restartedMain] DEBUG o.s.w.s.m.m.a.ExceptionHandlerExceptionResolver.initExceptionHandlerAdviceCache - ControllerAdvice beans: 3 @ExceptionHandler, 1 ResponseBodyAdvice
2026-05-05 12:23:49.263 [restartedMain] DEBUG o.s.w.s.m.m.a.ExceptionHandlerExceptionResolver.initExceptionHandlerAdviceCache - ControllerAdvice beans: 3 @ExceptionHandler, 0 ResponseBodyAdvice
2026-05-05 12:23:49.321 [restartedMain] DEBUG c.g.a.c.s.JwtAuthenticationFilter.init - Filter 'jwtAuthenticationFilter' configured for use
2026-05-05 12:23:49.413 [restartedMain] INFO  o.s.s.c.a.a.c.InitializeAuthenticationProviderBeanManagerConfigurer$InitializeAuthenticationProviderManagerConfigurer.configure - Global AuthenticationManager configured with AuthenticationProvider bean with name authenticationProvider
2026-05-05 12:23:49.413 [restartedMain] WARN  o.s.s.c.a.a.c.InitializeUserDetailsBeanManagerConfigurer$InitializeUserDetailsManagerConfigurer.configure - Global AuthenticationManager configured with an AuthenticationProvider bean. UserDetailsService beans will not be used by Spring Security for automatically configuring username/password login. Consider removing the AuthenticationProvider bean. Alternatively, consider using the UserDetailsService in a manually instantiated DaoAuthenticationProvider. If the current configuration is intentional, to turn off this warning, increase the logging level of 'org.springframework.security.config.annotation.authentication.configuration.InitializeUserDetailsBeanManagerConfigurer' to ERROR
2026-05-05 12:23:50.259 [restartedMain] DEBUG o.s.w.s.m.m.a.RequestMappingHandlerMapping.handlerMethodsInitialized - 194 mappings in 'requestMappingHandlerMapping'
2026-05-05 12:23:50.292 [restartedMain] DEBUG o.s.w.s.h.SimpleUrlHandlerMapping.logMappings - Patterns [/webjars/**, /**, /swagger-ui/**, /swagger-ui/*swagger-initializer.js, /webjars/*swagger-ui/**, /webjars/*swagger-ui/*swagger-initializer.js, /webjars/*swagger-ui/5.31.0/*swagger-initializer.js] in 'resourceHandlerMapping'
2026-05-05 12:23:50.513 [restartedMain] DEBUG o.s.w.s.m.m.a.RequestMappingHandlerAdapter.initControllerAdviceCache - ControllerAdvice beans: 0 @ModelAttribute, 0 @InitBinder, 1 RequestBodyAdvice, 1 ResponseBodyAdvice
2026-05-05 12:23:51.007 [restartedMain] INFO  o.s.b.d.a.OptionalLiveReloadServer.startServer - LiveReload server is running on port 35729
2026-05-05 12:23:51.122 [restartedMain] INFO  o.s.b.w.e.tomcat.TomcatWebServer.start - Tomcat started on port 8080 (http) with context path '/api'
2026-05-05 12:23:51.135 [restartedMain] INFO  c.g.api.GymProFitApiApplication.logStarted - Started GymProFitApiApplication in 7.12 seconds (process running for 7.695)
2026-05-05 12:23:51.139 [restartedMain] WARN  o.s.c.events.SpringDocAppInitializer.init - SpringDoc /v3/api-docs endpoint is enabled by default. To disable it in production, set the property 'springdoc.api-docs.enabled=false'
2026-05-05 12:23:51.140 [restartedMain] WARN  o.s.c.events.SpringDocAppInitializer.init - SpringDoc /swagger-ui.html endpoint is enabled by default. To disable it in production, set the property 'springdoc.swagger-ui.enabled=false'
2026-05-05 12:23:54.431 [http-nio-8080-exec-1] INFO  o.a.c.c.C.[.[localhost].[/api].log - Initializing Spring DispatcherServlet 'dispatcherServlet'
2026-05-05 12:23:54.431 [http-nio-8080-exec-1] INFO  o.s.web.servlet.DispatcherServlet.initServletBean - Initializing Servlet 'dispatcherServlet'
2026-05-05 12:23:54.431 [http-nio-8080-exec-1] DEBUG o.s.web.servlet.DispatcherServlet.initMultipartResolver - Detected StandardServletMultipartResolver
2026-05-05 12:23:54.431 [http-nio-8080-exec-1] DEBUG o.s.web.servlet.DispatcherServlet.initLocaleResolver - Detected AcceptHeaderLocaleResolver
2026-05-05 12:23:54.431 [http-nio-8080-exec-1] DEBUG o.s.web.servlet.DispatcherServlet.initThemeResolver - Detected FixedThemeResolver
2026-05-05 12:23:54.434 [http-nio-8080-exec-1] DEBUG o.s.web.servlet.DispatcherServlet.initRequestToViewNameTranslator - Detected org.springframework.web.servlet.view.DefaultRequestToViewNameTranslator@70c262e
2026-05-05 12:23:54.434 [http-nio-8080-exec-1] DEBUG o.s.web.servlet.DispatcherServlet.initFlashMapManager - Detected org.springframework.web.servlet.support.SessionFlashMapManager@2b911220
2026-05-05 12:23:54.434 [http-nio-8080-exec-1] DEBUG o.s.web.servlet.DispatcherServlet.initServletBean - enableLoggingRequestDetails='false': request parameters and headers will be masked to prevent unsafe logging of potentially sensitive data
2026-05-05 12:23:54.435 [http-nio-8080-exec-1] INFO  o.s.web.servlet.DispatcherServlet.initServletBean - Completed initialization in 4 ms
2026-05-05 12:23:54.475 [http-nio-8080-exec-1] DEBUG o.s.web.servlet.DispatcherServlet.traceDebug - GET "/api/v3/api-docs", parameters={}
2026-05-05 12:23:54.481 [http-nio-8080-exec-1] DEBUG o.s.w.s.m.m.a.RequestMappingHandlerMapping.getHandler - Mapped to org.springdoc.webmvc.api.OpenApiWebMvcResource#openapiJson(HttpServletRequest, String, Locale)
2026-05-05 12:23:56.278 [http-nio-8080-exec-1] INFO  o.s.api.AbstractOpenApiResource.getOpenApi - Init duration for springdoc-openapi is: 1750 ms
2026-05-05 12:23:56.346 [http-nio-8080-exec-1] DEBUG o.s.w.s.m.m.a.RequestResponseBodyMethodProcessor.writeWithMessageConverters - Using 'application/json;q=0.8', given [text/html, application/xhtml+xml, image/avif, image/webp, image/apng, application/xml;q=0.9, */*;q=0.8] and supported [application/json]
2026-05-05 12:23:56.385 [http-nio-8080-exec-1] DEBUG o.s.w.s.m.m.a.RequestResponseBodyMethodProcessor.traceDebug - Writing [{123, 34, 111, 112, 101, 110, 97, 112, 105, 34, 58, 34, 51, 46, 49, 46, 48, 34, 44, 34, 105, 110, 10 (truncated)...]
2026-05-05 12:23:56.435 [http-nio-8080-exec-1] DEBUG o.s.web.servlet.DispatcherServlet.logResult - Completed 200 OK
2026-05-05 12:24:27.747 [SpringApplicationShutdownHook] INFO  o.s.b.w.e.tomcat.GracefulShutdown.shutDownGracefully - Commencing graceful shutdown. Waiting for active requests to complete
2026-05-05 12:24:27.759 [tomcat-shutdown] INFO  o.s.b.w.e.tomcat.GracefulShutdown.doShutdown - Graceful shutdown complete
2026-05-05 12:24:27.777 [SpringApplicationShutdownHook] INFO  o.s.o.j.LocalContainerEntityManagerFactoryBean.destroy - Closing JPA EntityManagerFactory for persistence unit 'default'
2026-05-05 12:24:27.784 [SpringApplicationShutdownHook] INFO  com.zaxxer.hikari.HikariDataSource.close - HikariPool-1 - Shutdown initiated...
2026-05-05 12:24:27.789 [SpringApplicationShutdownHook] INFO  com.zaxxer.hikari.HikariDataSource.close - HikariPool-1 - Shutdown completed.
2026-05-05 12:25:10.878 [restartedMain] INFO  c.g.api.GymProFitApiApplication.logStarting - Starting GymProFitApiApplication using Java 21.0.10 with PID 3812 (C:\Users\ruben\Desktop\TFG\TFG-GymProFit\api\gymprofit-api\target\classes started by ruben in C:\Users\ruben\Desktop\TFG\TFG-GymProFit\api\gymprofit-api)
2026-05-05 12:25:10.879 [restartedMain] DEBUG c.g.api.GymProFitApiApplication.logStarting - Running with Spring Boot v3.5.7, Spring v6.2.12
2026-05-05 12:25:10.880 [restartedMain] INFO  c.g.api.GymProFitApiApplication.logStartupProfileInfo - The following 1 profile is active: "dev"
2026-05-05 12:25:10.915 [restartedMain] INFO  o.s.b.d.e.DevToolsPropertyDefaultsPostProcessor.log - Devtools property defaults active! Set 'spring.devtools.add-properties' to 'false' to disable
2026-05-05 12:25:10.916 [restartedMain] INFO  o.s.b.d.e.DevToolsPropertyDefaultsPostProcessor.log - For additional web related logging consider setting the 'logging.level.web' property to 'DEBUG'
2026-05-05 12:25:11.781 [restartedMain] INFO  o.s.d.r.c.RepositoryConfigurationDelegate.registerRepositoriesIn - Bootstrapping Spring Data JPA repositories in DEFAULT mode.
2026-05-05 12:25:11.888 [restartedMain] INFO  o.s.d.r.c.RepositoryConfigurationDelegate.registerRepositoriesIn - Finished Spring Data repository scanning in 100 ms. Found 14 JPA repository interfaces.
2026-05-05 12:25:12.435 [restartedMain] INFO  o.s.b.w.e.tomcat.TomcatWebServer.initialize - Tomcat initialized with port 8080 (http)
2026-05-05 12:25:12.447 [restartedMain] INFO  o.a.catalina.core.StandardService.log - Starting service [Tomcat]
2026-05-05 12:25:12.447 [restartedMain] INFO  o.a.catalina.core.StandardEngine.log - Starting Servlet engine: [Apache Tomcat/10.1.48]
2026-05-05 12:25:12.492 [restartedMain] INFO  o.a.c.c.C.[.[localhost].[/api].log - Initializing Spring embedded WebApplicationContext
2026-05-05 12:25:12.493 [restartedMain] INFO  o.s.b.w.s.c.ServletWebServerApplicationContext.prepareWebApplicationContext - Root WebApplicationContext: initialization completed in 1577 ms
2026-05-05 12:25:12.614 [restartedMain] WARN  o.s.b.a.o.j.JpaBaseConfiguration$JpaWebConfiguration.openEntityManagerInViewInterceptor - spring.jpa.open-in-view is enabled by default. Therefore, database queries may be performed during view rendering. Explicitly configure spring.jpa.open-in-view to disable this warning
2026-05-05 12:25:12.811 [restartedMain] INFO  com.zaxxer.hikari.HikariDataSource.getConnection - HikariPool-1 - Starting...
2026-05-05 12:25:12.879 [restartedMain] INFO  com.zaxxer.hikari.pool.HikariPool.checkFailFast - HikariPool-1 - Added connection org.mariadb.jdbc.Connection@2e7374c9
2026-05-05 12:25:12.881 [restartedMain] INFO  com.zaxxer.hikari.HikariDataSource.getConnection - HikariPool-1 - Start completed.
2026-05-05 12:25:12.895 [restartedMain] INFO  o.f.c.i.r.ResourceNameValidator.info - 4 SQL migrations were detected but not run because they did not follow the filename convention.
2026-05-05 12:25:12.896 [restartedMain] INFO  o.f.c.i.r.ResourceNameValidator.info - Set 'validateMigrationNaming' to true to fail fast and see a list of the invalid file names.
2026-05-05 12:25:12.903 [restartedMain] WARN  o.m.jdbc.message.server.ErrorPacket.warn - Error: 1193-HY000: Unknown system variable 'WSREP_ON'
2026-05-05 12:25:12.920 [restartedMain] INFO  org.flywaydb.core.FlywayExecutor.info - Database: jdbc:mariadb://localhost:3308/gymprofit_db?user=root&password=********&useUnicode=true&characterEncoding=UTF-8 (MariaDB 11.8)
2026-05-05 12:25:12.928 [restartedMain] WARN  o.f.c.i.database.base.Database.warn - Using MariaDB 11.8 which is newer than the version Flyway has been verified with. The latest verified version of MariaDB is 11.7.
2026-05-05 12:25:12.954 [restartedMain] INFO  o.f.c.i.s.JdbcTableSchemaHistory.info - Repair of failed migration in Schema History table `gymprofit_db`.`flyway_schema_history` not necessary. No failed migration detected.
2026-05-05 12:25:12.964 [restartedMain] INFO  o.f.core.internal.command.DbRepair.info - Successfully repaired schema history table `gymprofit_db`.`flyway_schema_history` (execution time 00:00.021s).
2026-05-05 12:25:12.971 [restartedMain] INFO  o.f.c.i.r.ResourceNameValidator.info - 4 SQL migrations were detected but not run because they did not follow the filename convention.
2026-05-05 12:25:12.972 [restartedMain] INFO  o.f.c.i.r.ResourceNameValidator.info - Set 'validateMigrationNaming' to true to fail fast and see a list of the invalid file names.
2026-05-05 12:25:12.972 [restartedMain] WARN  o.m.jdbc.message.server.ErrorPacket.warn - Error: 1193-HY000: Unknown system variable 'WSREP_ON'
2026-05-05 12:25:12.982 [restartedMain] WARN  o.f.c.i.database.base.Database.warn - Using MariaDB 11.8 which is newer than the version Flyway has been verified with. The latest verified version of MariaDB is 11.7.
2026-05-05 12:25:12.989 [restartedMain] INFO  o.f.core.internal.command.DbValidate.info - Successfully validated 0 migrations (execution time 00:00.002s)
2026-05-05 12:25:12.989 [restartedMain] WARN  o.f.core.internal.command.DbValidate.warn - No migrations found. Are your locations set up correctly?
2026-05-05 12:25:12.998 [restartedMain] INFO  o.f.core.internal.command.DbMigrate.info - Current version of schema `gymprofit_db`: << Empty Schema >>
2026-05-05 12:25:13.000 [restartedMain] INFO  o.f.core.internal.command.DbMigrate.info - Schema `gymprofit_db` is up to date. No migration necessary.
2026-05-05 12:25:13.004 [restartedMain] INFO  o.f.c.i.r.ResourceNameValidator.info - 4 SQL migrations were detected but not run because they did not follow the filename convention.
2026-05-05 12:25:13.005 [restartedMain] INFO  o.f.c.i.r.ResourceNameValidator.info - Set 'validateMigrationNaming' to true to fail fast and see a list of the invalid file names.
2026-05-05 12:25:13.005 [restartedMain] WARN  o.m.jdbc.message.server.ErrorPacket.warn - Error: 1193-HY000: Unknown system variable 'WSREP_ON'
2026-05-05 12:25:13.011 [restartedMain] WARN  o.f.c.i.database.base.Database.warn - Using MariaDB 11.8 which is newer than the version Flyway has been verified with. The latest verified version of MariaDB is 11.7.
2026-05-05 12:25:13.015 [restartedMain] INFO  o.f.core.internal.command.DbValidate.info - Successfully validated 0 migrations (execution time 00:00.001s)
2026-05-05 12:25:13.015 [restartedMain] WARN  o.f.core.internal.command.DbValidate.warn - No migrations found. Are your locations set up correctly?
2026-05-05 12:25:13.018 [restartedMain] INFO  o.f.core.internal.command.DbMigrate.info - Current version of schema `gymprofit_db`: << Empty Schema >>
2026-05-05 12:25:13.018 [restartedMain] INFO  o.f.core.internal.command.DbMigrate.info - Schema `gymprofit_db` is up to date. No migration necessary.
2026-05-05 12:25:13.345 [restartedMain] INFO  o.s.o.j.p.SpringPersistenceUnitInfo.addTransformer - No LoadTimeWeaver setup: ignoring JPA class transformer
2026-05-05 12:25:13.396 [restartedMain] WARN  org.hibernate.orm.deprecation.constructDialect - HHH90000025: MariaDBDialect does not need to be specified explicitly using 'hibernate.dialect' (remove the property setting and it will be selected by default)
2026-05-05 12:25:14.373 [restartedMain] INFO  o.s.o.j.LocalContainerEntityManagerFactoryBean.buildNativeEntityManagerFactory - Initialized JPA EntityManagerFactory for persistence unit 'default'
2026-05-05 12:25:14.734 [restartedMain] INFO  o.s.d.j.r.query.QueryEnhancerFactory.<clinit> - Hibernate is in classpath; If applicable, HQL parser will be used.
2026-05-05 12:25:15.423 [restartedMain] DEBUG o.s.w.s.m.m.a.ExceptionHandlerExceptionResolver.initExceptionHandlerAdviceCache - ControllerAdvice beans: 3 @ExceptionHandler, 1 ResponseBodyAdvice
2026-05-05 12:25:15.466 [restartedMain] DEBUG o.s.w.s.m.m.a.ExceptionHandlerExceptionResolver.initExceptionHandlerAdviceCache - ControllerAdvice beans: 3 @ExceptionHandler, 0 ResponseBodyAdvice
2026-05-05 12:25:15.523 [restartedMain] DEBUG c.g.a.c.s.JwtAuthenticationFilter.init - Filter 'jwtAuthenticationFilter' configured for use
2026-05-05 12:25:15.612 [restartedMain] INFO  o.s.s.c.a.a.c.InitializeAuthenticationProviderBeanManagerConfigurer$InitializeAuthenticationProviderManagerConfigurer.configure - Global AuthenticationManager configured with AuthenticationProvider bean with name authenticationProvider
2026-05-05 12:25:15.613 [restartedMain] WARN  o.s.s.c.a.a.c.InitializeUserDetailsBeanManagerConfigurer$InitializeUserDetailsManagerConfigurer.configure - Global AuthenticationManager configured with an AuthenticationProvider bean. UserDetailsService beans will not be used by Spring Security for automatically configuring username/password login. Consider removing the AuthenticationProvider bean. Alternatively, consider using the UserDetailsService in a manually instantiated DaoAuthenticationProvider. If the current configuration is intentional, to turn off this warning, increase the logging level of 'org.springframework.security.config.annotation.authentication.configuration.InitializeUserDetailsBeanManagerConfigurer' to ERROR
2026-05-05 12:25:16.371 [restartedMain] DEBUG o.s.w.s.m.m.a.RequestMappingHandlerMapping.handlerMethodsInitialized - 194 mappings in 'requestMappingHandlerMapping'
2026-05-05 12:25:16.408 [restartedMain] DEBUG o.s.w.s.h.SimpleUrlHandlerMapping.logMappings - Patterns [/webjars/**, /**, /swagger-ui/**, /swagger-ui/*swagger-initializer.js, /webjars/*swagger-ui/**, /webjars/*swagger-ui/*swagger-initializer.js, /webjars/*swagger-ui/5.31.0/*swagger-initializer.js] in 'resourceHandlerMapping'
2026-05-05 12:25:16.629 [restartedMain] DEBUG o.s.w.s.m.m.a.RequestMappingHandlerAdapter.initControllerAdviceCache - ControllerAdvice beans: 0 @ModelAttribute, 0 @InitBinder, 1 RequestBodyAdvice, 1 ResponseBodyAdvice
2026-05-05 12:25:16.927 [restartedMain] INFO  o.s.b.d.a.OptionalLiveReloadServer.startServer - LiveReload server is running on port 35729
2026-05-05 12:25:16.997 [restartedMain] INFO  o.s.b.w.e.tomcat.TomcatWebServer.start - Tomcat started on port 8080 (http) with context path '/api'
2026-05-05 12:25:17.009 [restartedMain] INFO  c.g.api.GymProFitApiApplication.logStarted - Started GymProFitApiApplication in 6.571 seconds (process running for 7.11)
2026-05-05 12:25:17.011 [restartedMain] WARN  o.s.c.events.SpringDocAppInitializer.init - SpringDoc /v3/api-docs endpoint is enabled by default. To disable it in production, set the property 'springdoc.api-docs.enabled=false'
2026-05-05 12:25:17.012 [restartedMain] WARN  o.s.c.events.SpringDocAppInitializer.init - SpringDoc /swagger-ui.html endpoint is enabled by default. To disable it in production, set the property 'springdoc.swagger-ui.enabled=false'
2026-05-05 12:25:23.776 [http-nio-8080-exec-1] INFO  o.a.c.c.C.[.[localhost].[/api].log - Initializing Spring DispatcherServlet 'dispatcherServlet'
2026-05-05 12:25:23.776 [http-nio-8080-exec-1] INFO  o.s.web.servlet.DispatcherServlet.initServletBean - Initializing Servlet 'dispatcherServlet'
2026-05-05 12:25:23.776 [http-nio-8080-exec-1] DEBUG o.s.web.servlet.DispatcherServlet.initMultipartResolver - Detected StandardServletMultipartResolver
2026-05-05 12:25:23.776 [http-nio-8080-exec-1] DEBUG o.s.web.servlet.DispatcherServlet.initLocaleResolver - Detected AcceptHeaderLocaleResolver
2026-05-05 12:25:23.776 [http-nio-8080-exec-1] DEBUG o.s.web.servlet.DispatcherServlet.initThemeResolver - Detected FixedThemeResolver
2026-05-05 12:25:23.776 [http-nio-8080-exec-1] DEBUG o.s.web.servlet.DispatcherServlet.initRequestToViewNameTranslator - Detected org.springframework.web.servlet.view.DefaultRequestToViewNameTranslator@2cc6dde8
2026-05-05 12:25:23.776 [http-nio-8080-exec-1] DEBUG o.s.web.servlet.DispatcherServlet.initFlashMapManager - Detected org.springframework.web.servlet.support.SessionFlashMapManager@5121c21c
2026-05-05 12:25:23.776 [http-nio-8080-exec-1] DEBUG o.s.web.servlet.DispatcherServlet.initServletBean - enableLoggingRequestDetails='false': request parameters and headers will be masked to prevent unsafe logging of potentially sensitive data
2026-05-05 12:25:23.776 [http-nio-8080-exec-1] INFO  o.s.web.servlet.DispatcherServlet.initServletBean - Completed initialization in 0 ms
2026-05-05 12:25:23.818 [http-nio-8080-exec-1] DEBUG o.s.web.servlet.DispatcherServlet.traceDebug - GET "/api/v3/api-docs", parameters={}
2026-05-05 12:25:23.826 [http-nio-8080-exec-1] DEBUG o.s.w.s.m.m.a.RequestMappingHandlerMapping.getHandler - Mapped to org.springdoc.webmvc.api.OpenApiWebMvcResource#openapiJson(HttpServletRequest, String, Locale)
2026-05-05 12:25:25.790 [http-nio-8080-exec-1] INFO  o.s.api.AbstractOpenApiResource.getOpenApi - Init duration for springdoc-openapi is: 1940 ms
2026-05-05 12:25:25.841 [http-nio-8080-exec-1] DEBUG o.s.w.s.m.m.a.RequestResponseBodyMethodProcessor.writeWithMessageConverters - Using 'application/json;q=0.8', given [text/html, application/xhtml+xml, image/avif, image/webp, image/apng, application/xml;q=0.9, */*;q=0.8] and supported [application/json]
2026-05-05 12:25:25.858 [http-nio-8080-exec-1] DEBUG o.s.w.s.m.m.a.RequestResponseBodyMethodProcessor.traceDebug - Writing [{123, 34, 111, 112, 101, 110, 97, 112, 105, 34, 58, 34, 51, 46, 49, 46, 48, 34, 44, 34, 105, 110, 10 (truncated)...]
2026-05-05 12:25:25.868 [http-nio-8080-exec-1] DEBUG o.s.web.servlet.DispatcherServlet.logResult - Completed 200 OK
2026-05-05 12:26:10.181 [http-nio-8080-exec-2] DEBUG o.s.web.servlet.DispatcherServlet.traceDebug - GET "/api/swagger-ui/index.html", parameters={}
2026-05-05 12:26:10.187 [http-nio-8080-exec-2] DEBUG o.s.w.s.h.SimpleUrlHandlerMapping.getHandler - Mapped to ResourceHttpRequestHandler [classpath [META-INF/resources/webjars/swagger-ui/5.31.0/]]
2026-05-05 12:26:10.216 [http-nio-8080-exec-2] DEBUG o.s.web.servlet.DispatcherServlet.logResult - Completed 200 OK
2026-05-05 12:26:10.268 [http-nio-8080-exec-3] DEBUG o.s.web.servlet.DispatcherServlet.traceDebug - GET "/api/swagger-ui/swagger-ui.css", parameters={}
2026-05-05 12:26:10.268 [http-nio-8080-exec-7] DEBUG o.s.web.servlet.DispatcherServlet.traceDebug - GET "/api/swagger-ui/swagger-initializer.js", parameters={}
2026-05-05 12:26:10.268 [http-nio-8080-exec-5] DEBUG o.s.web.servlet.DispatcherServlet.traceDebug - GET "/api/swagger-ui/swagger-ui-bundle.js", parameters={}
2026-05-05 12:26:10.273 [http-nio-8080-exec-4] DEBUG o.s.web.servlet.DispatcherServlet.traceDebug - GET "/api/swagger-ui/index.css", parameters={}
2026-05-05 12:26:10.274 [http-nio-8080-exec-6] DEBUG o.s.web.servlet.DispatcherServlet.traceDebug - GET "/api/swagger-ui/swagger-ui-standalone-preset.js", parameters={}
2026-05-05 12:26:10.276 [http-nio-8080-exec-3] DEBUG o.s.w.s.h.SimpleUrlHandlerMapping.getHandler - Mapped to ResourceHttpRequestHandler [classpath [META-INF/resources/webjars/swagger-ui/5.31.0/]]
2026-05-05 12:26:10.276 [http-nio-8080-exec-7] DEBUG o.s.w.s.h.SimpleUrlHandlerMapping.getHandler - Mapped to ResourceHttpRequestHandler [classpath [META-INF/resources/webjars/swagger-ui/5.31.0/]]
2026-05-05 12:26:10.276 [http-nio-8080-exec-5] DEBUG o.s.w.s.h.SimpleUrlHandlerMapping.getHandler - Mapped to ResourceHttpRequestHandler [classpath [META-INF/resources/webjars/swagger-ui/5.31.0/]]
2026-05-05 12:26:10.277 [http-nio-8080-exec-4] DEBUG o.s.w.s.h.SimpleUrlHandlerMapping.getHandler - Mapped to ResourceHttpRequestHandler [classpath [META-INF/resources/webjars/swagger-ui/5.31.0/]]
2026-05-05 12:26:10.277 [http-nio-8080-exec-6] DEBUG o.s.w.s.h.SimpleUrlHandlerMapping.getHandler - Mapped to ResourceHttpRequestHandler [classpath [META-INF/resources/webjars/swagger-ui/5.31.0/]]
2026-05-05 12:26:10.282 [http-nio-8080-exec-4] DEBUG o.s.web.servlet.DispatcherServlet.logResult - Completed 200 OK
2026-05-05 12:26:10.289 [http-nio-8080-exec-3] DEBUG o.s.web.servlet.DispatcherServlet.logResult - Completed 200 OK
2026-05-05 12:26:10.293 [http-nio-8080-exec-6] DEBUG o.s.web.servlet.DispatcherServlet.logResult - Completed 200 OK
2026-05-05 12:26:10.293 [http-nio-8080-exec-7] DEBUG o.s.web.servlet.DispatcherServlet.logResult - Completed 200 OK
2026-05-05 12:26:10.308 [http-nio-8080-exec-5] DEBUG o.s.web.servlet.DispatcherServlet.logResult - Completed 200 OK
2026-05-05 12:26:10.443 [http-nio-8080-exec-8] DEBUG o.s.web.servlet.DispatcherServlet.traceDebug - GET "/api/v3/api-docs/swagger-config", parameters={}
2026-05-05 12:26:10.443 [http-nio-8080-exec-8] DEBUG o.s.w.s.m.m.a.RequestMappingHandlerMapping.getHandler - Mapped to org.springdoc.webmvc.ui.SwaggerConfigResource#openapiJson(HttpServletRequest)
2026-05-05 12:26:10.447 [http-nio-8080-exec-8] DEBUG o.s.w.s.m.m.a.RequestResponseBodyMethodProcessor.writeWithMessageConverters - Using 'application/json', given [*/*] and supported [application/json]
2026-05-05 12:26:10.447 [http-nio-8080-exec-8] DEBUG o.s.w.s.m.m.a.RequestResponseBodyMethodProcessor.traceDebug - Writing [{configUrl=/api/v3/api-docs/swagger-config, oauth2RedirectUrl=http://localhost:8080/api/swagger-ui/o (truncated)...]
2026-05-05 12:26:10.458 [http-nio-8080-exec-8] DEBUG o.s.web.servlet.DispatcherServlet.logResult - Completed 200 OK
2026-05-05 12:26:10.492 [http-nio-8080-exec-9] DEBUG o.s.web.servlet.DispatcherServlet.traceDebug - GET "/api/v3/api-docs", parameters={}
2026-05-05 12:26:10.492 [http-nio-8080-exec-9] DEBUG o.s.w.s.m.m.a.RequestMappingHandlerMapping.getHandler - Mapped to org.springdoc.webmvc.api.OpenApiWebMvcResource#openapiJson(HttpServletRequest, String, Locale)
2026-05-05 12:26:10.512 [http-nio-8080-exec-9] DEBUG o.s.w.s.m.m.a.RequestResponseBodyMethodProcessor.writeWithMessageConverters - Using 'application/json', given [application/json, */*] and supported [application/json]
2026-05-05 12:26:10.530 [http-nio-8080-exec-9] DEBUG o.s.w.s.m.m.a.RequestResponseBodyMethodProcessor.traceDebug - Writing [{123, 34, 111, 112, 101, 110, 97, 112, 105, 34, 58, 34, 51, 46, 49, 46, 48, 34, 44, 34, 105, 110, 10 (truncated)...]
2026-05-05 12:26:10.536 [http-nio-8080-exec-9] DEBUG o.s.web.servlet.DispatcherServlet.logResult - Completed 200 OK
2026-05-05 12:26:15.702 [http-nio-8080-exec-1] DEBUG o.s.web.servlet.DispatcherServlet.traceDebug - GET "/api/swagger-ui/index.html", parameters={}
2026-05-05 12:26:15.705 [http-nio-8080-exec-1] DEBUG o.s.w.s.h.SimpleUrlHandlerMapping.getHandler - Mapped to ResourceHttpRequestHandler [classpath [META-INF/resources/webjars/swagger-ui/5.31.0/]]
2026-05-05 12:26:15.713 [http-nio-8080-exec-1] DEBUG o.s.web.servlet.DispatcherServlet.logResult - Completed 200 OK
2026-05-05 12:26:15.777 [http-nio-8080-exec-7] DEBUG o.s.web.servlet.DispatcherServlet.traceDebug - GET "/api/swagger-ui/swagger-initializer.js", parameters={}
2026-05-05 12:26:15.777 [http-nio-8080-exec-2] DEBUG o.s.web.servlet.DispatcherServlet.traceDebug - GET "/api/swagger-ui/swagger-ui.css", parameters={}
2026-05-05 12:26:15.777 [http-nio-8080-exec-4] DEBUG o.s.web.servlet.DispatcherServlet.traceDebug - GET "/api/swagger-ui/index.css", parameters={}
2026-05-05 12:26:15.777 [http-nio-8080-exec-3] DEBUG o.s.web.servlet.DispatcherServlet.traceDebug - GET "/api/swagger-ui/swagger-ui-bundle.js", parameters={}
2026-05-05 12:26:15.781 [http-nio-8080-exec-2] DEBUG o.s.w.s.h.SimpleUrlHandlerMapping.getHandler - Mapped to ResourceHttpRequestHandler [classpath [META-INF/resources/webjars/swagger-ui/5.31.0/]]
2026-05-05 12:26:15.781 [http-nio-8080-exec-7] DEBUG o.s.w.s.h.SimpleUrlHandlerMapping.getHandler - Mapped to ResourceHttpRequestHandler [classpath [META-INF/resources/webjars/swagger-ui/5.31.0/]]
2026-05-05 12:26:15.781 [http-nio-8080-exec-4] DEBUG o.s.w.s.h.SimpleUrlHandlerMapping.getHandler - Mapped to ResourceHttpRequestHandler [classpath [META-INF/resources/webjars/swagger-ui/5.31.0/]]
2026-05-05 12:26:15.779 [http-nio-8080-exec-6] DEBUG o.s.web.servlet.DispatcherServlet.traceDebug - GET "/api/swagger-ui/swagger-ui-standalone-preset.js", parameters={}
2026-05-05 12:26:15.783 [http-nio-8080-exec-3] DEBUG o.s.w.s.h.SimpleUrlHandlerMapping.getHandler - Mapped to ResourceHttpRequestHandler [classpath [META-INF/resources/webjars/swagger-ui/5.31.0/]]
2026-05-05 12:26:15.787 [http-nio-8080-exec-6] DEBUG o.s.w.s.h.SimpleUrlHandlerMapping.getHandler - Mapped to ResourceHttpRequestHandler [classpath [META-INF/resources/webjars/swagger-ui/5.31.0/]]
2026-05-05 12:26:15.791 [http-nio-8080-exec-7] DEBUG o.s.web.servlet.DispatcherServlet.logResult - Completed 200 OK
2026-05-05 12:26:15.791 [http-nio-8080-exec-4] DEBUG o.s.web.servlet.DispatcherServlet.logResult - Completed 200 OK
2026-05-05 12:26:15.791 [http-nio-8080-exec-2] DEBUG o.s.web.servlet.DispatcherServlet.logResult - Completed 200 OK
2026-05-05 12:26:15.797 [http-nio-8080-exec-6] DEBUG o.s.web.servlet.DispatcherServlet.logResult - Completed 200 OK
2026-05-05 12:26:15.812 [http-nio-8080-exec-3] DEBUG o.s.web.servlet.DispatcherServlet.logResult - Completed 200 OK
2026-05-05 12:26:15.891 [http-nio-8080-exec-5] DEBUG o.s.web.servlet.DispatcherServlet.traceDebug - GET "/api/v3/api-docs/swagger-config", parameters={}
2026-05-05 12:26:15.892 [http-nio-8080-exec-5] DEBUG o.s.w.s.m.m.a.RequestMappingHandlerMapping.getHandler - Mapped to org.springdoc.webmvc.ui.SwaggerConfigResource#openapiJson(HttpServletRequest)
2026-05-05 12:26:15.894 [http-nio-8080-exec-5] DEBUG o.s.w.s.m.m.a.RequestResponseBodyMethodProcessor.writeWithMessageConverters - Using 'application/json', given [*/*] and supported [application/json]
2026-05-05 12:26:15.894 [http-nio-8080-exec-5] DEBUG o.s.w.s.m.m.a.RequestResponseBodyMethodProcessor.traceDebug - Writing [{configUrl=/api/v3/api-docs/swagger-config, oauth2RedirectUrl=http://localhost:8080/api/swagger-ui/o (truncated)...]
2026-05-05 12:26:15.895 [http-nio-8080-exec-5] DEBUG o.s.web.servlet.DispatcherServlet.logResult - Completed 200 OK
2026-05-05 12:26:15.902 [http-nio-8080-exec-8] DEBUG o.s.web.servlet.DispatcherServlet.traceDebug - GET "/api/v3/api-docs", parameters={}
2026-05-05 12:26:15.902 [http-nio-8080-exec-8] DEBUG o.s.w.s.m.m.a.RequestMappingHandlerMapping.getHandler - Mapped to org.springdoc.webmvc.api.OpenApiWebMvcResource#openapiJson(HttpServletRequest, String, Locale)
2026-05-05 12:26:15.918 [http-nio-8080-exec-8] DEBUG o.s.w.s.m.m.a.RequestResponseBodyMethodProcessor.writeWithMessageConverters - Using 'application/json', given [application/json, */*] and supported [application/json]
2026-05-05 12:26:15.941 [http-nio-8080-exec-8] DEBUG o.s.w.s.m.m.a.RequestResponseBodyMethodProcessor.traceDebug - Writing [{123, 34, 111, 112, 101, 110, 97, 112, 105, 34, 58, 34, 51, 46, 49, 46, 48, 34, 44, 34, 105, 110, 10 (truncated)...]
2026-05-05 12:26:15.942 [http-nio-8080-exec-8] DEBUG o.s.web.servlet.DispatcherServlet.logResult - Completed 200 OK
2026-05-05 12:29:40.548 [http-nio-8080-exec-2] DEBUG o.s.web.servlet.DispatcherServlet.traceDebug - POST "/api/auth/register", parameters={}
2026-05-05 12:29:40.549 [http-nio-8080-exec-2] DEBUG o.s.w.s.m.m.a.RequestMappingHandlerMapping.getHandler - Mapped to com.gymprofit.api.controller.AuthController#register(RegisterDTO)
2026-05-05 12:29:40.561 [http-nio-8080-exec-2] DEBUG o.s.w.s.m.m.a.RequestResponseBodyMethodProcessor.traceDebug - Read "application/json;charset=UTF-8" to [RegisterDTO(username=test2, password=123456, email=test2@gmail.com, peso=null, altura=null, edad=nul (truncated)...]
2026-05-05 12:29:40.589 [http-nio-8080-exec-2] INFO  c.g.api.service.auth.AuthService.register - Registrando nuevo usuario: test2
2026-05-05 12:29:40.729 [http-nio-8080-exec-2] DEBUG org.hibernate.SQL.logStatement - 
    select
        u1_0.id 
    from
        usuarios u1_0 
    where
        u1_0.username=? 
    limit
        ?
2026-05-05 12:29:40.765 [http-nio-8080-exec-2] DEBUG org.hibernate.SQL.logStatement - 
    select
        u1_0.id 
    from
        usuarios u1_0 
    where
        u1_0.email=? 
    limit
        ?
2026-05-05 12:29:40.780 [http-nio-8080-exec-2] DEBUG org.hibernate.SQL.logStatement - 
    select
        r1_0.id,
        r1_0.nombre 
    from
        roles r1_0 
    where
        r1_0.nombre=?
2026-05-05 12:29:40.991 [http-nio-8080-exec-2] DEBUG org.hibernate.SQL.logStatement - 
    insert 
    into
        usuarios
        (activo, altura, edad, email, fecha_registro, nivel_experiencia, objetivo, password, peso, username) 
    values
        (?, ?, ?, ?, ?, ?, ?, ?, ?, ?)
2026-05-05 12:29:41.025 [http-nio-8080-exec-2] INFO  c.g.api.service.auth.AuthService.register - Usuario 'test2' registrado correctamente con roles: USER
2026-05-05 12:29:41.051 [http-nio-8080-exec-2] DEBUG org.hibernate.SQL.logStatement - 
    insert 
    into
        usuario_roles
        (usuario_id, role_id) 
    values
        (?, ?)
2026-05-05 12:29:41.061 [http-nio-8080-exec-2] DEBUG o.s.w.s.m.m.a.HttpEntityMethodProcessor.writeWithMessageConverters - Using 'application/json', given [*/*] and supported [application/json, application/*+json, application/yaml]
2026-05-05 12:29:41.062 [http-nio-8080-exec-2] DEBUG o.s.w.s.m.m.a.HttpEntityMethodProcessor.traceDebug - Writing [{mensaje=Usuario registrado correctamente}]
2026-05-05 12:29:41.065 [http-nio-8080-exec-2] DEBUG o.s.web.servlet.DispatcherServlet.logResult - Completed 201 CREATED
2026-05-05 12:29:41.353 [http-nio-8080-exec-6] DEBUG o.s.web.servlet.DispatcherServlet.traceDebug - POST "/api/auth/login", parameters={}
2026-05-05 12:29:41.354 [http-nio-8080-exec-6] DEBUG o.s.w.s.m.m.a.RequestMappingHandlerMapping.getHandler - Mapped to com.gymprofit.api.controller.AuthController#login(LoginDTO)
2026-05-05 12:29:41.355 [http-nio-8080-exec-6] DEBUG o.s.w.s.m.m.a.RequestResponseBodyMethodProcessor.traceDebug - Read "application/json;charset=UTF-8" to [LoginDTO(username=test2, password=123456)]
2026-05-05 12:29:41.357 [http-nio-8080-exec-6] INFO  c.g.api.service.auth.AuthService.login - Iniciando sesión para usuario: test2
2026-05-05 12:29:41.467 [http-nio-8080-exec-6] DEBUG org.hibernate.SQL.logStatement - 
    select
        u1_0.id,
        u1_0.activo,
        u1_0.altura,
        u1_0.edad,
        u1_0.email,
        u1_0.fecha_registro,
        u1_0.nivel_experiencia,
        u1_0.objetivo,
        u1_0.password,
        u1_0.peso,
        u1_0.username 
    from
        usuarios u1_0 
    where
        u1_0.username=?
2026-05-05 12:29:41.475 [http-nio-8080-exec-6] DEBUG org.hibernate.SQL.logStatement - 
    select
        r1_0.usuario_id,
        r1_1.id,
        r1_1.nombre 
    from
        usuario_roles r1_0 
    join
        roles r1_1 
            on r1_1.id=r1_0.role_id 
    where
        r1_0.usuario_id=?
2026-05-05 12:29:41.736 [http-nio-8080-exec-6] DEBUG org.hibernate.SQL.logStatement - 
    select
        u1_0.id,
        u1_0.activo,
        u1_0.altura,
        u1_0.edad,
        u1_0.email,
        u1_0.fecha_registro,
        u1_0.nivel_experiencia,
        u1_0.objetivo,
        u1_0.password,
        u1_0.peso,
        u1_0.username 
    from
        usuarios u1_0 
    where
        u1_0.username=?
2026-05-05 12:29:41.739 [http-nio-8080-exec-6] INFO  c.g.api.service.auth.AuthService.login - Login exitoso para usuario: test2
2026-05-05 12:29:41.741 [http-nio-8080-exec-6] DEBUG o.s.w.s.m.m.a.HttpEntityMethodProcessor.writeWithMessageConverters - Using 'application/json', given [*/*] and supported [application/json, application/*+json, application/yaml]
2026-05-05 12:29:41.742 [http-nio-8080-exec-6] DEBUG o.s.w.s.m.m.a.HttpEntityMethodProcessor.traceDebug - Writing [TokenDTO(token=eyJhbGciOiJIUzUxMiJ9.eyJzdWIiOiJ0ZXN0MiIsImlhdCI6MTc3Nzk3Njk4MSwiZXhwIjoxNzc4MDYzMzgx (truncated)...]
2026-05-05 12:29:41.745 [http-nio-8080-exec-6] DEBUG o.s.web.servlet.DispatcherServlet.logResult - Completed 200 OK
2026-05-05 12:29:41.885 [http-nio-8080-exec-3] DEBUG org.hibernate.SQL.logStatement - 
    select
        u1_0.id,
        u1_0.activo,
        u1_0.altura,
        u1_0.edad,
        u1_0.email,
        u1_0.fecha_registro,
        u1_0.nivel_experiencia,
        u1_0.objetivo,
        u1_0.password,
        u1_0.peso,
        u1_0.username 
    from
        usuarios u1_0 
    where
        u1_0.username=?
2026-05-05 12:29:41.886 [http-nio-8080-exec-3] DEBUG org.hibernate.SQL.logStatement - 
    select
        r1_0.usuario_id,
        r1_1.id,
        r1_1.nombre 
    from
        usuario_roles r1_0 
    join
        roles r1_1 
            on r1_1.id=r1_0.role_id 
    where
        r1_0.usuario_id=?
2026-05-05 12:29:41.893 [http-nio-8080-exec-3] DEBUG o.s.web.servlet.DispatcherServlet.traceDebug - GET "/api/usuarios/username/test2", parameters={}
2026-05-05 12:29:41.932 [http-nio-8080-exec-3] DEBUG o.s.w.s.m.m.a.ExceptionHandlerExceptionResolver.doResolveHandlerMethodException - Using @ExceptionHandler com.gymprofit.api.exceptions.ControllerExceptionHandler#handleException(Exception)
2026-05-05 12:29:41.933 [http-nio-8080-exec-3] ERROR c.g.a.e.ControllerExceptionHandler.handleException - EntityRepresentationModel not found
org.springframework.data.rest.webmvc.ResourceNotFoundException: EntityRepresentationModel not found
	at org.springframework.data.rest.webmvc.RepositoryPropertyReferenceController.doWithReferencedProperty(RepositoryPropertyReferenceController.java:377)
	at org.springframework.data.rest.webmvc.RepositoryPropertyReferenceController.followPropertyReference(RepositoryPropertyReferenceController.java:129)
	at java.base/jdk.internal.reflect.DirectMethodHandleAccessor.invoke(DirectMethodHandleAccessor.java:103)
	at java.base/java.lang.reflect.Method.invoke(Method.java:580)
	at org.springframework.web.method.support.InvocableHandlerMethod.doInvoke(InvocableHandlerMethod.java:258)
	at org.springframework.web.method.support.InvocableHandlerMethod.invokeForRequest(InvocableHandlerMethod.java:191)
	at org.springframework.web.servlet.mvc.method.annotation.ServletInvocableHandlerMethod.invokeAndHandle(ServletInvocableHandlerMethod.java:118)
	at org.springframework.web.servlet.mvc.method.annotation.RequestMappingHandlerAdapter.invokeHandlerMethod(RequestMappingHandlerAdapter.java:991)
	at org.springframework.web.servlet.mvc.method.annotation.RequestMappingHandlerAdapter.handleInternal(RequestMappingHandlerAdapter.java:896)
	at org.springframework.web.servlet.mvc.method.AbstractHandlerMethodAdapter.handle(AbstractHandlerMethodAdapter.java:87)
	at org.springframework.web.servlet.DispatcherServlet.doDispatch(DispatcherServlet.java:1089)
	at org.springframework.web.servlet.DispatcherServlet.doService(DispatcherServlet.java:979)
	at org.springframework.web.servlet.FrameworkServlet.processRequest(FrameworkServlet.java:1014)
	at org.springframework.web.servlet.FrameworkServlet.doGet(FrameworkServlet.java:903)
	at jakarta.servlet.http.HttpServlet.service(HttpServlet.java:564)
	at org.springframework.web.servlet.FrameworkServlet.service(FrameworkServlet.java:885)
	at jakarta.servlet.http.HttpServlet.service(HttpServlet.java:658)
	at org.apache.catalina.core.ApplicationFilterChain.internalDoFilter(ApplicationFilterChain.java:193)
	at org.apache.catalina.core.ApplicationFilterChain.doFilter(ApplicationFilterChain.java:138)
	at org.apache.tomcat.websocket.server.WsFilter.doFilter(WsFilter.java:51)
	at org.apache.catalina.core.ApplicationFilterChain.internalDoFilter(ApplicationFilterChain.java:162)
	at org.apache.catalina.core.ApplicationFilterChain.doFilter(ApplicationFilterChain.java:138)
	at org.springframework.web.filter.OncePerRequestFilter.doFilter(OncePerRequestFilter.java:110)
	at org.apache.catalina.core.ApplicationFilterChain.internalDoFilter(ApplicationFilterChain.java:162)
	at org.apache.catalina.core.ApplicationFilterChain.doFilter(ApplicationFilterChain.java:138)
	at org.springframework.web.filter.CompositeFilter$VirtualFilterChain.doFilter(CompositeFilter.java:108)
	at org.springframework.web.filter.CompositeFilter$VirtualFilterChain.doFilter(CompositeFilter.java:108)
	at org.springframework.security.web.FilterChainProxy.lambda$doFilterInternal$3(FilterChainProxy.java:231)
	at org.springframework.security.web.FilterChainProxy$VirtualFilterChain.doFilter(FilterChainProxy.java:365)
	at org.springframework.security.web.access.intercept.AuthorizationFilter.doFilter(AuthorizationFilter.java:101)
	at org.springframework.security.web.FilterChainProxy$VirtualFilterChain.doFilter(FilterChainProxy.java:374)
	at org.springframework.security.web.access.ExceptionTranslationFilter.doFilter(ExceptionTranslationFilter.java:125)
	at org.springframework.security.web.access.ExceptionTranslationFilter.doFilter(ExceptionTranslationFilter.java:119)
	at org.springframework.security.web.FilterChainProxy$VirtualFilterChain.doFilter(FilterChainProxy.java:374)
	at org.springframework.security.web.session.SessionManagementFilter.doFilter(SessionManagementFilter.java:131)
	at org.springframework.security.web.session.SessionManagementFilter.doFilter(SessionManagementFilter.java:85)
	at org.springframework.security.web.FilterChainProxy$VirtualFilterChain.doFilter(FilterChainProxy.java:374)
	at org.springframework.security.web.authentication.AnonymousAuthenticationFilter.doFilter(AnonymousAuthenticationFilter.java:100)
	at org.springframework.security.web.FilterChainProxy$VirtualFilterChain.doFilter(FilterChainProxy.java:374)
	at org.springframework.security.web.servletapi.SecurityContextHolderAwareRequestFilter.doFilter(SecurityContextHolderAwareRequestFilter.java:179)
	at org.springframework.security.web.FilterChainProxy$VirtualFilterChain.doFilter(FilterChainProxy.java:374)
	at org.springframework.security.web.savedrequest.RequestCacheAwareFilter.doFilter(RequestCacheAwareFilter.java:63)
	at org.springframework.security.web.FilterChainProxy$VirtualFilterChain.doFilter(FilterChainProxy.java:374)
	at com.gymprofit.api.config.security.JwtAuthenticationFilter.doFilterInternal(JwtAuthenticationFilter.java:56)
	at org.springframework.web.filter.OncePerRequestFilter.doFilter(OncePerRequestFilter.java:116)
	at org.springframework.security.web.FilterChainProxy$VirtualFilterChain.doFilter(FilterChainProxy.java:374)
	at org.springframework.security.web.authentication.logout.LogoutFilter.doFilter(LogoutFilter.java:107)
	at org.springframework.security.web.authentication.logout.LogoutFilter.doFilter(LogoutFilter.java:93)
	at org.springframework.security.web.FilterChainProxy$VirtualFilterChain.doFilter(FilterChainProxy.java:374)
	at org.springframework.web.filter.CorsFilter.doFilterInternal(CorsFilter.java:91)
	at org.springframework.web.filter.OncePerRequestFilter.doFilter(OncePerRequestFilter.java:116)
	at org.springframework.security.web.FilterChainProxy$VirtualFilterChain.doFilter(FilterChainProxy.java:374)
	at org.springframework.security.web.header.HeaderWriterFilter.doHeadersAfter(HeaderWriterFilter.java:90)
	at org.springframework.security.web.header.HeaderWriterFilter.doFilterInternal(HeaderWriterFilter.java:75)
	at org.springframework.web.filter.OncePerRequestFilter.doFilter(OncePerRequestFilter.java:116)
	at org.springframework.security.web.FilterChainProxy$VirtualFilterChain.doFilter(FilterChainProxy.java:374)
	at org.springframework.security.web.context.SecurityContextHolderFilter.doFilter(SecurityContextHolderFilter.java:82)
	at org.springframework.security.web.context.SecurityContextHolderFilter.doFilter(SecurityContextHolderFilter.java:69)
	at org.springframework.security.web.FilterChainProxy$VirtualFilterChain.doFilter(FilterChainProxy.java:374)
	at org.springframework.security.web.context.request.async.WebAsyncManagerIntegrationFilter.doFilterInternal(WebAsyncManagerIntegrationFilter.java:62)
	at org.springframework.web.filter.OncePerRequestFilter.doFilter(OncePerRequestFilter.java:116)
	at org.springframework.security.web.FilterChainProxy$VirtualFilterChain.doFilter(FilterChainProxy.java:374)
	at org.springframework.security.web.session.DisableEncodeUrlFilter.doFilterInternal(DisableEncodeUrlFilter.java:42)
	at org.springframework.web.filter.OncePerRequestFilter.doFilter(OncePerRequestFilter.java:116)
	at org.springframework.security.web.FilterChainProxy$VirtualFilterChain.doFilter(FilterChainProxy.java:374)
	at org.springframework.security.web.FilterChainProxy.doFilterInternal(FilterChainProxy.java:233)
	at org.springframework.security.web.FilterChainProxy.doFilter(FilterChainProxy.java:191)
	at org.springframework.web.filter.CompositeFilter$VirtualFilterChain.doFilter(CompositeFilter.java:113)
	at org.springframework.web.filter.ServletRequestPathFilter.doFilter(ServletRequestPathFilter.java:52)
	at org.springframework.web.filter.CompositeFilter$VirtualFilterChain.doFilter(CompositeFilter.java:113)
	at org.springframework.web.filter.CompositeFilter.doFilter(CompositeFilter.java:74)
	at org.springframework.security.config.annotation.web.configuration.WebSecurityConfiguration$CompositeFilterChainProxy.doFilter(WebSecurityConfiguration.java:319)
	at org.springframework.web.filter.CompositeFilter$VirtualFilterChain.doFilter(CompositeFilter.java:113)
	at org.springframework.web.servlet.handler.HandlerMappingIntrospector.lambda$createCacheFilter$4(HandlerMappingIntrospector.java:267)
	at org.springframework.web.filter.CompositeFilter$VirtualFilterChain.doFilter(CompositeFilter.java:113)
	at org.springframework.web.filter.CompositeFilter.doFilter(CompositeFilter.java:74)
	at org.springframework.security.config.annotation.web.configuration.WebMvcSecurityConfiguration$CompositeFilterChainProxy.doFilter(WebMvcSecurityConfiguration.java:240)
	at org.springframework.web.filter.DelegatingFilterProxy.invokeDelegate(DelegatingFilterProxy.java:362)
	at org.springframework.web.filter.DelegatingFilterProxy.doFilter(DelegatingFilterProxy.java:278)
	at org.apache.catalina.core.ApplicationFilterChain.internalDoFilter(ApplicationFilterChain.java:162)
	at org.apache.catalina.core.ApplicationFilterChain.doFilter(ApplicationFilterChain.java:138)
	at org.springframework.web.filter.RequestContextFilter.doFilterInternal(RequestContextFilter.java:100)
	at org.springframework.web.filter.OncePerRequestFilter.doFilter(OncePerRequestFilter.java:116)
	at org.apache.catalina.core.ApplicationFilterChain.internalDoFilter(ApplicationFilterChain.java:162)
	at org.apache.catalina.core.ApplicationFilterChain.doFilter(ApplicationFilterChain.java:138)
	at org.springframework.web.filter.FormContentFilter.doFilterInternal(FormContentFilter.java:93)
	at org.springframework.web.filter.OncePerRequestFilter.doFilter(OncePerRequestFilter.java:116)
	at org.apache.catalina.core.ApplicationFilterChain.internalDoFilter(ApplicationFilterChain.java:162)
	at org.apache.catalina.core.ApplicationFilterChain.doFilter(ApplicationFilterChain.java:138)
	at org.springframework.web.filter.CharacterEncodingFilter.doFilterInternal(CharacterEncodingFilter.java:201)
	at org.springframework.web.filter.OncePerRequestFilter.doFilter(OncePerRequestFilter.java:116)
	at org.apache.catalina.core.ApplicationFilterChain.internalDoFilter(ApplicationFilterChain.java:162)
	at org.apache.catalina.core.ApplicationFilterChain.doFilter(ApplicationFilterChain.java:138)
	at org.apache.catalina.core.StandardWrapperValve.invoke(StandardWrapperValve.java:165)
	at org.apache.catalina.core.StandardContextValve.invoke(StandardContextValve.java:88)
	at org.apache.catalina.authenticator.AuthenticatorBase.invoke(AuthenticatorBase.java:482)
	at org.apache.catalina.core.StandardHostValve.invoke(StandardHostValve.java:113)
	at org.apache.catalina.valves.ErrorReportValve.invoke(ErrorReportValve.java:83)
	at org.apache.catalina.core.StandardEngineValve.invoke(StandardEngineValve.java:72)
	at org.apache.catalina.connector.CoyoteAdapter.service(CoyoteAdapter.java:342)
	at org.apache.coyote.http11.Http11Processor.service(Http11Processor.java:399)
	at org.apache.coyote.AbstractProcessorLight.process(AbstractProcessorLight.java:63)
	at org.apache.coyote.AbstractProtocol$ConnectionHandler.process(AbstractProtocol.java:903)
	at org.apache.tomcat.util.net.NioEndpoint$SocketProcessor.doRun(NioEndpoint.java:1774)
	at org.apache.tomcat.util.net.SocketProcessorBase.run(SocketProcessorBase.java:52)
	at org.apache.tomcat.util.threads.ThreadPoolExecutor.runWorker(ThreadPoolExecutor.java:973)
	at org.apache.tomcat.util.threads.ThreadPoolExecutor$Worker.run(ThreadPoolExecutor.java:491)
	at org.apache.tomcat.util.threads.TaskThread$WrappingRunnable.run(TaskThread.java:63)
	at java.base/java.lang.Thread.run(Thread.java:1583)
2026-05-05 12:29:41.939 [http-nio-8080-exec-3] DEBUG o.s.w.s.m.m.a.HttpEntityMethodProcessor.writeWithMessageConverters - Using 'application/json', given [*/*] and supported [application/json, application/*+json]
2026-05-05 12:29:41.942 [http-nio-8080-exec-3] DEBUG o.s.w.s.m.m.a.HttpEntityMethodProcessor.traceDebug - Writing [Response(code=500, message=Error interno del servidor, cause=null)]
2026-05-05 12:29:41.944 [http-nio-8080-exec-3] WARN  o.s.w.s.m.m.a.ExceptionHandlerExceptionResolver.logException - Resolved [org.springframework.data.rest.webmvc.ResourceNotFoundException: EntityRepresentationModel not found]
2026-05-05 12:29:41.944 [http-nio-8080-exec-3] DEBUG o.s.web.servlet.DispatcherServlet.logResult - Completed 500 INTERNAL_SERVER_ERROR
2026-05-05 12:31:19.038 [SpringApplicationShutdownHook] INFO  o.s.b.w.e.tomcat.GracefulShutdown.shutDownGracefully - Commencing graceful shutdown. Waiting for active requests to complete
2026-05-05 12:31:19.049 [tomcat-shutdown] INFO  o.s.b.w.e.tomcat.GracefulShutdown.doShutdown - Graceful shutdown complete
2026-05-05 12:31:19.068 [SpringApplicationShutdownHook] INFO  o.s.o.j.LocalContainerEntityManagerFactoryBean.destroy - Closing JPA EntityManagerFactory for persistence unit 'default'
2026-05-05 12:31:19.075 [SpringApplicationShutdownHook] INFO  com.zaxxer.hikari.HikariDataSource.close - HikariPool-1 - Shutdown initiated...
2026-05-05 12:31:19.082 [SpringApplicationShutdownHook] INFO  com.zaxxer.hikari.HikariDataSource.close - HikariPool-1 - Shutdown completed.
