2026-03-04 14:16:48.378 INFO  [restartedMain] c.g.api.GymProFitApiApplication - Starting GymProFitApiApplication using Java 23.0.2 with PID 23920 (C:\Users\ruben\Desktop\tfg\api\gymprofit-api\target\classes started by ruben in C:\Users\ruben\Desktop\tfg\api\gymprofit-api)
2026-03-04 14:16:48.380 DEBUG [restartedMain] c.g.api.GymProFitApiApplication - Running with Spring Boot v3.5.7, Spring v6.2.12
2026-03-04 14:16:48.380 INFO  [restartedMain] c.g.api.GymProFitApiApplication - The following 1 profile is active: "dev"
2026-03-04 14:16:48.421 INFO  [restartedMain] o.s.b.d.e.DevToolsPropertyDefaultsPostProcessor - Devtools property defaults active! Set 'spring.devtools.add-properties' to 'false' to disable
2026-03-04 14:16:48.421 INFO  [restartedMain] o.s.b.d.e.DevToolsPropertyDefaultsPostProcessor - For additional web related logging consider setting the 'logging.level.web' property to 'DEBUG'
2026-03-04 14:16:49.066 INFO  [restartedMain] o.s.d.r.c.RepositoryConfigurationDelegate - Bootstrapping Spring Data JPA repositories in DEFAULT mode.
2026-03-04 14:16:49.142 INFO  [restartedMain] o.s.d.r.c.RepositoryConfigurationDelegate - Finished Spring Data repository scanning in 71 ms. Found 13 JPA repository interfaces.
2026-03-04 14:16:49.585 INFO  [restartedMain] o.s.b.w.e.tomcat.TomcatWebServer - Tomcat initialized with port 8080 (http)
2026-03-04 14:16:49.593 INFO  [restartedMain] o.a.coyote.http11.Http11NioProtocol - Initializing ProtocolHandler ["http-nio-8080"]
2026-03-04 14:16:49.595 INFO  [restartedMain] o.a.catalina.core.StandardService - Starting service [Tomcat]
2026-03-04 14:16:49.595 INFO  [restartedMain] o.a.catalina.core.StandardEngine - Starting Servlet engine: [Apache Tomcat/10.1.48]
2026-03-04 14:16:49.646 INFO  [restartedMain] o.a.c.c.C.[Tomcat].[localhost].[/] - Initializing Spring embedded WebApplicationContext
2026-03-04 14:16:49.646 INFO  [restartedMain] o.s.b.w.s.c.ServletWebServerApplicationContext - Root WebApplicationContext: initialization completed in 1225 ms
2026-03-04 14:16:49.820 INFO  [restartedMain] com.zaxxer.hikari.HikariDataSource - HikariPool-1 - Starting...
2026-03-04 14:16:49.876 INFO  [restartedMain] com.zaxxer.hikari.pool.HikariPool - HikariPool-1 - Added connection org.mariadb.jdbc.Connection@324efbe5
2026-03-04 14:16:49.877 INFO  [restartedMain] com.zaxxer.hikari.HikariDataSource - HikariPool-1 - Start completed.
2026-03-04 14:16:49.887 INFO  [restartedMain] o.f.c.i.r.ResourceNameValidator - 1 SQL migrations were detected but not run because they did not follow the filename convention.
2026-03-04 14:16:49.887 INFO  [restartedMain] o.f.c.i.r.ResourceNameValidator - Set 'validateMigrationNaming' to true to fail fast and see a list of the invalid file names.
2026-03-04 14:16:49.892 WARN  [restartedMain] o.m.jdbc.message.server.ErrorPacket - Error: 1193-HY000: Unknown system variable 'WSREP_ON'
2026-03-04 14:16:49.907 INFO  [restartedMain] org.flywaydb.core.FlywayExecutor - Database: jdbc:mariadb://localhost:3308/gymprofit_db?user=root&password=********&useUnicode=true&characterEncoding=UTF-8 (MariaDB 11.8)
2026-03-04 14:16:49.911 WARN  [restartedMain] o.f.c.i.database.base.Database - Using MariaDB 11.8 which is newer than the version Flyway has been verified with. The latest verified version of MariaDB is 11.7.
2026-03-04 14:16:49.925 INFO  [restartedMain] o.f.c.i.s.JdbcTableSchemaHistory - Repair of failed migration in Schema History table `gymprofit_db`.`flyway_schema_history` not necessary. No failed migration detected.
2026-03-04 14:16:49.929 INFO  [restartedMain] o.f.core.internal.command.DbRepair - Successfully repaired schema history table `gymprofit_db`.`flyway_schema_history` (execution time 00:00.009s).
2026-03-04 14:16:49.933 INFO  [restartedMain] o.f.c.i.r.ResourceNameValidator - 1 SQL migrations were detected but not run because they did not follow the filename convention.
2026-03-04 14:16:49.933 INFO  [restartedMain] o.f.c.i.r.ResourceNameValidator - Set 'validateMigrationNaming' to true to fail fast and see a list of the invalid file names.
2026-03-04 14:16:49.933 WARN  [restartedMain] o.m.jdbc.message.server.ErrorPacket - Error: 1193-HY000: Unknown system variable 'WSREP_ON'
2026-03-04 14:16:49.936 WARN  [restartedMain] o.f.c.i.database.base.Database - Using MariaDB 11.8 which is newer than the version Flyway has been verified with. The latest verified version of MariaDB is 11.7.
2026-03-04 14:16:49.940 INFO  [restartedMain] o.f.core.internal.command.DbValidate - Successfully validated 0 migrations (execution time 00:00.001s)
2026-03-04 14:16:49.940 WARN  [restartedMain] o.f.core.internal.command.DbValidate - No migrations found. Are your locations set up correctly?
2026-03-04 14:16:49.945 INFO  [restartedMain] o.f.core.internal.command.DbMigrate - Current version of schema `gymprofit_db`: << Empty Schema >>
2026-03-04 14:16:49.947 INFO  [restartedMain] o.f.core.internal.command.DbMigrate - Schema `gymprofit_db` is up to date. No migration necessary.
2026-03-04 14:16:49.950 INFO  [restartedMain] o.f.c.i.r.ResourceNameValidator - 1 SQL migrations were detected but not run because they did not follow the filename convention.
2026-03-04 14:16:49.950 INFO  [restartedMain] o.f.c.i.r.ResourceNameValidator - Set 'validateMigrationNaming' to true to fail fast and see a list of the invalid file names.
2026-03-04 14:16:49.950 WARN  [restartedMain] o.m.jdbc.message.server.ErrorPacket - Error: 1193-HY000: Unknown system variable 'WSREP_ON'
2026-03-04 14:16:49.954 WARN  [restartedMain] o.f.c.i.database.base.Database - Using MariaDB 11.8 which is newer than the version Flyway has been verified with. The latest verified version of MariaDB is 11.7.
2026-03-04 14:16:49.957 INFO  [restartedMain] o.f.core.internal.command.DbValidate - Successfully validated 0 migrations (execution time 00:00.001s)
2026-03-04 14:16:49.957 WARN  [restartedMain] o.f.core.internal.command.DbValidate - No migrations found. Are your locations set up correctly?
2026-03-04 14:16:49.958 INFO  [restartedMain] o.f.core.internal.command.DbMigrate - Current version of schema `gymprofit_db`: << Empty Schema >>
2026-03-04 14:16:49.959 INFO  [restartedMain] o.f.core.internal.command.DbMigrate - Schema `gymprofit_db` is up to date. No migration necessary.
2026-03-04 14:16:50.284 INFO  [restartedMain] o.s.o.j.p.SpringPersistenceUnitInfo - No LoadTimeWeaver setup: ignoring JPA class transformer
2026-03-04 14:16:50.317 WARN  [restartedMain] org.hibernate.orm.deprecation - HHH90000025: MariaDBDialect does not need to be specified explicitly using 'hibernate.dialect' (remove the property setting and it will be selected by default)
2026-03-04 14:16:51.063 INFO  [restartedMain] o.s.o.j.LocalContainerEntityManagerFactoryBean - Initialized JPA EntityManagerFactory for persistence unit 'default'
2026-03-04 14:16:51.277 INFO  [restartedMain] o.s.d.j.r.query.QueryEnhancerFactory - Hibernate is in classpath; If applicable, HQL parser will be used.
2026-03-04 14:16:51.715 WARN  [restartedMain] o.s.b.a.o.j.JpaBaseConfiguration$JpaWebConfiguration - spring.jpa.open-in-view is enabled by default. Therefore, database queries may be performed during view rendering. Explicitly configure spring.jpa.open-in-view to disable this warning
2026-03-04 14:16:52.017 DEBUG [restartedMain] o.s.w.s.m.m.a.RequestMappingHandlerMapping - 29 mappings in 'requestMappingHandlerMapping'
2026-03-04 14:16:52.095 DEBUG [restartedMain] o.s.w.s.h.SimpleUrlHandlerMapping - Patterns [/webjars/**, /**, /swagger-ui/**, /swagger-ui/*swagger-initializer.js, /webjars/*swagger-ui/**, /webjars/*swagger-ui/*swagger-initializer.js, /webjars/*swagger-ui/5.31.0/*swagger-initializer.js] in 'resourceHandlerMapping'
2026-03-04 14:16:52.136 WARN  [restartedMain] o.s.b.a.s.s.UserDetailsServiceAutoConfiguration - 

Using generated security password: ccafe806-e21f-4b9d-a876-92e5de17d9b2

This generated password is for development use only. Your security configuration must be updated before running your application in production.

2026-03-04 14:16:52.140 INFO  [restartedMain] o.s.s.c.a.a.c.InitializeUserDetailsBeanManagerConfigurer$InitializeUserDetailsManagerConfigurer - Global AuthenticationManager configured with UserDetailsService bean with name inMemoryUserDetailsManager
2026-03-04 14:16:52.269 DEBUG [restartedMain] o.s.w.s.m.m.a.RequestMappingHandlerAdapter - ControllerAdvice beans: 0 @ModelAttribute, 0 @InitBinder, 1 RequestBodyAdvice, 1 ResponseBodyAdvice
2026-03-04 14:16:52.306 DEBUG [restartedMain] o.s.w.s.m.m.a.ExceptionHandlerExceptionResolver - ControllerAdvice beans: 3 @ExceptionHandler, 1 ResponseBodyAdvice
2026-03-04 14:16:52.323 DEBUG [restartedMain] o.s.w.s.m.m.a.ExceptionHandlerExceptionResolver - ControllerAdvice beans: 3 @ExceptionHandler, 0 ResponseBodyAdvice
2026-03-04 14:16:52.996 INFO  [restartedMain] o.s.b.d.a.OptionalLiveReloadServer - LiveReload server is running on port 35729
2026-03-04 14:16:53.038 INFO  [restartedMain] o.a.coyote.http11.Http11NioProtocol - Starting ProtocolHandler ["http-nio-8080"]
2026-03-04 14:16:53.050 INFO  [restartedMain] o.s.b.w.e.tomcat.TomcatWebServer - Tomcat started on port 8080 (http) with context path '/'
2026-03-04 14:16:53.056 INFO  [restartedMain] c.g.api.GymProFitApiApplication - Started GymProFitApiApplication in 5.091 seconds (process running for 5.677)
2026-03-04 14:16:53.058 WARN  [restartedMain] o.s.c.events.SpringDocAppInitializer - SpringDoc /v3/api-docs endpoint is enabled by default. To disable it in production, set the property 'springdoc.api-docs.enabled=false'
2026-03-04 14:16:53.058 WARN  [restartedMain] o.s.c.events.SpringDocAppInitializer - SpringDoc /swagger-ui.html endpoint is enabled by default. To disable it in production, set the property 'springdoc.swagger-ui.enabled=false'
2026-03-04 14:17:18.351 INFO  [http-nio-8080-exec-1] o.a.c.c.C.[Tomcat].[localhost].[/] - Initializing Spring DispatcherServlet 'dispatcherServlet'
2026-03-04 14:17:18.352 INFO  [http-nio-8080-exec-1] o.s.web.servlet.DispatcherServlet - Initializing Servlet 'dispatcherServlet'
2026-03-04 14:17:18.352 DEBUG [http-nio-8080-exec-1] o.s.web.servlet.DispatcherServlet - Detected StandardServletMultipartResolver
2026-03-04 14:17:18.352 DEBUG [http-nio-8080-exec-1] o.s.web.servlet.DispatcherServlet - Detected AcceptHeaderLocaleResolver
2026-03-04 14:17:18.352 DEBUG [http-nio-8080-exec-1] o.s.web.servlet.DispatcherServlet - Detected FixedThemeResolver
2026-03-04 14:17:18.354 DEBUG [http-nio-8080-exec-1] o.s.web.servlet.DispatcherServlet - Detected org.springframework.web.servlet.view.DefaultRequestToViewNameTranslator@72743261
2026-03-04 14:17:18.354 DEBUG [http-nio-8080-exec-1] o.s.web.servlet.DispatcherServlet - Detected org.springframework.web.servlet.support.SessionFlashMapManager@7acbf60f
2026-03-04 14:17:18.354 DEBUG [http-nio-8080-exec-1] o.s.web.servlet.DispatcherServlet - enableLoggingRequestDetails='false': request parameters and headers will be masked to prevent unsafe logging of potentially sensitive data
2026-03-04 14:17:18.354 INFO  [http-nio-8080-exec-1] o.s.web.servlet.DispatcherServlet - Completed initialization in 2 ms
2026-03-04 14:17:18.376 DEBUG [http-nio-8080-exec-1] o.s.web.servlet.DispatcherServlet - GET "/api/usuarios/activos", parameters={}
2026-03-04 14:17:18.378 DEBUG [http-nio-8080-exec-1] o.s.w.s.m.m.a.RequestMappingHandlerMapping - Mapped to com.gymprofit.api.controller.UsuarioController#obtenerUsuariosActivos()
2026-03-04 14:17:18.388 INFO  [http-nio-8080-exec-1] c.g.a.service.usuario.UsuarioService - Buscando usuarios activos
2026-03-04 14:17:18.435 DEBUG [http-nio-8080-exec-1] org.hibernate.SQL - 
    select
        u1_0.id,
        u1_0.activo,
        u1_0.altura,
        u1_0.edad,
        u1_0.email,
        u1_0.fecha_registro,
        u1_0.nivel_experiencia,
        u1_0.objetivo,
        u1_0.password,
        u1_0.peso,
        u1_0.username 
    from
        usuarios u1_0 
    where
        u1_0.activo
2026-03-04 14:17:18.466 DEBUG [http-nio-8080-exec-1] o.s.w.s.m.m.a.HttpEntityMethodProcessor - Using 'application/hal+json', given [application/hal+json] and supported [application/json, application/*+json, application/yaml]
2026-03-04 14:17:18.468 DEBUG [http-nio-8080-exec-1] o.s.w.s.m.m.a.HttpEntityMethodProcessor - Writing [[UsuarioDTO(id=1, username=juan_gomez, email=juan@example.com, peso=75.50, altura=1.75, edad=25, niv (truncated)...]
2026-03-04 14:17:18.481 DEBUG [http-nio-8080-exec-1] o.s.web.servlet.DispatcherServlet - Completed 200 OK
2026-03-04 14:17:20.215 DEBUG [http-nio-8080-exec-2] o.s.web.servlet.DispatcherServlet - GET "/api/usuarios", parameters={}
2026-03-04 14:17:20.215 DEBUG [http-nio-8080-exec-2] o.s.w.s.m.m.a.RequestMappingHandlerMapping - Mapped to com.gymprofit.api.controller.UsuarioController#findAll()
2026-03-04 14:17:20.216 INFO  [http-nio-8080-exec-2] c.g.a.service.usuario.UsuarioService - Buscando todos los usuarios
2026-03-04 14:17:20.228 DEBUG [http-nio-8080-exec-2] org.hibernate.SQL - 
    select
        u1_0.id,
        u1_0.activo,
        u1_0.altura,
        u1_0.edad,
        u1_0.email,
        u1_0.fecha_registro,
        u1_0.nivel_experiencia,
        u1_0.objetivo,
        u1_0.password,
        u1_0.peso,
        u1_0.username 
    from
        usuarios u1_0
2026-03-04 14:17:20.231 DEBUG [http-nio-8080-exec-2] o.s.w.s.m.m.a.HttpEntityMethodProcessor - Using 'application/hal+json', given [application/hal+json] and supported [application/json, application/*+json, application/yaml]
2026-03-04 14:17:20.232 DEBUG [http-nio-8080-exec-2] o.s.w.s.m.m.a.HttpEntityMethodProcessor - Writing [[UsuarioDTO(id=1, username=juan_gomez, email=juan@example.com, peso=75.50, altura=1.75, edad=25, niv (truncated)...]
2026-03-04 14:17:20.234 DEBUG [http-nio-8080-exec-2] o.s.web.servlet.DispatcherServlet - Completed 200 OK
2026-03-04 14:17:22.814 DEBUG [http-nio-8080-exec-3] o.s.web.servlet.DispatcherServlet - GET "/api/ejercicios", parameters={}
2026-03-04 14:17:22.814 DEBUG [http-nio-8080-exec-3] o.s.w.s.m.m.a.RequestMappingHandlerMapping - Mapped to com.gymprofit.api.controller.EjercicioController#findAll()
2026-03-04 14:17:22.814 INFO  [http-nio-8080-exec-3] c.g.a.s.ejercicio.EjercicioService - Buscando todos los ejercicios
2026-03-04 14:17:22.816 DEBUG [http-nio-8080-exec-3] org.hibernate.SQL - 
    select
        e1_0.id,
        e1_0.activo,
        e1_0.calorias_quemadas,
        e1_0.descripcion,
        e1_0.dificultad,
        e1_0.equipo_necesario,
        e1_0.grupo_muscular,
        e1_0.imagen_url,
        e1_0.instrucciones,
        e1_0.nombre 
    from
        ejercicios e1_0
2026-03-04 14:17:22.818 DEBUG [http-nio-8080-exec-3] o.s.w.s.m.m.a.HttpEntityMethodProcessor - Using 'application/hal+json', given [application/hal+json] and supported [application/json, application/*+json, application/yaml]
2026-03-04 14:17:22.819 DEBUG [http-nio-8080-exec-3] o.s.w.s.m.m.a.HttpEntityMethodProcessor - Writing [[EjercicioDTO(id=2, nombre=Press plano, descripcion=Ejercicio básico para pecho, grupoMuscular=PECHO (truncated)...]
2026-03-04 14:17:22.821 DEBUG [http-nio-8080-exec-3] o.s.web.servlet.DispatcherServlet - Completed 200 OK
2026-03-04 14:17:24.978 DEBUG [http-nio-8080-exec-4] o.s.web.servlet.DispatcherServlet - GET "/api/ejercicios/activos", parameters={}
2026-03-04 14:17:24.978 DEBUG [http-nio-8080-exec-4] o.s.w.s.m.m.a.RequestMappingHandlerMapping - Mapped to com.gymprofit.api.controller.EjercicioController#obtenerEjerciciosActivos()
2026-03-04 14:17:24.978 INFO  [http-nio-8080-exec-4] c.g.a.s.ejercicio.EjercicioService - Buscando ejercicios activos
2026-03-04 14:17:24.979 DEBUG [http-nio-8080-exec-4] org.hibernate.SQL - 
    select
        e1_0.id,
        e1_0.activo,
        e1_0.calorias_quemadas,
        e1_0.descripcion,
        e1_0.dificultad,
        e1_0.equipo_necesario,
        e1_0.grupo_muscular,
        e1_0.imagen_url,
        e1_0.instrucciones,
        e1_0.nombre 
    from
        ejercicios e1_0 
    where
        e1_0.activo
2026-03-04 14:17:24.981 DEBUG [http-nio-8080-exec-4] o.s.w.s.m.m.a.HttpEntityMethodProcessor - Using 'application/hal+json', given [application/hal+json] and supported [application/json, application/*+json, application/yaml]
2026-03-04 14:17:24.981 DEBUG [http-nio-8080-exec-4] o.s.w.s.m.m.a.HttpEntityMethodProcessor - Writing [[EjercicioDTO(id=2, nombre=Press plano, descripcion=Ejercicio básico para pecho, grupoMuscular=PECHO (truncated)...]
2026-03-04 14:17:24.982 DEBUG [http-nio-8080-exec-4] o.s.web.servlet.DispatcherServlet - Completed 200 OK
2026-03-04 14:17:27.351 INFO  [SpringApplicationShutdownHook] o.s.b.w.e.tomcat.GracefulShutdown - Commencing graceful shutdown. Waiting for active requests to complete
2026-03-04 14:17:27.355 INFO  [tomcat-shutdown] o.s.b.w.e.tomcat.GracefulShutdown - Graceful shutdown complete
2026-03-04 14:17:27.358 INFO  [SpringApplicationShutdownHook] o.s.o.j.LocalContainerEntityManagerFactoryBean - Closing JPA EntityManagerFactory for persistence unit 'default'
2026-03-04 14:17:27.361 INFO  [SpringApplicationShutdownHook] com.zaxxer.hikari.HikariDataSource - HikariPool-1 - Shutdown initiated...
2026-03-04 14:17:27.361 INFO  [SpringApplicationShutdownHook] com.zaxxer.hikari.HikariDataSource - HikariPool-1 - Shutdown completed.
