2026-03-20 15:28:52.171 INFO  [restartedMain] c.g.api.GymProFitApiApplication - Starting GymProFitApiApplication using Java 23.0.2 with PID 24928 (C:\Users\ruben\Desktop\tfg\api\gymprofit-api\target\classes started by ruben in C:\Users\ruben\Desktop\tfg\api\gymprofit-api)
2026-03-20 15:28:52.172 DEBUG [restartedMain] c.g.api.GymProFitApiApplication - Running with Spring Boot v3.5.7, Spring v6.2.12
2026-03-20 15:28:52.173 INFO  [restartedMain] c.g.api.GymProFitApiApplication - The following 1 profile is active: "dev"
2026-03-20 15:28:52.220 INFO  [restartedMain] o.s.b.d.e.DevToolsPropertyDefaultsPostProcessor - Devtools property defaults active! Set 'spring.devtools.add-properties' to 'false' to disable
2026-03-20 15:28:52.221 INFO  [restartedMain] o.s.b.d.e.DevToolsPropertyDefaultsPostProcessor - For additional web related logging consider setting the 'logging.level.web' property to 'DEBUG'
2026-03-20 15:28:53.169 INFO  [restartedMain] o.s.d.r.c.RepositoryConfigurationDelegate - Bootstrapping Spring Data JPA repositories in DEFAULT mode.
2026-03-20 15:28:53.312 INFO  [restartedMain] o.s.d.r.c.RepositoryConfigurationDelegate - Finished Spring Data repository scanning in 134 ms. Found 13 JPA repository interfaces.
2026-03-20 15:28:53.905 INFO  [restartedMain] o.s.b.w.e.tomcat.TomcatWebServer - Tomcat initialized with port 8080 (http)
2026-03-20 15:28:53.916 INFO  [restartedMain] o.a.coyote.http11.Http11NioProtocol - Initializing ProtocolHandler ["http-nio-8080"]
2026-03-20 15:28:53.918 INFO  [restartedMain] o.a.catalina.core.StandardService - Starting service [Tomcat]
2026-03-20 15:28:53.918 INFO  [restartedMain] o.a.catalina.core.StandardEngine - Starting Servlet engine: [Apache Tomcat/10.1.48]
2026-03-20 15:28:53.995 INFO  [restartedMain] o.a.c.c.C.[Tomcat].[localhost].[/] - Initializing Spring embedded WebApplicationContext
2026-03-20 15:28:53.997 INFO  [restartedMain] o.s.b.w.s.c.ServletWebServerApplicationContext - Root WebApplicationContext: initialization completed in 1773 ms
2026-03-20 15:28:54.249 INFO  [restartedMain] com.zaxxer.hikari.HikariDataSource - HikariPool-1 - Starting...
2026-03-20 15:28:54.370 INFO  [restartedMain] com.zaxxer.hikari.pool.HikariPool - HikariPool-1 - Added connection org.mariadb.jdbc.Connection@688c6aa0
2026-03-20 15:28:54.370 INFO  [restartedMain] com.zaxxer.hikari.HikariDataSource - HikariPool-1 - Start completed.
2026-03-20 15:28:54.384 INFO  [restartedMain] o.f.c.i.r.ResourceNameValidator - 1 SQL migrations were detected but not run because they did not follow the filename convention.
2026-03-20 15:28:54.384 INFO  [restartedMain] o.f.c.i.r.ResourceNameValidator - Set 'validateMigrationNaming' to true to fail fast and see a list of the invalid file names.
2026-03-20 15:28:54.394 WARN  [restartedMain] o.m.jdbc.message.server.ErrorPacket - Error: 1193-HY000: Unknown system variable 'WSREP_ON'
2026-03-20 15:28:54.414 INFO  [restartedMain] org.flywaydb.core.FlywayExecutor - Database: jdbc:mariadb://localhost:3308/gymprofit_db?user=root&password=********&useUnicode=true&characterEncoding=UTF-8 (MariaDB 11.8)
2026-03-20 15:28:54.421 WARN  [restartedMain] o.f.c.i.database.base.Database - Using MariaDB 11.8 which is newer than the version Flyway has been verified with. The latest verified version of MariaDB is 11.7.
2026-03-20 15:28:54.461 INFO  [restartedMain] o.f.c.i.s.JdbcTableSchemaHistory - Repair of failed migration in Schema History table `gymprofit_db`.`flyway_schema_history` not necessary. No failed migration detected.
2026-03-20 15:28:54.466 INFO  [restartedMain] o.f.core.internal.command.DbRepair - Successfully repaired schema history table `gymprofit_db`.`flyway_schema_history` (execution time 00:00.033s).
2026-03-20 15:28:54.473 INFO  [restartedMain] o.f.c.i.r.ResourceNameValidator - 1 SQL migrations were detected but not run because they did not follow the filename convention.
2026-03-20 15:28:54.473 INFO  [restartedMain] o.f.c.i.r.ResourceNameValidator - Set 'validateMigrationNaming' to true to fail fast and see a list of the invalid file names.
2026-03-20 15:28:54.473 WARN  [restartedMain] o.m.jdbc.message.server.ErrorPacket - Error: 1193-HY000: Unknown system variable 'WSREP_ON'
2026-03-20 15:28:54.479 WARN  [restartedMain] o.f.c.i.database.base.Database - Using MariaDB 11.8 which is newer than the version Flyway has been verified with. The latest verified version of MariaDB is 11.7.
2026-03-20 15:28:54.484 INFO  [restartedMain] o.f.core.internal.command.DbValidate - Successfully validated 0 migrations (execution time 00:00.002s)
2026-03-20 15:28:54.484 WARN  [restartedMain] o.f.core.internal.command.DbValidate - No migrations found. Are your locations set up correctly?
2026-03-20 15:28:54.491 INFO  [restartedMain] o.f.core.internal.command.DbMigrate - Current version of schema `gymprofit_db`: << Empty Schema >>
2026-03-20 15:28:54.494 INFO  [restartedMain] o.f.core.internal.command.DbMigrate - Schema `gymprofit_db` is up to date. No migration necessary.
2026-03-20 15:28:54.499 INFO  [restartedMain] o.f.c.i.r.ResourceNameValidator - 1 SQL migrations were detected but not run because they did not follow the filename convention.
2026-03-20 15:28:54.499 INFO  [restartedMain] o.f.c.i.r.ResourceNameValidator - Set 'validateMigrationNaming' to true to fail fast and see a list of the invalid file names.
2026-03-20 15:28:54.499 WARN  [restartedMain] o.m.jdbc.message.server.ErrorPacket - Error: 1193-HY000: Unknown system variable 'WSREP_ON'
2026-03-20 15:28:54.504 WARN  [restartedMain] o.f.c.i.database.base.Database - Using MariaDB 11.8 which is newer than the version Flyway has been verified with. The latest verified version of MariaDB is 11.7.
2026-03-20 15:28:54.507 INFO  [restartedMain] o.f.core.internal.command.DbValidate - Successfully validated 0 migrations (execution time 00:00.002s)
2026-03-20 15:28:54.507 WARN  [restartedMain] o.f.core.internal.command.DbValidate - No migrations found. Are your locations set up correctly?
2026-03-20 15:28:54.512 INFO  [restartedMain] o.f.core.internal.command.DbMigrate - Current version of schema `gymprofit_db`: << Empty Schema >>
2026-03-20 15:28:54.512 INFO  [restartedMain] o.f.core.internal.command.DbMigrate - Schema `gymprofit_db` is up to date. No migration necessary.
2026-03-20 15:28:54.995 INFO  [restartedMain] o.s.o.j.p.SpringPersistenceUnitInfo - No LoadTimeWeaver setup: ignoring JPA class transformer
2026-03-20 15:28:55.045 WARN  [restartedMain] org.hibernate.orm.deprecation - HHH90000025: MariaDBDialect does not need to be specified explicitly using 'hibernate.dialect' (remove the property setting and it will be selected by default)
2026-03-20 15:28:56.096 INFO  [restartedMain] o.s.o.j.LocalContainerEntityManagerFactoryBean - Initialized JPA EntityManagerFactory for persistence unit 'default'
2026-03-20 15:28:56.546 INFO  [restartedMain] o.s.d.j.r.query.QueryEnhancerFactory - Hibernate is in classpath; If applicable, HQL parser will be used.
2026-03-20 15:28:57.165 WARN  [restartedMain] o.s.b.a.o.j.JpaBaseConfiguration$JpaWebConfiguration - spring.jpa.open-in-view is enabled by default. Therefore, database queries may be performed during view rendering. Explicitly configure spring.jpa.open-in-view to disable this warning
2026-03-20 15:28:57.549 DEBUG [restartedMain] o.s.w.s.m.m.a.RequestMappingHandlerMapping - 77 mappings in 'requestMappingHandlerMapping'
2026-03-20 15:28:57.655 DEBUG [restartedMain] o.s.w.s.h.SimpleUrlHandlerMapping - Patterns [/webjars/**, /**, /swagger-ui/**, /swagger-ui/*swagger-initializer.js, /webjars/*swagger-ui/**, /webjars/*swagger-ui/*swagger-initializer.js, /webjars/*swagger-ui/5.31.0/*swagger-initializer.js] in 'resourceHandlerMapping'
2026-03-20 15:28:57.715 WARN  [restartedMain] o.s.b.a.s.s.UserDetailsServiceAutoConfiguration - 

Using generated security password: bb4b232a-408b-4364-a9af-11a4d46034aa

This generated password is for development use only. Your security configuration must be updated before running your application in production.

2026-03-20 15:28:57.729 INFO  [restartedMain] o.s.s.c.a.a.c.InitializeUserDetailsBeanManagerConfigurer$InitializeUserDetailsManagerConfigurer - Global AuthenticationManager configured with UserDetailsService bean with name inMemoryUserDetailsManager
2026-03-20 15:28:57.922 DEBUG [restartedMain] o.s.w.s.m.m.a.RequestMappingHandlerAdapter - ControllerAdvice beans: 0 @ModelAttribute, 0 @InitBinder, 1 RequestBodyAdvice, 1 ResponseBodyAdvice
2026-03-20 15:28:57.967 DEBUG [restartedMain] o.s.w.s.m.m.a.ExceptionHandlerExceptionResolver - ControllerAdvice beans: 3 @ExceptionHandler, 1 ResponseBodyAdvice
2026-03-20 15:28:57.987 DEBUG [restartedMain] o.s.w.s.m.m.a.ExceptionHandlerExceptionResolver - ControllerAdvice beans: 3 @ExceptionHandler, 0 ResponseBodyAdvice
2026-03-20 15:28:59.161 INFO  [restartedMain] o.s.b.d.a.OptionalLiveReloadServer - LiveReload server is running on port 35729
2026-03-20 15:28:59.214 INFO  [restartedMain] o.a.coyote.http11.Http11NioProtocol - Starting ProtocolHandler ["http-nio-8080"]
2026-03-20 15:28:59.233 INFO  [restartedMain] o.s.b.w.e.tomcat.TomcatWebServer - Tomcat started on port 8080 (http) with context path '/'
2026-03-20 15:28:59.240 INFO  [restartedMain] c.g.api.GymProFitApiApplication - Started GymProFitApiApplication in 7.633 seconds (process running for 8.696)
2026-03-20 15:28:59.243 WARN  [restartedMain] o.s.c.events.SpringDocAppInitializer - SpringDoc /v3/api-docs endpoint is enabled by default. To disable it in production, set the property 'springdoc.api-docs.enabled=false'
2026-03-20 15:28:59.243 WARN  [restartedMain] o.s.c.events.SpringDocAppInitializer - SpringDoc /swagger-ui.html endpoint is enabled by default. To disable it in production, set the property 'springdoc.swagger-ui.enabled=false'
2026-03-20 15:28:59.516 INFO  [http-nio-8080-exec-2] o.a.c.c.C.[Tomcat].[localhost].[/] - Initializing Spring DispatcherServlet 'dispatcherServlet'
2026-03-20 15:28:59.516 INFO  [http-nio-8080-exec-2] o.s.web.servlet.DispatcherServlet - Initializing Servlet 'dispatcherServlet'
2026-03-20 15:28:59.516 DEBUG [http-nio-8080-exec-2] o.s.web.servlet.DispatcherServlet - Detected StandardServletMultipartResolver
2026-03-20 15:28:59.516 DEBUG [http-nio-8080-exec-2] o.s.web.servlet.DispatcherServlet - Detected AcceptHeaderLocaleResolver
2026-03-20 15:28:59.516 DEBUG [http-nio-8080-exec-2] o.s.web.servlet.DispatcherServlet - Detected FixedThemeResolver
2026-03-20 15:28:59.518 DEBUG [http-nio-8080-exec-2] o.s.web.servlet.DispatcherServlet - Detected org.springframework.web.servlet.view.DefaultRequestToViewNameTranslator@4bba901b
2026-03-20 15:28:59.519 DEBUG [http-nio-8080-exec-2] o.s.web.servlet.DispatcherServlet - Detected org.springframework.web.servlet.support.SessionFlashMapManager@5e7288fc
2026-03-20 15:28:59.519 DEBUG [http-nio-8080-exec-2] o.s.web.servlet.DispatcherServlet - enableLoggingRequestDetails='false': request parameters and headers will be masked to prevent unsafe logging of potentially sensitive data
2026-03-20 15:28:59.519 INFO  [http-nio-8080-exec-2] o.s.web.servlet.DispatcherServlet - Completed initialization in 3 ms
2026-03-20 15:28:59.555 DEBUG [http-nio-8080-exec-2] o.s.web.servlet.DispatcherServlet - GET "/swagger-ui/index.html", parameters={}
2026-03-20 15:28:59.560 DEBUG [http-nio-8080-exec-2] o.s.w.s.h.SimpleUrlHandlerMapping - Mapped to ResourceHttpRequestHandler [classpath [META-INF/resources/webjars/swagger-ui/5.31.0/]]
2026-03-20 15:28:59.583 DEBUG [http-nio-8080-exec-2] o.s.web.servlet.DispatcherServlet - Completed 200 OK
2026-03-20 15:28:59.609 DEBUG [http-nio-8080-exec-1] o.s.web.servlet.DispatcherServlet - GET "/swagger-ui/swagger-ui.css", parameters={}
2026-03-20 15:28:59.609 DEBUG [http-nio-8080-exec-4] o.s.web.servlet.DispatcherServlet - GET "/swagger-ui/swagger-ui-bundle.js", parameters={}
2026-03-20 15:28:59.610 DEBUG [http-nio-8080-exec-3] o.s.web.servlet.DispatcherServlet - GET "/swagger-ui/index.css", parameters={}
2026-03-20 15:28:59.610 DEBUG [http-nio-8080-exec-1] o.s.w.s.h.SimpleUrlHandlerMapping - Mapped to ResourceHttpRequestHandler [classpath [META-INF/resources/webjars/swagger-ui/5.31.0/]]
2026-03-20 15:28:59.610 DEBUG [http-nio-8080-exec-3] o.s.w.s.h.SimpleUrlHandlerMapping - Mapped to ResourceHttpRequestHandler [classpath [META-INF/resources/webjars/swagger-ui/5.31.0/]]
2026-03-20 15:28:59.610 DEBUG [http-nio-8080-exec-4] o.s.w.s.h.SimpleUrlHandlerMapping - Mapped to ResourceHttpRequestHandler [classpath [META-INF/resources/webjars/swagger-ui/5.31.0/]]
2026-03-20 15:28:59.614 DEBUG [http-nio-8080-exec-3] o.s.web.servlet.DispatcherServlet - Completed 200 OK
2026-03-20 15:28:59.616 DEBUG [http-nio-8080-exec-1] o.s.web.servlet.DispatcherServlet - Completed 200 OK
2026-03-20 15:28:59.627 DEBUG [http-nio-8080-exec-4] o.s.web.servlet.DispatcherServlet - Completed 200 OK
2026-03-20 15:28:59.627 DEBUG [http-nio-8080-exec-5] o.s.web.servlet.DispatcherServlet - GET "/swagger-ui/swagger-ui-standalone-preset.js", parameters={}
2026-03-20 15:28:59.627 DEBUG [http-nio-8080-exec-6] o.s.web.servlet.DispatcherServlet - GET "/swagger-ui/swagger-initializer.js", parameters={}
2026-03-20 15:28:59.628 DEBUG [http-nio-8080-exec-6] o.s.w.s.h.SimpleUrlHandlerMapping - Mapped to ResourceHttpRequestHandler [classpath [META-INF/resources/webjars/swagger-ui/5.31.0/]]
2026-03-20 15:28:59.628 DEBUG [http-nio-8080-exec-5] o.s.w.s.h.SimpleUrlHandlerMapping - Mapped to ResourceHttpRequestHandler [classpath [META-INF/resources/webjars/swagger-ui/5.31.0/]]
2026-03-20 15:28:59.634 DEBUG [http-nio-8080-exec-5] o.s.web.servlet.DispatcherServlet - Completed 200 OK
2026-03-20 15:28:59.645 DEBUG [http-nio-8080-exec-6] o.s.web.servlet.DispatcherServlet - Completed 200 OK
2026-03-20 15:28:59.764 DEBUG [http-nio-8080-exec-7] o.s.web.servlet.DispatcherServlet - GET "/v3/api-docs/swagger-config", parameters={}
2026-03-20 15:28:59.764 DEBUG [http-nio-8080-exec-8] o.s.web.servlet.DispatcherServlet - GET "/swagger-ui/favicon-32x32.png", parameters={}
2026-03-20 15:28:59.764 DEBUG [http-nio-8080-exec-7] o.s.w.s.m.m.a.RequestMappingHandlerMapping - Mapped to org.springdoc.webmvc.ui.SwaggerConfigResource#openapiJson(HttpServletRequest)
2026-03-20 15:28:59.764 DEBUG [http-nio-8080-exec-8] o.s.w.s.h.SimpleUrlHandlerMapping - Mapped to ResourceHttpRequestHandler [classpath [META-INF/resources/webjars/swagger-ui/5.31.0/]]
2026-03-20 15:28:59.769 DEBUG [http-nio-8080-exec-8] o.s.web.servlet.DispatcherServlet - Completed 200 OK
2026-03-20 15:28:59.783 DEBUG [http-nio-8080-exec-7] o.s.w.s.m.m.a.RequestResponseBodyMethodProcessor - Using 'application/json', given [*/*] and supported [application/json]
2026-03-20 15:28:59.787 DEBUG [http-nio-8080-exec-7] o.s.w.s.m.m.a.RequestResponseBodyMethodProcessor - Writing [{configUrl=/v3/api-docs/swagger-config, oauth2RedirectUrl=http://localhost:8080/swagger-ui/oauth2-re (truncated)...]
2026-03-20 15:28:59.792 DEBUG [http-nio-8080-exec-7] o.s.web.servlet.DispatcherServlet - Completed 200 OK
2026-03-20 15:28:59.823 DEBUG [http-nio-8080-exec-9] o.s.web.servlet.DispatcherServlet - GET "/v3/api-docs", parameters={}
2026-03-20 15:28:59.823 DEBUG [http-nio-8080-exec-9] o.s.w.s.m.m.a.RequestMappingHandlerMapping - Mapped to org.springdoc.webmvc.api.OpenApiWebMvcResource#openapiJson(HttpServletRequest, String, Locale)
2026-03-20 15:29:00.573 INFO  [http-nio-8080-exec-9] o.s.api.AbstractOpenApiResource - Init duration for springdoc-openapi is: 740 ms
2026-03-20 15:29:00.588 DEBUG [http-nio-8080-exec-9] o.s.w.s.m.m.a.RequestResponseBodyMethodProcessor - Using 'application/json', given [application/json, */*] and supported [application/json]
2026-03-20 15:29:00.593 DEBUG [http-nio-8080-exec-9] o.s.w.s.m.m.a.RequestResponseBodyMethodProcessor - Writing [{123, 34, 111, 112, 101, 110, 97, 112, 105, 34, 58, 34, 51, 46, 49, 46, 48, 34, 44, 34, 105, 110, 10 (truncated)...]
2026-03-20 15:29:00.594 DEBUG [http-nio-8080-exec-9] o.s.web.servlet.DispatcherServlet - Completed 200 OK
2026-03-20 15:29:39.234 DEBUG [http-nio-8080-exec-10] o.s.web.servlet.DispatcherServlet - POST "/api/alimentos-comida", parameters={}
2026-03-20 15:29:39.235 DEBUG [http-nio-8080-exec-10] o.s.w.s.m.m.a.RequestMappingHandlerMapping - Mapped to com.gymprofit.api.controller.AlimentoComidaController#guardarAlimentoComida(AlimentoComidaCreateDTO)
2026-03-20 15:29:39.244 DEBUG [http-nio-8080-exec-10] o.s.w.s.m.m.a.RequestResponseBodyMethodProcessor - Read "application/json;charset=UTF-8" to [AlimentoComidaCreateDTO(comidaId=1, alimentoId=1, cantidadGramos=200)]
2026-03-20 15:29:39.253 INFO  [http-nio-8080-exec-10] c.g.a.s.a.AlimentoComidaService - Creando nuevo alimento-comida para comida id: 1 y alimento id: 1
2026-03-20 15:29:39.284 DEBUG [http-nio-8080-exec-10] org.hibernate.SQL - 
    select
        c1_0.id,
        c1_0.fecha,
        c1_0.notas,
        c1_0.tipo_comida,
        c1_0.total_calorias,
        c1_0.total_carbohidratos,
        c1_0.total_grasas,
        c1_0.total_proteinas,
        c1_0.usuario_id 
    from
        comidas c1_0 
    where
        c1_0.id=?
2026-03-20 15:29:39.310 DEBUG [http-nio-8080-exec-10] o.s.w.s.m.m.a.ExceptionHandlerExceptionResolver - Using @ExceptionHandler com.gymprofit.api.exceptions.ControllerExceptionHandler#handleNotFoundEntityException(NotFoundEntityException)
2026-03-20 15:29:39.312 DEBUG [http-nio-8080-exec-10] o.s.w.s.m.m.a.HttpEntityMethodProcessor - Using 'application/hal+json', given [application/hal+json] and supported [application/json, application/*+json]
2026-03-20 15:29:39.313 DEBUG [http-nio-8080-exec-10] o.s.w.s.m.m.a.HttpEntityMethodProcessor - Writing [Response(code=404, message=La comida con id 1 no existe, cause=null)]
2026-03-20 15:29:39.315 WARN  [http-nio-8080-exec-10] o.s.w.s.m.m.a.ExceptionHandlerExceptionResolver - Resolved [com.gymprofit.api.exceptions.NotFoundEntityException: La comida con id 1 no existe]
2026-03-20 15:29:39.315 DEBUG [http-nio-8080-exec-10] o.s.web.servlet.DispatcherServlet - Completed 404 NOT_FOUND
2026-03-20 15:29:47.875 DEBUG [http-nio-8080-exec-2] o.s.web.servlet.DispatcherServlet - POST "/api/alimentos-comida", parameters={}
2026-03-20 15:29:47.875 DEBUG [http-nio-8080-exec-2] o.s.w.s.m.m.a.RequestMappingHandlerMapping - Mapped to com.gymprofit.api.controller.AlimentoComidaController#guardarAlimentoComida(AlimentoComidaCreateDTO)
2026-03-20 15:29:47.875 DEBUG [http-nio-8080-exec-2] o.s.w.s.m.m.a.RequestResponseBodyMethodProcessor - Read "application/json;charset=UTF-8" to [AlimentoComidaCreateDTO(comidaId=2, alimentoId=1, cantidadGramos=200)]
2026-03-20 15:29:47.875 INFO  [http-nio-8080-exec-2] c.g.a.s.a.AlimentoComidaService - Creando nuevo alimento-comida para comida id: 1 y alimento id: 2
2026-03-20 15:29:47.877 DEBUG [http-nio-8080-exec-2] org.hibernate.SQL - 
    select
        c1_0.id,
        c1_0.fecha,
        c1_0.notas,
        c1_0.tipo_comida,
        c1_0.total_calorias,
        c1_0.total_carbohidratos,
        c1_0.total_grasas,
        c1_0.total_proteinas,
        c1_0.usuario_id 
    from
        comidas c1_0 
    where
        c1_0.id=?
2026-03-20 15:29:47.894 DEBUG [http-nio-8080-exec-2] org.hibernate.SQL - 
    select
        a1_0.id,
        a1_0.activo,
        a1_0.calorias,
        a1_0.carbohidratos,
        a1_0.categoria,
        a1_0.descripcion,
        a1_0.fibra,
        a1_0.grasas,
        a1_0.nombre,
        a1_0.porcion_gramos,
        a1_0.proteinas 
    from
        alimentos a1_0 
    where
        a1_0.id=?
2026-03-20 15:29:47.943 DEBUG [http-nio-8080-exec-2] org.hibernate.SQL - 
    select
        ac1_0.id 
    from
        alimentos_comida ac1_0 
    left join
        comidas c1_0 
            on c1_0.id=ac1_0.comida_id 
    left join
        alimentos a1_0 
            on a1_0.id=ac1_0.alimento_id 
    where
        c1_0.id=? 
        and a1_0.id=? 
    limit
        ?
2026-03-20 15:29:47.967 DEBUG [http-nio-8080-exec-2] org.hibernate.SQL - 
    insert 
    into
        alimentos_comida
        (alimento_id, calorias_totales, cantidad_gramos, comida_id) 
    values
        (?, ?, ?, ?)
2026-03-20 15:29:47.991 DEBUG [http-nio-8080-exec-2] o.s.w.s.m.m.a.HttpEntityMethodProcessor - Using 'application/hal+json', given [application/hal+json] and supported [application/json, application/*+json, application/yaml]
2026-03-20 15:29:47.991 DEBUG [http-nio-8080-exec-2] o.s.w.s.m.m.a.HttpEntityMethodProcessor - Writing [AlimentoComidaDTO(id=1, comidaId=2, alimentoId=1, cantidadGramos=200, caloriasTotales=330)]
2026-03-20 15:29:47.993 DEBUG [http-nio-8080-exec-2] o.s.web.servlet.DispatcherServlet - Completed 200 OK
2026-03-20 15:30:14.506 DEBUG [http-nio-8080-exec-5] o.s.web.servlet.DispatcherServlet - POST "/api/alimentos-comida", parameters={}
2026-03-20 15:30:14.506 DEBUG [http-nio-8080-exec-5] o.s.w.s.m.m.a.RequestMappingHandlerMapping - Mapped to com.gymprofit.api.controller.AlimentoComidaController#guardarAlimentoComida(AlimentoComidaCreateDTO)
2026-03-20 15:30:14.507 DEBUG [http-nio-8080-exec-5] o.s.w.s.m.m.a.RequestResponseBodyMethodProcessor - Read "application/json;charset=UTF-8" to [AlimentoComidaCreateDTO(comidaId=2, alimentoId=2, cantidadGramos=150)]
2026-03-20 15:30:14.508 INFO  [http-nio-8080-exec-5] c.g.a.s.a.AlimentoComidaService - Creando nuevo alimento-comida para comida id: 2 y alimento id: 2
2026-03-20 15:30:14.508 DEBUG [http-nio-8080-exec-5] org.hibernate.SQL - 
    select
        c1_0.id,
        c1_0.fecha,
        c1_0.notas,
        c1_0.tipo_comida,
        c1_0.total_calorias,
        c1_0.total_carbohidratos,
        c1_0.total_grasas,
        c1_0.total_proteinas,
        c1_0.usuario_id 
    from
        comidas c1_0 
    where
        c1_0.id=?
2026-03-20 15:30:14.510 DEBUG [http-nio-8080-exec-5] org.hibernate.SQL - 
    select
        a1_0.id,
        a1_0.activo,
        a1_0.calorias,
        a1_0.carbohidratos,
        a1_0.categoria,
        a1_0.descripcion,
        a1_0.fibra,
        a1_0.grasas,
        a1_0.nombre,
        a1_0.porcion_gramos,
        a1_0.proteinas 
    from
        alimentos a1_0 
    where
        a1_0.id=?
2026-03-20 15:30:14.513 DEBUG [http-nio-8080-exec-5] org.hibernate.SQL - 
    select
        ac1_0.id 
    from
        alimentos_comida ac1_0 
    left join
        comidas c1_0 
            on c1_0.id=ac1_0.comida_id 
    left join
        alimentos a1_0 
            on a1_0.id=ac1_0.alimento_id 
    where
        c1_0.id=? 
        and a1_0.id=? 
    limit
        ?
2026-03-20 15:30:14.514 DEBUG [http-nio-8080-exec-5] org.hibernate.SQL - 
    insert 
    into
        alimentos_comida
        (alimento_id, calorias_totales, cantidad_gramos, comida_id) 
    values
        (?, ?, ?, ?)
2026-03-20 15:30:14.516 DEBUG [http-nio-8080-exec-5] o.s.w.s.m.m.a.HttpEntityMethodProcessor - Using 'application/hal+json', given [application/hal+json] and supported [application/json, application/*+json, application/yaml]
2026-03-20 15:30:14.516 DEBUG [http-nio-8080-exec-5] o.s.w.s.m.m.a.HttpEntityMethodProcessor - Writing [AlimentoComidaDTO(id=2, comidaId=2, alimentoId=2, cantidadGramos=150, caloriasTotales=167)]
2026-03-20 15:30:14.516 DEBUG [http-nio-8080-exec-5] o.s.web.servlet.DispatcherServlet - Completed 200 OK
2026-03-20 15:30:22.125 DEBUG [http-nio-8080-exec-6] o.s.web.servlet.DispatcherServlet - POST "/api/alimentos-comida", parameters={}
2026-03-20 15:30:22.126 DEBUG [http-nio-8080-exec-6] o.s.w.s.m.m.a.RequestMappingHandlerMapping - Mapped to com.gymprofit.api.controller.AlimentoComidaController#guardarAlimentoComida(AlimentoComidaCreateDTO)
2026-03-20 15:30:22.126 DEBUG [http-nio-8080-exec-6] o.s.w.s.m.m.a.RequestResponseBodyMethodProcessor - Read "application/json;charset=UTF-8" to [AlimentoComidaCreateDTO(comidaId=2, alimentoId=3, cantidadGramos=50)]
2026-03-20 15:30:22.126 INFO  [http-nio-8080-exec-6] c.g.a.s.a.AlimentoComidaService - Creando nuevo alimento-comida para comida id: 3 y alimento id: 2
2026-03-20 15:30:22.128 DEBUG [http-nio-8080-exec-6] org.hibernate.SQL - 
    select
        c1_0.id,
        c1_0.fecha,
        c1_0.notas,
        c1_0.tipo_comida,
        c1_0.total_calorias,
        c1_0.total_carbohidratos,
        c1_0.total_grasas,
        c1_0.total_proteinas,
        c1_0.usuario_id 
    from
        comidas c1_0 
    where
        c1_0.id=?
2026-03-20 15:30:22.131 DEBUG [http-nio-8080-exec-6] org.hibernate.SQL - 
    select
        a1_0.id,
        a1_0.activo,
        a1_0.calorias,
        a1_0.carbohidratos,
        a1_0.categoria,
        a1_0.descripcion,
        a1_0.fibra,
        a1_0.grasas,
        a1_0.nombre,
        a1_0.porcion_gramos,
        a1_0.proteinas 
    from
        alimentos a1_0 
    where
        a1_0.id=?
2026-03-20 15:30:22.134 DEBUG [http-nio-8080-exec-6] org.hibernate.SQL - 
    select
        ac1_0.id 
    from
        alimentos_comida ac1_0 
    left join
        comidas c1_0 
            on c1_0.id=ac1_0.comida_id 
    left join
        alimentos a1_0 
            on a1_0.id=ac1_0.alimento_id 
    where
        c1_0.id=? 
        and a1_0.id=? 
    limit
        ?
2026-03-20 15:30:22.135 DEBUG [http-nio-8080-exec-6] org.hibernate.SQL - 
    insert 
    into
        alimentos_comida
        (alimento_id, calorias_totales, cantidad_gramos, comida_id) 
    values
        (?, ?, ?, ?)
2026-03-20 15:30:22.137 DEBUG [http-nio-8080-exec-6] o.s.w.s.m.m.a.HttpEntityMethodProcessor - Using 'application/hal+json', given [application/hal+json] and supported [application/json, application/*+json, application/yaml]
2026-03-20 15:30:22.137 DEBUG [http-nio-8080-exec-6] o.s.w.s.m.m.a.HttpEntityMethodProcessor - Writing [AlimentoComidaDTO(id=3, comidaId=2, alimentoId=3, cantidadGramos=50, caloriasTotales=80)]
2026-03-20 15:30:22.137 DEBUG [http-nio-8080-exec-6] o.s.web.servlet.DispatcherServlet - Completed 200 OK
2026-03-20 15:31:23.477 DEBUG [http-nio-8080-exec-7] o.s.web.servlet.DispatcherServlet - GET "/api/alimentos-comida/2", parameters={}
2026-03-20 15:31:23.477 DEBUG [http-nio-8080-exec-7] o.s.w.s.m.m.a.RequestMappingHandlerMapping - Mapped to com.gymprofit.api.controller.AlimentoComidaController#obtenerAlimentoComida(Integer)
2026-03-20 15:31:23.479 INFO  [http-nio-8080-exec-7] c.g.a.s.a.AlimentoComidaService - Buscando alimento-comida por id: 2
2026-03-20 15:31:23.480 DEBUG [http-nio-8080-exec-7] org.hibernate.SQL - 
    select
        ac1_0.id,
        ac1_0.alimento_id,
        ac1_0.calorias_totales,
        ac1_0.cantidad_gramos,
        ac1_0.comida_id 
    from
        alimentos_comida ac1_0 
    where
        ac1_0.id=?
2026-03-20 15:31:23.482 DEBUG [http-nio-8080-exec-7] o.s.w.s.m.m.a.HttpEntityMethodProcessor - Using 'application/hal+json', given [application/hal+json] and supported [application/json, application/*+json, application/yaml]
2026-03-20 15:31:23.482 DEBUG [http-nio-8080-exec-7] o.s.w.s.m.m.a.HttpEntityMethodProcessor - Writing [AlimentoComidaDTO(id=2, comidaId=2, alimentoId=2, cantidadGramos=150.00, caloriasTotales=167)]
2026-03-20 15:31:23.482 DEBUG [http-nio-8080-exec-7] o.s.web.servlet.DispatcherServlet - Completed 200 OK
2026-03-20 15:31:37.306 DEBUG [http-nio-8080-exec-9] o.s.web.servlet.DispatcherServlet - GET "/api/alimentos-comida/comida/2", parameters={}
2026-03-20 15:31:37.306 DEBUG [http-nio-8080-exec-9] o.s.w.s.m.m.a.RequestMappingHandlerMapping - Mapped to com.gymprofit.api.controller.AlimentoComidaController#obtenerAlimentosPorComida(Integer)
2026-03-20 15:31:37.307 INFO  [http-nio-8080-exec-9] c.g.a.s.a.AlimentoComidaService - Buscando alimentos de la comida id: 2
2026-03-20 15:31:37.315 DEBUG [http-nio-8080-exec-9] org.hibernate.SQL - 
    select
        ac1_0.id,
        ac1_0.alimento_id,
        ac1_0.calorias_totales,
        ac1_0.cantidad_gramos,
        ac1_0.comida_id 
    from
        alimentos_comida ac1_0 
    left join
        comidas c1_0 
            on c1_0.id=ac1_0.comida_id 
    where
        c1_0.id=?
2026-03-20 15:31:37.319 DEBUG [http-nio-8080-exec-9] o.s.w.s.m.m.a.HttpEntityMethodProcessor - Using 'application/hal+json', given [application/hal+json] and supported [application/json, application/*+json, application/yaml]
2026-03-20 15:31:37.319 DEBUG [http-nio-8080-exec-9] o.s.w.s.m.m.a.HttpEntityMethodProcessor - Writing [[AlimentoComidaDTO(id=1, comidaId=2, alimentoId=1, cantidadGramos=200.00, caloriasTotales=330), Alim (truncated)...]
2026-03-20 15:31:37.320 DEBUG [http-nio-8080-exec-9] o.s.web.servlet.DispatcherServlet - Completed 200 OK
2026-03-20 15:32:02.849 DEBUG [http-nio-8080-exec-10] o.s.web.servlet.DispatcherServlet - GET "/api/alimentos-comida/alimento/1", parameters={}
2026-03-20 15:32:02.849 DEBUG [http-nio-8080-exec-10] o.s.w.s.m.m.a.RequestMappingHandlerMapping - Mapped to com.gymprofit.api.controller.AlimentoComidaController#obtenerComidasPorAlimento(Integer)
2026-03-20 15:32:02.850 INFO  [http-nio-8080-exec-10] c.g.a.s.a.AlimentoComidaService - Buscando comidas que contienen el alimento id: 1
2026-03-20 15:32:02.852 DEBUG [http-nio-8080-exec-10] org.hibernate.SQL - 
    select
        ac1_0.id,
        ac1_0.alimento_id,
        ac1_0.calorias_totales,
        ac1_0.cantidad_gramos,
        ac1_0.comida_id 
    from
        alimentos_comida ac1_0 
    left join
        alimentos a1_0 
            on a1_0.id=ac1_0.alimento_id 
    where
        a1_0.id=?
2026-03-20 15:32:02.853 DEBUG [http-nio-8080-exec-10] o.s.w.s.m.m.a.HttpEntityMethodProcessor - Using 'application/hal+json', given [application/hal+json] and supported [application/json, application/*+json, application/yaml]
2026-03-20 15:32:02.855 DEBUG [http-nio-8080-exec-10] o.s.w.s.m.m.a.HttpEntityMethodProcessor - Writing [[AlimentoComidaDTO(id=1, comidaId=2, alimentoId=1, cantidadGramos=200.00, caloriasTotales=330)]]
2026-03-20 15:32:02.855 DEBUG [http-nio-8080-exec-10] o.s.web.servlet.DispatcherServlet - Completed 200 OK
2026-03-20 15:32:23.049 DEBUG [http-nio-8080-exec-2] o.s.web.servlet.DispatcherServlet - GET "/api/alimentos-comida/comida/2/alimento/1", parameters={}
2026-03-20 15:32:23.050 DEBUG [http-nio-8080-exec-2] o.s.w.s.m.m.a.RequestMappingHandlerMapping - Mapped to com.gymprofit.api.controller.AlimentoComidaController#obtenerRelacionComidaAlimento(Integer, Integer)
2026-03-20 15:32:23.051 INFO  [http-nio-8080-exec-2] c.g.a.s.a.AlimentoComidaService - Buscando relación entre comida 2 y alimento 1
2026-03-20 15:32:23.053 DEBUG [http-nio-8080-exec-2] org.hibernate.SQL - 
    select
        ac1_0.id,
        ac1_0.alimento_id,
        ac1_0.calorias_totales,
        ac1_0.cantidad_gramos,
        ac1_0.comida_id 
    from
        alimentos_comida ac1_0 
    left join
        comidas c1_0 
            on c1_0.id=ac1_0.comida_id 
    left join
        alimentos a1_0 
            on a1_0.id=ac1_0.alimento_id 
    where
        c1_0.id=? 
        and a1_0.id=?
2026-03-20 15:32:23.055 DEBUG [http-nio-8080-exec-2] o.s.w.s.m.m.a.HttpEntityMethodProcessor - Using 'application/hal+json', given [application/hal+json] and supported [application/json, application/*+json, application/yaml]
2026-03-20 15:32:23.055 DEBUG [http-nio-8080-exec-2] o.s.w.s.m.m.a.HttpEntityMethodProcessor - Writing [AlimentoComidaDTO(id=1, comidaId=2, alimentoId=1, cantidadGramos=200.00, caloriasTotales=330)]
2026-03-20 15:32:23.056 DEBUG [http-nio-8080-exec-2] o.s.web.servlet.DispatcherServlet - Completed 200 OK
2026-03-20 15:32:42.549 DEBUG [http-nio-8080-exec-1] o.s.web.servlet.DispatcherServlet - GET "/api/alimentos-comida/count/comida/2", parameters={}
2026-03-20 15:32:42.549 DEBUG [http-nio-8080-exec-1] o.s.w.s.m.m.a.RequestMappingHandlerMapping - Mapped to com.gymprofit.api.controller.AlimentoComidaController#contarAlimentosPorComida(Integer)
2026-03-20 15:32:42.550 INFO  [http-nio-8080-exec-1] c.g.a.s.a.AlimentoComidaService - Contando alimentos de la comida id: 2
2026-03-20 15:32:42.555 DEBUG [http-nio-8080-exec-1] org.hibernate.SQL - 
    select
        count(ac1_0.id) 
    from
        alimentos_comida ac1_0 
    left join
        comidas c1_0 
            on c1_0.id=ac1_0.comida_id 
    where
        c1_0.id=?
2026-03-20 15:32:42.557 DEBUG [http-nio-8080-exec-1] o.s.w.s.m.m.a.HttpEntityMethodProcessor - Using 'application/hal+json', given [application/hal+json] and supported [application/json, application/*+json, application/yaml]
2026-03-20 15:32:42.558 DEBUG [http-nio-8080-exec-1] o.s.w.s.m.m.a.HttpEntityMethodProcessor - Writing [{count=3, comidaId=3}]
2026-03-20 15:32:42.559 DEBUG [http-nio-8080-exec-1] o.s.web.servlet.DispatcherServlet - Completed 200 OK
2026-03-20 15:32:50.920 DEBUG [http-nio-8080-exec-3] o.s.web.servlet.DispatcherServlet - GET "/api/alimentos-comida/count/comida/1", parameters={}
2026-03-20 15:32:50.920 DEBUG [http-nio-8080-exec-3] o.s.w.s.m.m.a.RequestMappingHandlerMapping - Mapped to com.gymprofit.api.controller.AlimentoComidaController#contarAlimentosPorComida(Integer)
2026-03-20 15:32:50.921 INFO  [http-nio-8080-exec-3] c.g.a.s.a.AlimentoComidaService - Contando alimentos de la comida id: 1
2026-03-20 15:32:50.923 DEBUG [http-nio-8080-exec-3] org.hibernate.SQL - 
    select
        count(ac1_0.id) 
    from
        alimentos_comida ac1_0 
    left join
        comidas c1_0 
            on c1_0.id=ac1_0.comida_id 
    where
        c1_0.id=?
2026-03-20 15:32:50.924 DEBUG [http-nio-8080-exec-3] o.s.w.s.m.m.a.HttpEntityMethodProcessor - Using 'application/hal+json', given [application/hal+json] and supported [application/json, application/*+json, application/yaml]
2026-03-20 15:32:50.924 DEBUG [http-nio-8080-exec-3] o.s.w.s.m.m.a.HttpEntityMethodProcessor - Writing [{count=0, comidaId=0}]
2026-03-20 15:32:50.925 DEBUG [http-nio-8080-exec-3] o.s.web.servlet.DispatcherServlet - Completed 200 OK
2026-03-20 15:32:53.695 DEBUG [http-nio-8080-exec-4] o.s.web.servlet.DispatcherServlet - GET "/api/alimentos-comida/count/comida/3", parameters={}
2026-03-20 15:32:53.695 DEBUG [http-nio-8080-exec-4] o.s.w.s.m.m.a.RequestMappingHandlerMapping - Mapped to com.gymprofit.api.controller.AlimentoComidaController#contarAlimentosPorComida(Integer)
2026-03-20 15:32:53.695 INFO  [http-nio-8080-exec-4] c.g.a.s.a.AlimentoComidaService - Contando alimentos de la comida id: 3
2026-03-20 15:32:53.698 DEBUG [http-nio-8080-exec-4] org.hibernate.SQL - 
    select
        count(ac1_0.id) 
    from
        alimentos_comida ac1_0 
    left join
        comidas c1_0 
            on c1_0.id=ac1_0.comida_id 
    where
        c1_0.id=?
2026-03-20 15:32:53.700 DEBUG [http-nio-8080-exec-4] o.s.w.s.m.m.a.HttpEntityMethodProcessor - Using 'application/hal+json', given [application/hal+json] and supported [application/json, application/*+json, application/yaml]
2026-03-20 15:32:53.700 DEBUG [http-nio-8080-exec-4] o.s.w.s.m.m.a.HttpEntityMethodProcessor - Writing [{count=0, comidaId=0}]
2026-03-20 15:32:53.700 DEBUG [http-nio-8080-exec-4] o.s.web.servlet.DispatcherServlet - Completed 200 OK
2026-03-20 15:33:10.395 DEBUG [http-nio-8080-exec-5] o.s.web.servlet.DispatcherServlet - PUT "/api/alimentos-comida", parameters={}
2026-03-20 15:33:10.395 DEBUG [http-nio-8080-exec-5] o.s.w.s.m.m.a.RequestMappingHandlerMapping - Mapped to com.gymprofit.api.controller.AlimentoComidaController#modificarAlimentoComida(AlimentoComidaDTO)
2026-03-20 15:33:10.399 DEBUG [http-nio-8080-exec-5] o.s.w.s.m.m.a.RequestResponseBodyMethodProcessor - Read "application/json;charset=UTF-8" to [AlimentoComidaDTO(id=1, comidaId=2, alimentoId=1, cantidadGramos=250, caloriasTotales=330)]
2026-03-20 15:33:10.400 INFO  [http-nio-8080-exec-5] c.g.a.s.a.AlimentoComidaService - Modificando alimento-comida con id: 1
2026-03-20 15:33:10.402 DEBUG [http-nio-8080-exec-5] org.hibernate.SQL - 
    select
        ac1_0.id,
        ac1_0.alimento_id,
        ac1_0.calorias_totales,
        ac1_0.cantidad_gramos,
        ac1_0.comida_id 
    from
        alimentos_comida ac1_0 
    where
        ac1_0.id=?
2026-03-20 15:33:10.404 DEBUG [http-nio-8080-exec-5] org.hibernate.SQL - 
    select
        c1_0.id,
        c1_0.fecha,
        c1_0.notas,
        c1_0.tipo_comida,
        c1_0.total_calorias,
        c1_0.total_carbohidratos,
        c1_0.total_grasas,
        c1_0.total_proteinas,
        c1_0.usuario_id 
    from
        comidas c1_0 
    where
        c1_0.id=?
2026-03-20 15:33:10.406 DEBUG [http-nio-8080-exec-5] org.hibernate.SQL - 
    select
        a1_0.id,
        a1_0.activo,
        a1_0.calorias,
        a1_0.carbohidratos,
        a1_0.categoria,
        a1_0.descripcion,
        a1_0.fibra,
        a1_0.grasas,
        a1_0.nombre,
        a1_0.porcion_gramos,
        a1_0.proteinas 
    from
        alimentos a1_0 
    where
        a1_0.id=?
2026-03-20 15:33:10.415 DEBUG [http-nio-8080-exec-5] org.hibernate.SQL - 
    update
        alimentos_comida 
    set
        alimento_id=?,
        calorias_totales=?,
        cantidad_gramos=?,
        comida_id=? 
    where
        id=?
2026-03-20 15:33:10.419 DEBUG [http-nio-8080-exec-5] o.s.w.s.m.m.a.HttpEntityMethodProcessor - Using 'application/hal+json', given [application/hal+json] and supported [application/json, application/*+json, application/yaml]
2026-03-20 15:33:10.419 DEBUG [http-nio-8080-exec-5] o.s.w.s.m.m.a.HttpEntityMethodProcessor - Writing [AlimentoComidaDTO(id=1, comidaId=2, alimentoId=1, cantidadGramos=250, caloriasTotales=413)]
2026-03-20 15:33:10.420 DEBUG [http-nio-8080-exec-5] o.s.web.servlet.DispatcherServlet - Completed 200 OK
2026-03-20 15:33:21.806 DEBUG [http-nio-8080-exec-6] o.s.web.servlet.DispatcherServlet - DELETE "/api/alimentos-comida/1", parameters={}
2026-03-20 15:33:21.806 DEBUG [http-nio-8080-exec-6] o.s.w.s.m.m.a.RequestMappingHandlerMapping - Mapped to com.gymprofit.api.controller.AlimentoComidaController#borrarAlimentoComida(Integer)
2026-03-20 15:33:21.807 INFO  [http-nio-8080-exec-6] c.g.a.s.a.AlimentoComidaService - Eliminando alimnto-comida con id: 1
2026-03-20 15:33:21.808 DEBUG [http-nio-8080-exec-6] org.hibernate.SQL - 
    select
        ac1_0.id,
        ac1_0.alimento_id,
        ac1_0.calorias_totales,
        ac1_0.cantidad_gramos,
        ac1_0.comida_id 
    from
        alimentos_comida ac1_0 
    where
        ac1_0.id=?
2026-03-20 15:33:21.811 INFO  [http-nio-8080-exec-6] c.g.a.s.a.AlimentoComidaService - Alimento-comida con id 1 eliminado correctamente
2026-03-20 15:33:21.813 DEBUG [http-nio-8080-exec-6] org.hibernate.SQL - 
    delete 
    from
        alimentos_comida 
    where
        id=?
2026-03-20 15:33:21.817 DEBUG [http-nio-8080-exec-6] o.s.w.s.m.m.a.HttpEntityMethodProcessor - Using 'application/hal+json', given [application/hal+json] and supported [application/json, application/*+json, application/yaml]
2026-03-20 15:33:21.817 DEBUG [http-nio-8080-exec-6] o.s.w.s.m.m.a.HttpEntityMethodProcessor - Writing [{mensaje=Relación alimento-comida eliminada con ÉXITO}]
2026-03-20 15:33:21.819 DEBUG [http-nio-8080-exec-6] o.s.web.servlet.DispatcherServlet - Completed 200 OK
2026-03-20 15:33:28.122 DEBUG [http-nio-8080-exec-8] o.s.web.servlet.DispatcherServlet - DELETE "/api/alimentos-comida/comida/2", parameters={}
2026-03-20 15:33:28.123 DEBUG [http-nio-8080-exec-8] o.s.w.s.m.m.a.RequestMappingHandlerMapping - Mapped to com.gymprofit.api.controller.AlimentoComidaController#eliminarTodosPorComida(Integer)
2026-03-20 15:33:28.126 INFO  [http-nio-8080-exec-8] c.g.a.s.a.AlimentoComidaService - Eliminando todos los alimentos de la comida id: 2
2026-03-20 15:33:28.128 DEBUG [http-nio-8080-exec-8] org.hibernate.SQL - 
    select
        ac1_0.id,
        ac1_0.alimento_id,
        ac1_0.calorias_totales,
        ac1_0.cantidad_gramos,
        ac1_0.comida_id 
    from
        alimentos_comida ac1_0 
    left join
        comidas c1_0 
            on c1_0.id=ac1_0.comida_id 
    where
        c1_0.id=?
2026-03-20 15:33:28.130 INFO  [http-nio-8080-exec-8] c.g.a.s.a.AlimentoComidaService - Alimentos de la comida 2 eliminados correctamente
2026-03-20 15:33:28.130 DEBUG [http-nio-8080-exec-8] org.hibernate.SQL - 
    delete 
    from
        alimentos_comida 
    where
        id=?
2026-03-20 15:33:28.131 DEBUG [http-nio-8080-exec-8] org.hibernate.SQL - 
    delete 
    from
        alimentos_comida 
    where
        id=?
2026-03-20 15:33:28.132 DEBUG [http-nio-8080-exec-8] o.s.w.s.m.m.a.HttpEntityMethodProcessor - Using 'application/hal+json', given [application/hal+json] and supported [application/json, application/*+json, application/yaml]
2026-03-20 15:33:28.133 DEBUG [http-nio-8080-exec-8] o.s.w.s.m.m.a.HttpEntityMethodProcessor - Writing [{mensaje=Todos los alimeentos de la commida eliminados con ÉXITO}]
2026-03-20 15:33:28.134 DEBUG [http-nio-8080-exec-8] o.s.web.servlet.DispatcherServlet - Completed 200 OK
2026-03-20 15:34:05.026 INFO  [File Watcher] o.s.b.d.a.LocalDevToolsAutoConfiguration$RestartingClassPathChangeChangedEventListener - Restarting due to 1 class path change (0 additions, 1 deletion, 0 modifications)
2026-03-20 15:34:05.029 INFO  [Thread-5] o.s.b.w.e.tomcat.GracefulShutdown - Commencing graceful shutdown. Waiting for active requests to complete
2026-03-20 15:34:05.030 INFO  [tomcat-shutdown] o.a.coyote.http11.Http11NioProtocol - Pausing ProtocolHandler ["http-nio-8080"]
2026-03-20 15:34:05.290 INFO  [tomcat-shutdown] o.s.b.w.e.tomcat.GracefulShutdown - Graceful shutdown complete
2026-03-20 15:34:05.290 INFO  [Thread-5] o.a.coyote.http11.Http11NioProtocol - Stopping ProtocolHandler ["http-nio-8080"]
2026-03-20 15:34:05.294 INFO  [Thread-5] o.s.o.j.LocalContainerEntityManagerFactoryBean - Closing JPA EntityManagerFactory for persistence unit 'default'
2026-03-20 15:34:05.297 INFO  [Thread-5] com.zaxxer.hikari.HikariDataSource - HikariPool-1 - Shutdown initiated...
2026-03-20 15:34:05.299 INFO  [Thread-5] com.zaxxer.hikari.HikariDataSource - HikariPool-1 - Shutdown completed.
2026-03-20 15:34:05.406 INFO  [restartedMain] c.g.api.GymProFitApiApplication - Starting GymProFitApiApplication using Java 23.0.2 with PID 24928 (C:\Users\ruben\Desktop\tfg\api\gymprofit-api\target\classes started by ruben in C:\Users\ruben\Desktop\tfg\api\gymprofit-api)
2026-03-20 15:34:05.406 DEBUG [restartedMain] c.g.api.GymProFitApiApplication - Running with Spring Boot v3.5.7, Spring v6.2.12
2026-03-20 15:34:05.406 INFO  [restartedMain] c.g.api.GymProFitApiApplication - The following 1 profile is active: "dev"
2026-03-20 15:34:05.791 INFO  [restartedMain] o.s.d.r.c.RepositoryConfigurationDelegate - Bootstrapping Spring Data JPA repositories in DEFAULT mode.
2026-03-20 15:34:05.914 INFO  [restartedMain] o.s.d.r.c.RepositoryConfigurationDelegate - Finished Spring Data repository scanning in 121 ms. Found 13 JPA repository interfaces.
2026-03-20 15:34:06.088 INFO  [restartedMain] o.s.b.w.e.tomcat.TomcatWebServer - Tomcat initialized with port 8080 (http)
2026-03-20 15:34:06.089 INFO  [restartedMain] o.a.coyote.http11.Http11NioProtocol - Initializing ProtocolHandler ["http-nio-8080"]
2026-03-20 15:34:06.090 INFO  [restartedMain] o.a.catalina.core.StandardService - Starting service [Tomcat]
2026-03-20 15:34:06.090 INFO  [restartedMain] o.a.catalina.core.StandardEngine - Starting Servlet engine: [Apache Tomcat/10.1.48]
2026-03-20 15:34:06.145 INFO  [restartedMain] o.a.c.c.C.[Tomcat].[localhost].[/] - Initializing Spring embedded WebApplicationContext
2026-03-20 15:34:06.145 INFO  [restartedMain] o.s.b.w.s.c.ServletWebServerApplicationContext - Root WebApplicationContext: initialization completed in 737 ms
2026-03-20 15:34:06.209 INFO  [restartedMain] com.zaxxer.hikari.HikariDataSource - HikariPool-2 - Starting...
2026-03-20 15:34:06.214 INFO  [restartedMain] com.zaxxer.hikari.pool.HikariPool - HikariPool-2 - Added connection org.mariadb.jdbc.Connection@344dba07
2026-03-20 15:34:06.215 INFO  [restartedMain] com.zaxxer.hikari.HikariDataSource - HikariPool-2 - Start completed.
2026-03-20 15:34:06.215 INFO  [restartedMain] o.f.c.i.r.ResourceNameValidator - 1 SQL migrations were detected but not run because they did not follow the filename convention.
2026-03-20 15:34:06.215 INFO  [restartedMain] o.f.c.i.r.ResourceNameValidator - Set 'validateMigrationNaming' to true to fail fast and see a list of the invalid file names.
2026-03-20 15:34:06.215 WARN  [restartedMain] o.m.jdbc.message.server.ErrorPacket - Error: 1193-HY000: Unknown system variable 'WSREP_ON'
2026-03-20 15:34:06.220 INFO  [restartedMain] org.flywaydb.core.FlywayExecutor - Database: jdbc:mariadb://localhost:3308/gymprofit_db?user=root&password=********&useUnicode=true&characterEncoding=UTF-8 (MariaDB 11.8)
2026-03-20 15:34:06.223 WARN  [restartedMain] o.f.c.i.database.base.Database - Using MariaDB 11.8 which is newer than the version Flyway has been verified with. The latest verified version of MariaDB is 11.7.
2026-03-20 15:34:06.227 INFO  [restartedMain] o.f.c.i.s.JdbcTableSchemaHistory - Repair of failed migration in Schema History table `gymprofit_db`.`flyway_schema_history` not necessary. No failed migration detected.
2026-03-20 15:34:06.229 INFO  [restartedMain] o.f.core.internal.command.DbRepair - Successfully repaired schema history table `gymprofit_db`.`flyway_schema_history` (execution time 00:00.004s).
2026-03-20 15:34:06.232 INFO  [restartedMain] o.f.c.i.r.ResourceNameValidator - 1 SQL migrations were detected but not run because they did not follow the filename convention.
2026-03-20 15:34:06.232 INFO  [restartedMain] o.f.c.i.r.ResourceNameValidator - Set 'validateMigrationNaming' to true to fail fast and see a list of the invalid file names.
2026-03-20 15:34:06.232 WARN  [restartedMain] o.m.jdbc.message.server.ErrorPacket - Error: 1193-HY000: Unknown system variable 'WSREP_ON'
2026-03-20 15:34:06.239 WARN  [restartedMain] o.f.c.i.database.base.Database - Using MariaDB 11.8 which is newer than the version Flyway has been verified with. The latest verified version of MariaDB is 11.7.
2026-03-20 15:34:06.243 INFO  [restartedMain] o.f.core.internal.command.DbValidate - Successfully validated 0 migrations (execution time 00:00.001s)
2026-03-20 15:34:06.243 WARN  [restartedMain] o.f.core.internal.command.DbValidate - No migrations found. Are your locations set up correctly?
2026-03-20 15:34:06.246 INFO  [restartedMain] o.f.core.internal.command.DbMigrate - Current version of schema `gymprofit_db`: << Empty Schema >>
2026-03-20 15:34:06.247 INFO  [restartedMain] o.f.core.internal.command.DbMigrate - Schema `gymprofit_db` is up to date. No migration necessary.
2026-03-20 15:34:06.252 INFO  [restartedMain] o.f.c.i.r.ResourceNameValidator - 1 SQL migrations were detected but not run because they did not follow the filename convention.
2026-03-20 15:34:06.252 INFO  [restartedMain] o.f.c.i.r.ResourceNameValidator - Set 'validateMigrationNaming' to true to fail fast and see a list of the invalid file names.
2026-03-20 15:34:06.252 WARN  [restartedMain] o.m.jdbc.message.server.ErrorPacket - Error: 1193-HY000: Unknown system variable 'WSREP_ON'
2026-03-20 15:34:06.259 WARN  [restartedMain] o.f.c.i.database.base.Database - Using MariaDB 11.8 which is newer than the version Flyway has been verified with. The latest verified version of MariaDB is 11.7.
2026-03-20 15:34:06.265 INFO  [restartedMain] o.f.core.internal.command.DbValidate - Successfully validated 0 migrations (execution time 00:00.002s)
2026-03-20 15:34:06.265 WARN  [restartedMain] o.f.core.internal.command.DbValidate - No migrations found. Are your locations set up correctly?
2026-03-20 15:34:06.269 INFO  [restartedMain] o.f.core.internal.command.DbMigrate - Current version of schema `gymprofit_db`: << Empty Schema >>
2026-03-20 15:34:06.270 INFO  [restartedMain] o.f.core.internal.command.DbMigrate - Schema `gymprofit_db` is up to date. No migration necessary.
2026-03-20 15:34:06.358 INFO  [restartedMain] o.s.o.j.p.SpringPersistenceUnitInfo - No LoadTimeWeaver setup: ignoring JPA class transformer
2026-03-20 15:34:06.360 WARN  [restartedMain] org.hibernate.orm.deprecation - HHH90000025: MariaDBDialect does not need to be specified explicitly using 'hibernate.dialect' (remove the property setting and it will be selected by default)
2026-03-20 15:34:06.537 INFO  [restartedMain] o.s.o.j.LocalContainerEntityManagerFactoryBean - Initialized JPA EntityManagerFactory for persistence unit 'default'
2026-03-20 15:34:06.742 WARN  [restartedMain] o.s.b.a.o.j.JpaBaseConfiguration$JpaWebConfiguration - spring.jpa.open-in-view is enabled by default. Therefore, database queries may be performed during view rendering. Explicitly configure spring.jpa.open-in-view to disable this warning
2026-03-20 15:34:06.972 DEBUG [restartedMain] o.s.w.s.m.m.a.RequestMappingHandlerMapping - 77 mappings in 'requestMappingHandlerMapping'
2026-03-20 15:34:07.022 DEBUG [restartedMain] o.s.w.s.h.SimpleUrlHandlerMapping - Patterns [/webjars/**, /**, /swagger-ui/**, /swagger-ui/*swagger-initializer.js, /webjars/*swagger-ui/**, /webjars/*swagger-ui/*swagger-initializer.js, /webjars/*swagger-ui/5.31.0/*swagger-initializer.js] in 'resourceHandlerMapping'
2026-03-20 15:34:07.049 WARN  [restartedMain] o.s.b.a.s.s.UserDetailsServiceAutoConfiguration - 

Using generated security password: 0a3d49ae-6d1e-4e0e-a8d6-ebf781815fd9

This generated password is for development use only. Your security configuration must be updated before running your application in production.

2026-03-20 15:34:07.050 INFO  [restartedMain] o.s.s.c.a.a.c.InitializeUserDetailsBeanManagerConfigurer$InitializeUserDetailsManagerConfigurer - Global AuthenticationManager configured with UserDetailsService bean with name inMemoryUserDetailsManager
2026-03-20 15:34:07.119 DEBUG [restartedMain] o.s.w.s.m.m.a.RequestMappingHandlerAdapter - ControllerAdvice beans: 0 @ModelAttribute, 0 @InitBinder, 1 RequestBodyAdvice, 1 ResponseBodyAdvice
2026-03-20 15:34:07.131 DEBUG [restartedMain] o.s.w.s.m.m.a.ExceptionHandlerExceptionResolver - ControllerAdvice beans: 3 @ExceptionHandler, 1 ResponseBodyAdvice
2026-03-20 15:34:07.144 DEBUG [restartedMain] o.s.w.s.m.m.a.ExceptionHandlerExceptionResolver - ControllerAdvice beans: 3 @ExceptionHandler, 0 ResponseBodyAdvice
2026-03-20 15:34:07.506 INFO  [restartedMain] o.s.b.d.a.OptionalLiveReloadServer - LiveReload server is running on port 35729
2026-03-20 15:34:07.542 INFO  [restartedMain] o.a.coyote.http11.Http11NioProtocol - Starting ProtocolHandler ["http-nio-8080"]
2026-03-20 15:34:07.546 INFO  [restartedMain] o.s.b.w.e.tomcat.TomcatWebServer - Tomcat started on port 8080 (http) with context path '/'
2026-03-20 15:34:07.548 INFO  [restartedMain] c.g.api.GymProFitApiApplication - Started GymProFitApiApplication in 2.19 seconds (process running for 317.004)
2026-03-20 15:34:07.549 WARN  [restartedMain] o.s.c.events.SpringDocAppInitializer - SpringDoc /v3/api-docs endpoint is enabled by default. To disable it in production, set the property 'springdoc.api-docs.enabled=false'
2026-03-20 15:34:07.549 WARN  [restartedMain] o.s.c.events.SpringDocAppInitializer - SpringDoc /swagger-ui.html endpoint is enabled by default. To disable it in production, set the property 'springdoc.swagger-ui.enabled=false'
2026-03-20 15:34:07.550 INFO  [restartedMain] o.s.b.d.a.ConditionEvaluationDeltaLoggingListener - Condition evaluation unchanged
2026-03-20 15:34:09.101 INFO  [File Watcher] o.s.b.d.a.LocalDevToolsAutoConfiguration$RestartingClassPathChangeChangedEventListener - Restarting due to 1 class path change (1 addition, 0 deletions, 0 modifications)
2026-03-20 15:34:09.101 INFO  [Thread-7] o.s.b.w.e.tomcat.GracefulShutdown - Commencing graceful shutdown. Waiting for active requests to complete
2026-03-20 15:34:09.103 INFO  [tomcat-shutdown] o.a.coyote.http11.Http11NioProtocol - Pausing ProtocolHandler ["http-nio-8080"]
2026-03-20 15:34:09.104 INFO  [tomcat-shutdown] o.s.b.w.e.tomcat.GracefulShutdown - Graceful shutdown complete
2026-03-20 15:34:09.104 INFO  [Thread-7] o.a.coyote.http11.Http11NioProtocol - Stopping ProtocolHandler ["http-nio-8080"]
2026-03-20 15:34:09.106 INFO  [Thread-7] o.s.o.j.LocalContainerEntityManagerFactoryBean - Closing JPA EntityManagerFactory for persistence unit 'default'
2026-03-20 15:34:09.107 INFO  [Thread-7] com.zaxxer.hikari.HikariDataSource - HikariPool-2 - Shutdown initiated...
2026-03-20 15:34:09.107 INFO  [Thread-7] com.zaxxer.hikari.HikariDataSource - HikariPool-2 - Shutdown completed.
2026-03-20 15:34:09.179 INFO  [restartedMain] c.g.api.GymProFitApiApplication - Starting GymProFitApiApplication using Java 23.0.2 with PID 24928 (C:\Users\ruben\Desktop\tfg\api\gymprofit-api\target\classes started by ruben in C:\Users\ruben\Desktop\tfg\api\gymprofit-api)
2026-03-20 15:34:09.180 DEBUG [restartedMain] c.g.api.GymProFitApiApplication - Running with Spring Boot v3.5.7, Spring v6.2.12
2026-03-20 15:34:09.180 INFO  [restartedMain] c.g.api.GymProFitApiApplication - The following 1 profile is active: "dev"
2026-03-20 15:34:09.462 INFO  [restartedMain] o.s.d.r.c.RepositoryConfigurationDelegate - Bootstrapping Spring Data JPA repositories in DEFAULT mode.
2026-03-20 15:34:09.547 INFO  [restartedMain] o.s.d.r.c.RepositoryConfigurationDelegate - Finished Spring Data repository scanning in 83 ms. Found 13 JPA repository interfaces.
2026-03-20 15:34:09.649 INFO  [restartedMain] o.s.b.w.e.tomcat.TomcatWebServer - Tomcat initialized with port 8080 (http)
2026-03-20 15:34:09.649 INFO  [restartedMain] o.a.coyote.http11.Http11NioProtocol - Initializing ProtocolHandler ["http-nio-8080"]
2026-03-20 15:34:09.649 INFO  [restartedMain] o.a.catalina.core.StandardService - Starting service [Tomcat]
2026-03-20 15:34:09.649 INFO  [restartedMain] o.a.catalina.core.StandardEngine - Starting Servlet engine: [Apache Tomcat/10.1.48]
2026-03-20 15:34:09.691 INFO  [restartedMain] o.a.c.c.C.[Tomcat].[localhost].[/] - Initializing Spring embedded WebApplicationContext
2026-03-20 15:34:09.691 INFO  [restartedMain] o.s.b.w.s.c.ServletWebServerApplicationContext - Root WebApplicationContext: initialization completed in 511 ms
2026-03-20 15:34:09.733 INFO  [restartedMain] com.zaxxer.hikari.HikariDataSource - HikariPool-3 - Starting...
2026-03-20 15:34:09.735 INFO  [restartedMain] com.zaxxer.hikari.pool.HikariPool - HikariPool-3 - Added connection org.mariadb.jdbc.Connection@4911ec9b
2026-03-20 15:34:09.735 INFO  [restartedMain] com.zaxxer.hikari.HikariDataSource - HikariPool-3 - Start completed.
2026-03-20 15:34:09.735 INFO  [restartedMain] o.f.c.i.r.ResourceNameValidator - 1 SQL migrations were detected but not run because they did not follow the filename convention.
2026-03-20 15:34:09.735 INFO  [restartedMain] o.f.c.i.r.ResourceNameValidator - Set 'validateMigrationNaming' to true to fail fast and see a list of the invalid file names.
2026-03-20 15:34:09.736 WARN  [restartedMain] o.m.jdbc.message.server.ErrorPacket - Error: 1193-HY000: Unknown system variable 'WSREP_ON'
2026-03-20 15:34:09.740 INFO  [restartedMain] org.flywaydb.core.FlywayExecutor - Database: jdbc:mariadb://localhost:3308/gymprofit_db?user=root&password=********&useUnicode=true&characterEncoding=UTF-8 (MariaDB 11.8)
2026-03-20 15:34:09.741 WARN  [restartedMain] o.f.c.i.database.base.Database - Using MariaDB 11.8 which is newer than the version Flyway has been verified with. The latest verified version of MariaDB is 11.7.
2026-03-20 15:34:09.744 INFO  [restartedMain] o.f.c.i.s.JdbcTableSchemaHistory - Repair of failed migration in Schema History table `gymprofit_db`.`flyway_schema_history` not necessary. No failed migration detected.
2026-03-20 15:34:09.744 INFO  [restartedMain] o.f.core.internal.command.DbRepair - Successfully repaired schema history table `gymprofit_db`.`flyway_schema_history` (execution time 00:00.002s).
2026-03-20 15:34:09.748 INFO  [restartedMain] o.f.c.i.r.ResourceNameValidator - 1 SQL migrations were detected but not run because they did not follow the filename convention.
2026-03-20 15:34:09.748 INFO  [restartedMain] o.f.c.i.r.ResourceNameValidator - Set 'validateMigrationNaming' to true to fail fast and see a list of the invalid file names.
2026-03-20 15:34:09.748 WARN  [restartedMain] o.m.jdbc.message.server.ErrorPacket - Error: 1193-HY000: Unknown system variable 'WSREP_ON'
2026-03-20 15:34:09.751 WARN  [restartedMain] o.f.c.i.database.base.Database - Using MariaDB 11.8 which is newer than the version Flyway has been verified with. The latest verified version of MariaDB is 11.7.
2026-03-20 15:34:09.754 INFO  [restartedMain] o.f.core.internal.command.DbValidate - Successfully validated 0 migrations (execution time 00:00.001s)
2026-03-20 15:34:09.754 WARN  [restartedMain] o.f.core.internal.command.DbValidate - No migrations found. Are your locations set up correctly?
2026-03-20 15:34:09.756 INFO  [restartedMain] o.f.core.internal.command.DbMigrate - Current version of schema `gymprofit_db`: << Empty Schema >>
2026-03-20 15:34:09.756 INFO  [restartedMain] o.f.core.internal.command.DbMigrate - Schema `gymprofit_db` is up to date. No migration necessary.
2026-03-20 15:34:09.758 INFO  [restartedMain] o.f.c.i.r.ResourceNameValidator - 1 SQL migrations were detected but not run because they did not follow the filename convention.
2026-03-20 15:34:09.758 INFO  [restartedMain] o.f.c.i.r.ResourceNameValidator - Set 'validateMigrationNaming' to true to fail fast and see a list of the invalid file names.
2026-03-20 15:34:09.758 WARN  [restartedMain] o.m.jdbc.message.server.ErrorPacket - Error: 1193-HY000: Unknown system variable 'WSREP_ON'
2026-03-20 15:34:09.762 WARN  [restartedMain] o.f.c.i.database.base.Database - Using MariaDB 11.8 which is newer than the version Flyway has been verified with. The latest verified version of MariaDB is 11.7.
2026-03-20 15:34:09.764 INFO  [restartedMain] o.f.core.internal.command.DbValidate - Successfully validated 0 migrations (execution time 00:00.001s)
2026-03-20 15:34:09.764 WARN  [restartedMain] o.f.core.internal.command.DbValidate - No migrations found. Are your locations set up correctly?
2026-03-20 15:34:09.767 INFO  [restartedMain] o.f.core.internal.command.DbMigrate - Current version of schema `gymprofit_db`: << Empty Schema >>
2026-03-20 15:34:09.767 INFO  [restartedMain] o.f.core.internal.command.DbMigrate - Schema `gymprofit_db` is up to date. No migration necessary.
2026-03-20 15:34:09.807 INFO  [restartedMain] o.s.o.j.p.SpringPersistenceUnitInfo - No LoadTimeWeaver setup: ignoring JPA class transformer
2026-03-20 15:34:09.807 WARN  [restartedMain] org.hibernate.orm.deprecation - HHH90000025: MariaDBDialect does not need to be specified explicitly using 'hibernate.dialect' (remove the property setting and it will be selected by default)
2026-03-20 15:34:09.934 INFO  [restartedMain] o.s.o.j.LocalContainerEntityManagerFactoryBean - Initialized JPA EntityManagerFactory for persistence unit 'default'
2026-03-20 15:34:10.121 WARN  [restartedMain] o.s.b.a.o.j.JpaBaseConfiguration$JpaWebConfiguration - spring.jpa.open-in-view is enabled by default. Therefore, database queries may be performed during view rendering. Explicitly configure spring.jpa.open-in-view to disable this warning
2026-03-20 15:34:10.295 DEBUG [restartedMain] o.s.w.s.m.m.a.RequestMappingHandlerMapping - 77 mappings in 'requestMappingHandlerMapping'
2026-03-20 15:34:10.331 DEBUG [restartedMain] o.s.w.s.h.SimpleUrlHandlerMapping - Patterns [/webjars/**, /**, /swagger-ui/**, /swagger-ui/*swagger-initializer.js, /webjars/*swagger-ui/**, /webjars/*swagger-ui/*swagger-initializer.js, /webjars/*swagger-ui/5.31.0/*swagger-initializer.js] in 'resourceHandlerMapping'
2026-03-20 15:34:10.349 WARN  [restartedMain] o.s.b.a.s.s.UserDetailsServiceAutoConfiguration - 

Using generated security password: fc93e2d3-adb4-44c5-8aea-10d836b65dcc

This generated password is for development use only. Your security configuration must be updated before running your application in production.

2026-03-20 15:34:10.349 INFO  [restartedMain] o.s.s.c.a.a.c.InitializeUserDetailsBeanManagerConfigurer$InitializeUserDetailsManagerConfigurer - Global AuthenticationManager configured with UserDetailsService bean with name inMemoryUserDetailsManager
2026-03-20 15:34:10.398 DEBUG [restartedMain] o.s.w.s.m.m.a.RequestMappingHandlerAdapter - ControllerAdvice beans: 0 @ModelAttribute, 0 @InitBinder, 1 RequestBodyAdvice, 1 ResponseBodyAdvice
2026-03-20 15:34:10.409 DEBUG [restartedMain] o.s.w.s.m.m.a.ExceptionHandlerExceptionResolver - ControllerAdvice beans: 3 @ExceptionHandler, 1 ResponseBodyAdvice
2026-03-20 15:34:10.417 DEBUG [restartedMain] o.s.w.s.m.m.a.ExceptionHandlerExceptionResolver - ControllerAdvice beans: 3 @ExceptionHandler, 0 ResponseBodyAdvice
2026-03-20 15:34:10.691 INFO  [restartedMain] o.s.b.d.a.OptionalLiveReloadServer - LiveReload server is running on port 35729
2026-03-20 15:34:10.724 INFO  [restartedMain] o.a.coyote.http11.Http11NioProtocol - Starting ProtocolHandler ["http-nio-8080"]
2026-03-20 15:34:10.727 INFO  [restartedMain] o.s.b.w.e.tomcat.TomcatWebServer - Tomcat started on port 8080 (http) with context path '/'
2026-03-20 15:34:10.729 INFO  [restartedMain] c.g.api.GymProFitApiApplication - Started GymProFitApiApplication in 1.58 seconds (process running for 320.185)
2026-03-20 15:34:10.729 WARN  [restartedMain] o.s.c.events.SpringDocAppInitializer - SpringDoc /v3/api-docs endpoint is enabled by default. To disable it in production, set the property 'springdoc.api-docs.enabled=false'
2026-03-20 15:34:10.729 WARN  [restartedMain] o.s.c.events.SpringDocAppInitializer - SpringDoc /swagger-ui.html endpoint is enabled by default. To disable it in production, set the property 'springdoc.swagger-ui.enabled=false'
2026-03-20 15:34:10.729 INFO  [restartedMain] o.s.b.d.a.ConditionEvaluationDeltaLoggingListener - Condition evaluation unchanged
2026-03-20 15:34:34.491 INFO  [SpringApplicationShutdownHook] o.s.b.w.e.tomcat.GracefulShutdown - Commencing graceful shutdown. Waiting for active requests to complete
2026-03-20 15:34:34.493 INFO  [tomcat-shutdown] o.s.b.w.e.tomcat.GracefulShutdown - Graceful shutdown complete
2026-03-20 15:34:34.495 INFO  [SpringApplicationShutdownHook] o.s.o.j.LocalContainerEntityManagerFactoryBean - Closing JPA EntityManagerFactory for persistence unit 'default'
2026-03-20 15:34:34.495 INFO  [SpringApplicationShutdownHook] com.zaxxer.hikari.HikariDataSource - HikariPool-3 - Shutdown initiated...
2026-03-20 15:34:34.496 INFO  [SpringApplicationShutdownHook] com.zaxxer.hikari.HikariDataSource - HikariPool-3 - Shutdown completed.
